T0F18 674:706.842   SEGGER J-Link V7.86h Log File
T0F18 674:706.970   DLL Compiled: Apr 12 2023 16:04:37
T0F18 674:707.007   Logging started @ 2023-05-05 04:51
T0F18 674:707.037 - 637369.683ms
T0F18 674:718.193 JLINK_ExecCommand("Device = ATSAMD21G18A", ...). 
T0F18 674:718.581   Device "ATSAMD21G18A" selected.
T0F18 674:719.265 - 1.041ms returns 0x00
T0F18 674:754.123 JLINK_TIF_Select(JLINKARM_TIF_SWD)
T0F18 674:754.947 - 0.857ms returns 0x00
T0F18 674:755.001 JLINK_SetSpeed(4000)
T0F18 674:755.995 - 1.015ms
T0F18 674:756.037 JLINK_ResetPullsRESET(OFF)
T0F18 674:756.065 - 0.041ms
T0F18 674:756.158 JLINK_Connect()
T0F18 674:756.518   InitTarget() start
T0F18 674:756.571    J-Link Script File: Executing InitTarget()
T0F18 674:756.767   InitTarget()
T0F18 674:759.493   InitTarget() end - Took 2.88ms
T0F18 674:760.537   Found SW-DP with ID 0x0BC11477
T0F18 674:763.670   DPIDR: 0x0BC11477
T0F18 674:763.846   CoreSight SoC-400 or earlier
T0F18 674:763.879   Scanning AP map to find all available APs
T0F18 674:764.602   AP[1]: Stopped AP scan as end of AP map has been reached
T0F18 674:764.637   AP[0]: AHB-AP (IDR: 0x04770031)
T0F18 674:764.654   Iterating through AP map to find AHB-AP to use
T0F18 674:765.945   AP[0]: Core found
T0F18 674:766.003   AP[0]: AHB-AP ROM base: 0x41003000
T0F18 674:766.598   CPUID register: 0x410CC601. Implementer code: 0x41 (ARM)
T0F18 674:766.626   Found Cortex-M0 r0p1, Little endian.
T0F18 674:767.192   -- Max. mem block: 0x00002BA8
T0F18 674:768.449   CPU_ReadMem(4 bytes @ 0xE000EDF0)
T0F18 674:768.854   CPU_WriteMem(4 bytes @ 0xE000EDF0)
T0F18 674:769.737   CPU_ReadMem(4 bytes @ 0xE0002000)
T0F18 674:770.347   FPUnit: 4 code (BP) slots and 0 literal slots
T0F18 674:770.363   CPU_ReadMem(4 bytes @ 0xE000EDFC)
T0F18 674:770.709   CPU_WriteMem(4 bytes @ 0xE000EDFC)
T0F18 674:771.052   CPU_ReadMem(4 bytes @ 0xE0001000)
T0F18 674:771.477   CPU_WriteMem(4 bytes @ 0xE0001000)
T0F18 674:771.884   CoreSight components:
T0F18 674:771.913   ROMTbl[0] @ 41003000
T0F18 674:771.923   CPU_ReadMem(64 bytes @ 0x41003000)
T0F18 674:772.715   CPU_ReadMem(32 bytes @ 0xE00FFFE0)
T0F18 674:773.252   [0][0]: E00FF000 CID B105100D PID 000BB4C0 ROM Table
T0F18 674:773.269   ROMTbl[1] @ E00FF000
T0F18 674:773.278   CPU_ReadMem(64 bytes @ 0xE00FF000)
T0F18 674:774.839   CPU_ReadMem(32 bytes @ 0xE000EFE0)
T0F18 674:775.392   [1][0]: E000E000 CID B105E00D PID 000BB008 SCS
T0F18 674:775.412   CPU_ReadMem(32 bytes @ 0xE0001FE0)
T0F18 674:775.991   [1][1]: E0001000 CID B105E00D PID 000BB00A DWT
T0F18 674:776.003   CPU_ReadMem(32 bytes @ 0xE0002FE0)
T0F18 674:776.501   [1][2]: E0002000 CID B105E00D PID 000BB00B FPB
T0F18 674:776.512   CPU_ReadMem(32 bytes @ 0x41006FE0)
T0F18 674:777.041   [0][1]: 41006000 CID B105900D PID 001BB932 MTB-M0+
T0F18 674:777.060 - 20.905ms returns 0x00
T0F18 674:777.105 JLINK_ExecCommand("ExcludeFlashCacheRange 0x0 - 0x40000", ...). 
T0F18 674:777.117 - 0.004ms returns 0x00
T0F18 674:777.132 JLINK_Halt()
T0F18 674:780.394 - 3.329ms returns 0x00
T0F18 674:782.440 JLINK_JTAG_GetDeviceID(DeviceIndex = 0)
T0F18 674:782.469 - 0.034ms returns 0
T0F18 674:782.483 JLINK_ReadMemU32(0x41002018, 0x1 Items)
T0F18 674:782.505   CPU_ReadMem(4 bytes @ 0x41002018)
T0F18 674:782.877   Data:  05 03 01 10
T0F18 674:782.900 - 0.421ms returns 1 (0x1)
T3868 674:795.885 JLINK_IsHalted()
T3868 674:809.569 - 13.716ms returns TRUE
T3868 674:809.624 JLINK_GetMOEs(...)
T3868 674:809.642   CPU_ReadMem(4 bytes @ 0xE000ED30)
T3868 674:810.637 - 1.037ms returns 0x01
T3868 674:810.677 JLINK_ReadReg(R15 (PC))
T3868 674:810.691 - 0.019ms returns 0x00018CCC
T0F18 674:981.005 JLINK_BeginDownload(Flags = 0x00000000)
T0F18 674:981.033 - 0.032ms
T0F18 674:981.062 JLINK_WriteMem(0x00012000, 0x27D8C Bytes, ...)
T0F18 674:981.070   Data:  58 7C 00 20 29 A1 02 00 21 A2 02 00 21 A2 02 00 ...
T0F18 674:981.397   completely In flash
T0F18 674:981.425 - 0.366ms returns 0x27D8C
T0F18 674:982.624 JLINK_WriteMem(0x00039D8C, 0x2F0 Bytes, ...)
T0F18 674:982.640   Data:  00 00 00 00 D0 59 03 00 06 07 20 7D 00 00 00 00 ...
T0F18 674:983.178   completely In flash
T0F18 674:983.189 - 0.568ms returns 0x2F0
T3868 675:020.088 JLINK_IsHalted()
T3868 675:020.123 - 0.039ms returns TRUE
T3868 675:230.109 JLINK_IsHalted()
T3868 675:230.124 - 0.016ms returns TRUE
T0F18 675:230.776 JLINK_EndDownload()
T0F18 675:231.193   CPU_ReadMem(4 bytes @ 0x41006004)
T0F18 675:231.613   CPU_ReadMem(4 bytes @ 0xE000ED90)
T0F18 675:232.152    -- --------------------------------------
T0F18 675:232.166   Flash bank @ 0x00000000: Default: L2 verify disabled because algorithm performs L1 verify
T0F18 675:232.171    -- Start of determining dirty areas in flash cache
T0F18 675:232.187    -- Filling invalid ranges in sector buffer (flash cache) for sector @ 0x00012000 if necessary
T0F18 675:232.192    -- Filling invalid ranges in sector buffer (flash cache) for sector @ 0x00012100 if necessary
T0F18 675:232.197    -- Filling invalid ranges in sector buffer (flash cache) for sector @ 0x00012200 if necessary
T0F18 675:232.203    -- Filling invalid ranges in sector buffer (flash cache) for sector @ 0x00012300 if necessary
T0F18 675:232.208    -- Filling invalid ranges in sector buffer (flash cache) for sector @ 0x00012400 if necessary
T0F18 675:232.213    -- Filling invalid ranges in sector buffer (flash cache) for sector @ 0x00012500 if necessary
T0F18 675:232.218    -- Filling invalid ranges in sector buffer (flash cache) for sector @ 0x00012600 if necessary
T0F18 675:232.223    -- Filling invalid ranges in sector buffer (flash cache) for sector @ 0x00012700 if necessary
T0F18 675:232.228    -- Filling invalid ranges in sector buffer (flash cache) for sector @ 0x00012800 if necessary
T0F18 675:232.233    -- Filling invalid ranges in sector buffer (flash cache) for sector @ 0x00012900 if necessary
T0F18 675:232.238    -- Filling invalid ranges in sector buffer (flash cache) for sector @ 0x00012A00 if necessary
T0F18 675:232.243    -- Filling invalid ranges in sector buffer (flash cache) for sector @ 0x00012B00 if necessary
T0F18 675:232.249    -- Filling invalid ranges in sector buffer (flash cache) for sector @ 0x00012C00 if necessary
T0F18 675:232.254    -- Filling invalid ranges in sector buffer (flash cache) for sector @ 0x00012D00 if necessary
T0F18 675:232.259    -- Filling invalid ranges in sector buffer (flash cache) for sector @ 0x00012E00 if necessary
T0F18 675:232.264    -- Filling invalid ranges in sector buffer (flash cache) for sector @ 0x00012F00 if necessary
T0F18 675:232.269    -- Filling invalid ranges in sector buffer (flash cache) for sector @ 0x00013000 if necessary
T0F18 675:232.274    -- Filling invalid ranges in sector buffer (flash cache) for sector @ 0x00013100 if necessary
T0F18 675:232.279    -- Filling invalid ranges in sector buffer (flash cache) for sector @ 0x00013200 if necessary
T0F18 675:232.284    -- Filling invalid ranges in sector buffer (flash cache) for sector @ 0x00013300 if necessary
T0F18 675:232.289    -- Filling invalid ranges in sector buffer (flash cache) for sector @ 0x00013400 if necessary
T0F18 675:232.294    -- Filling invalid ranges in sector buffer (flash cache) for sector @ 0x00013500 if necessary
T0F18 675:232.299    -- Filling invalid ranges in sector buffer (flash cache) for sector @ 0x00013600 if necessary
T0F18 675:232.304    -- Filling invalid ranges in sector buffer (flash cache) for sector @ 0x00013700 if necessary
T0F18 675:232.309    -- Filling invalid ranges in sector buffer (flash cache) for sector @ 0x00013800 if necessary
T0F18 675:232.314    -- Filling invalid ranges in sector buffer (flash cache) for sector @ 0x00013900 if necessary
T0F18 675:232.319    -- Filling invalid ranges in sector buffer (flash cache) for sector @ 0x00013A00 if necessary
T0F18 675:232.324    -- Filling invalid ranges in sector buffer (flash cache) for sector @ 0x00013B00 if necessary
T0F18 675:232.329    -- Filling invalid ranges in sector buffer (flash cache) for sector @ 0x00013C00 if necessary
T0F18 675:232.334    -- Filling invalid ranges in sector buffer (flash cache) for sector @ 0x00013D00 if necessary
T0F18 675:232.373    -- Filling invalid ranges in sector buffer (flash cache) for sector @ 0x00013E00 if necessary
T0F18 675:232.378    -- Filling invalid ranges in sector buffer (flash cache) for sector @ 0x00013F00 if necessary
T0F18 675:232.383    -- Filling invalid ranges in sector buffer (flash cache) for sector @ 0x00014000 if necessary
T0F18 675:232.388    -- Filling invalid ranges in sector buffer (flash cache) for sector @ 0x00014100 if necessary
T0F18 675:232.394    -- Filling invalid ranges in sector buffer (flash cache) for sector @ 0x00014200 if necessary
T0F18 675:232.399    -- Filling invalid ranges in sector buffer (flash cache) for sector @ 0x00014300 if necessary
T0F18 675:232.404    -- Filling invalid ranges in sector buffer (flash cache) for sector @ 0x00014400 if necessary
T0F18 675:232.409    -- Filling invalid ranges in sector buffer (flash cache) for sector @ 0x00014500 if necessary
T0F18 675:232.414    -- Filling invalid ranges in sector buffer (flash cache) for sector @ 0x00014600 if necessary
T0F18 675:232.419    -- Filling invalid ranges in sector buffer (flash cache) for sector @ 0x00014700 if necessary
T0F18 675:232.424    -- Filling invalid ranges in sector buffer (flash cache) for sector @ 0x00014800 if necessary
T0F18 675:232.429    -- Filling invalid ranges in sector buffer (flash cache) for sector @ 0x00014900 if necessary
T0F18 675:232.434    -- Filling invalid ranges in sector buffer (flash cache) for sector @ 0x00014A00 if necessary
T0F18 675:232.439    -- Filling invalid ranges in sector buffer (flash cache) for sector @ 0x00014B00 if necessary
T0F18 675:232.444    -- Filling invalid ranges in sector buffer (flash cache) for sector @ 0x00014C00 if necessary
T0F18 675:232.450    -- Filling invalid ranges in sector buffer (flash cache) for sector @ 0x00014D00 if necessary
T0F18 675:232.455    -- Filling invalid ranges in sector buffer (flash cache) for sector @ 0x00014E00 if necessary
T0F18 675:232.460    -- Filling invalid ranges in sector buffer (flash cache) for sector @ 0x00014F00 if necessary
T0F18 675:232.465    -- Filling invalid ranges in sector buffer (flash cache) for sector @ 0x00015000 if necessary
T0F18 675:232.470    -- Filling invalid ranges in sector buffer (flash cache) for sector @ 0x00015100 if necessary
T0F18 675:232.475    -- Filling invalid ranges in sector buffer (flash cache) for sector @ 0x00015200 if necessary
T0F18 675:232.480    -- Filling invalid ranges in sector buffer (flash cache) for sector @ 0x00015300 if necessary
T0F18 675:232.485    -- Filling invalid ranges in sector buffer (flash cache) for sector @ 0x00015400 if necessary
T0F18 675:232.490    -- Filling invalid ranges in sector buffer (flash cache) for sector @ 0x00015500 if necessary
T0F18 675:232.496    -- Filling invalid ranges in sector buffer (flash cache) for sector @ 0x00015600 if necessary
T0F18 675:232.501    -- Filling invalid ranges in sector buffer (flash cache) for sector @ 0x00015700 if necessary
T0F18 675:232.506    -- Filling invalid ranges in sector buffer (flash cache) for sector @ 0x00015800 if necessary
T0F18 675:232.511    -- Filling invalid ranges in sector buffer (flash cache) for sector @ 0x00015900 if necessary
T0F18 675:232.516    -- Filling invalid ranges in sector buffer (flash cache) for sector @ 0x00015A00 if necessary
T0F18 675:232.521    -- Filling invalid ranges in sector buffer (flash cache) for sector @ 0x00015B00 if necessary
T0F18 675:232.526    -- Filling invalid ranges in sector buffer (flash cache) for sector @ 0x00015C00 if necessary
T0F18 675:232.531    -- Filling invalid ranges in sector buffer (flash cache) for sector @ 0x00015D00 if necessary
T0F18 675:232.536    -- Filling invalid ranges in sector buffer (flash cache) for sector @ 0x00015E00 if necessary
T0F18 675:232.541    -- Filling invalid ranges in sector buffer (flash cache) for sector @ 0x00015F00 if necessary
T0F18 675:232.546    -- Filling invalid ranges in sector buffer (flash cache) for sector @ 0x00016000 if necessary
T0F18 675:232.552    -- Filling invalid ranges in sector buffer (flash cache) for sector @ 0x00016100 if necessary
T0F18 675:232.558    -- Filling invalid ranges in sector buffer (flash cache) for sector @ 0x00016200 if necessary
T0F18 675:232.563    -- Filling invalid ranges in sector buffer (flash cache) for sector @ 0x00016300 if necessary
T0F18 675:232.568    -- Filling invalid ranges in sector buffer (flash cache) for sector @ 0x00016400 if necessary
T0F18 675:232.580    -- Filling invalid ranges in sector buffer (flash cache) for sector @ 0x00016500 if necessary
T0F18 675:232.585    -- Filling invalid ranges in sector buffer (flash cache) for sector @ 0x00016600 if necessary
T0F18 675:232.590    -- Filling invalid ranges in sector buffer (flash cache) for sector @ 0x00016700 if necessary
T0F18 675:232.595    -- Filling invalid ranges in sector buffer (flash cache) for sector @ 0x00016800 if necessary
T0F18 675:232.600    -- Filling invalid ranges in sector buffer (flash cache) for sector @ 0x00016900 if necessary
T0F18 675:232.606    -- Filling invalid ranges in sector buffer (flash cache) for sector @ 0x00016A00 if necessary
T0F18 675:232.611    -- Filling invalid ranges in sector buffer (flash cache) for sector @ 0x00016B00 if necessary
T0F18 675:232.616    -- Filling invalid ranges in sector buffer (flash cache) for sector @ 0x00016C00 if necessary
T0F18 675:232.621    -- Filling invalid ranges in sector buffer (flash cache) for sector @ 0x00016D00 if necessary
T0F18 675:232.626    -- Filling invalid ranges in sector buffer (flash cache) for sector @ 0x00016E00 if necessary
T0F18 675:232.631    -- Filling invalid ranges in sector buffer (flash cache) for sector @ 0x00016F00 if necessary
T0F18 675:232.636    -- Filling invalid ranges in sector buffer (flash cache) for sector @ 0x00017000 if necessary
T0F18 675:232.641    -- Filling invalid ranges in sector buffer (flash cache) for sector @ 0x00017100 if necessary
T0F18 675:232.646    -- Filling invalid ranges in sector buffer (flash cache) for sector @ 0x00017200 if necessary
T0F18 675:232.651    -- Filling invalid ranges in sector buffer (flash cache) for sector @ 0x00017300 if necessary
T0F18 675:232.657    -- Filling invalid ranges in sector buffer (flash cache) for sector @ 0x00017400 if necessary
T0F18 675:232.662    -- Filling invalid ranges in sector buffer (flash cache) for sector @ 0x00017500 if necessary
T0F18 675:232.667    -- Filling invalid ranges in sector buffer (flash cache) for sector @ 0x00017600 if necessary
T0F18 675:232.672    -- Filling invalid ranges in sector buffer (flash cache) for sector @ 0x00017700 if necessary
T0F18 675:232.677    -- Filling invalid ranges in sector buffer (flash cache) for sector @ 0x00017800 if necessary
T0F18 675:232.682    -- Filling invalid ranges in sector buffer (flash cache) for sector @ 0x00017900 if necessary
T0F18 675:232.687    -- Filling invalid ranges in sector buffer (flash cache) for sector @ 0x00017A00 if necessary
T0F18 675:232.692    -- Filling invalid ranges in sector buffer (flash cache) for sector @ 0x00017B00 if necessary
T0F18 675:232.697    -- Filling invalid ranges in sector buffer (flash cache) for sector @ 0x00017C00 if necessary
T0F18 675:232.702    -- Filling invalid ranges in sector buffer (flash cache) for sector @ 0x00017D00 if necessary
T0F18 675:232.707    -- Filling invalid ranges in sector buffer (flash cache) for sector @ 0x00017E00 if necessary
T0F18 675:232.712    -- Filling invalid ranges in sector buffer (flash cache) for sector @ 0x00017F00 if necessary
T0F18 675:232.717    -- Filling invalid ranges in sector buffer (flash cache) for sector @ 0x00018000 if necessary
T0F18 675:232.722    -- Filling invalid ranges in sector buffer (flash cache) for sector @ 0x00018100 if necessary
T0F18 675:232.728    -- Filling invalid ranges in sector buffer (flash cache) for sector @ 0x00018200 if necessary
T0F18 675:232.733    -- Filling invalid ranges in sector buffer (flash cache) for sector @ 0x00018300 if necessary
T0F18 675:232.738    -- Filling invalid ranges in sector buffer (flash cache) for sector @ 0x00018400 if necessary
T0F18 675:232.754    -- Filling invalid ranges in sector buffer (flash cache) for sector @ 0x00018500 if necessary
T0F18 675:232.759    -- Filling invalid ranges in sector buffer (flash cache) for sector @ 0x00018600 if necessary
T0F18 675:232.764    -- Filling invalid ranges in sector buffer (flash cache) for sector @ 0x00018700 if necessary
T0F18 675:232.769    -- Filling invalid ranges in sector buffer (flash cache) for sector @ 0x00018800 if necessary
T0F18 675:232.774    -- Filling invalid ranges in sector buffer (flash cache) for sector @ 0x00018900 if necessary
T0F18 675:232.779    -- Filling invalid ranges in sector buffer (flash cache) for sector @ 0x00018A00 if necessary
T0F18 675:232.784    -- Filling invalid ranges in sector buffer (flash cache) for sector @ 0x00018B00 if necessary
T0F18 675:232.789    -- Filling invalid ranges in sector buffer (flash cache) for sector @ 0x00018C00 if necessary
T0F18 675:232.794    -- Filling invalid ranges in sector buffer (flash cache) for sector @ 0x00018D00 if necessary
T0F18 675:232.808    -- Filling invalid ranges in sector buffer (flash cache) for sector @ 0x00018E00 if necessary
T0F18 675:232.813    -- Filling invalid ranges in sector buffer (flash cache) for sector @ 0x00018F00 if necessary
T0F18 675:232.818    -- Filling invalid ranges in sector buffer (flash cache) for sector @ 0x00019000 if necessary
T0F18 675:232.823    -- Filling invalid ranges in sector buffer (flash cache) for sector @ 0x00019100 if necessary
T0F18 675:232.828    -- Filling invalid ranges in sector buffer (flash cache) for sector @ 0x00019200 if necessary
T0F18 675:232.833    -- Filling invalid ranges in sector buffer (flash cache) for sector @ 0x00019300 if necessary
T0F18 675:232.838    -- Filling invalid ranges in sector buffer (flash cache) for sector @ 0x00019400 if necessary
T0F18 675:232.843    -- Filling invalid ranges in sector buffer (flash cache) for sector @ 0x00019500 if necessary
T0F18 675:232.848    -- Filling invalid ranges in sector buffer (flash cache) for sector @ 0x00019600 if necessary
T0F18 675:232.854    -- Filling invalid ranges in sector buffer (flash cache) for sector @ 0x00019700 if necessary
T0F18 675:232.859    -- Filling invalid ranges in sector buffer (flash cache) for sector @ 0x00019800 if necessary
T0F18 675:232.864    -- Filling invalid ranges in sector buffer (flash cache) for sector @ 0x00019900 if necessary
T0F18 675:232.869    -- Filling invalid ranges in sector buffer (flash cache) for sector @ 0x00019A00 if necessary
T0F18 675:232.874    -- Filling invalid ranges in sector buffer (flash cache) for sector @ 0x00019B00 if necessary
T0F18 675:232.879    -- Filling invalid ranges in sector buffer (flash cache) for sector @ 0x00019C00 if necessary
T0F18 675:232.884    -- Filling invalid ranges in sector buffer (flash cache) for sector @ 0x00019D00 if necessary
T0F18 675:232.889    -- Filling invalid ranges in sector buffer (flash cache) for sector @ 0x00019E00 if necessary
T0F18 675:232.894    -- Filling invalid ranges in sector buffer (flash cache) for sector @ 0x00019F00 if necessary
T0F18 675:232.899    -- Filling invalid ranges in sector buffer (flash cache) for sector @ 0x0001A000 if necessary
T0F18 675:232.905    -- Filling invalid ranges in sector buffer (flash cache) for sector @ 0x0001A100 if necessary
T0F18 675:232.910    -- Filling invalid ranges in sector buffer (flash cache) for sector @ 0x0001A200 if necessary
T0F18 675:232.915    -- Filling invalid ranges in sector buffer (flash cache) for sector @ 0x0001A300 if necessary
T0F18 675:232.920    -- Filling invalid ranges in sector buffer (flash cache) for sector @ 0x0001A400 if necessary
T0F18 675:232.925    -- Filling invalid ranges in sector buffer (flash cache) for sector @ 0x0001A500 if necessary
T0F18 675:232.930    -- Filling invalid ranges in sector buffer (flash cache) for sector @ 0x0001A600 if necessary
T0F18 675:232.935    -- Filling invalid ranges in sector buffer (flash cache) for sector @ 0x0001A700 if necessary
T0F18 675:232.942    -- Filling invalid ranges in sector buffer (flash cache) for sector @ 0x0001A800 if necessary
T0F18 675:232.947    -- Filling invalid ranges in sector buffer (flash cache) for sector @ 0x0001A900 if necessary
T0F18 675:232.952    -- Filling invalid ranges in sector buffer (flash cache) for sector @ 0x0001AA00 if necessary
T0F18 675:232.957    -- Filling invalid ranges in sector buffer (flash cache) for sector @ 0x0001AB00 if necessary
T0F18 675:232.962    -- Filling invalid ranges in sector buffer (flash cache) for sector @ 0x0001AC00 if necessary
T0F18 675:232.967    -- Filling invalid ranges in sector buffer (flash cache) for sector @ 0x0001AD00 if necessary
T0F18 675:232.972    -- Filling invalid ranges in sector buffer (flash cache) for sector @ 0x0001AE00 if necessary
T0F18 675:232.977    -- Filling invalid ranges in sector buffer (flash cache) for sector @ 0x0001AF00 if necessary
T0F18 675:232.983    -- Filling invalid ranges in sector buffer (flash cache) for sector @ 0x0001B000 if necessary
T0F18 675:232.988    -- Filling invalid ranges in sector buffer (flash cache) for sector @ 0x0001B100 if necessary
T0F18 675:232.993    -- Filling invalid ranges in sector buffer (flash cache) for sector @ 0x0001B200 if necessary
T0F18 675:232.998    -- Filling invalid ranges in sector buffer (flash cache) for sector @ 0x0001B300 if necessary
T0F18 675:233.003    -- Filling invalid ranges in sector buffer (flash cache) for sector @ 0x0001B400 if necessary
T0F18 675:233.008    -- Filling invalid ranges in sector buffer (flash cache) for sector @ 0x0001B500 if necessary
T0F18 675:233.018    -- Filling invalid ranges in sector buffer (flash cache) for sector @ 0x0001B600 if necessary
T0F18 675:233.023    -- Filling invalid ranges in sector buffer (flash cache) for sector @ 0x0001B700 if necessary
T0F18 675:233.028    -- Filling invalid ranges in sector buffer (flash cache) for sector @ 0x0001B800 if necessary
T0F18 675:233.033    -- Filling invalid ranges in sector buffer (flash cache) for sector @ 0x0001B900 if necessary
T0F18 675:233.038    -- Filling invalid ranges in sector buffer (flash cache) for sector @ 0x0001BA00 if necessary
T0F18 675:233.044    -- Filling invalid ranges in sector buffer (flash cache) for sector @ 0x0001BB00 if necessary
T0F18 675:233.049    -- Filling invalid ranges in sector buffer (flash cache) for sector @ 0x0001BC00 if necessary
T0F18 675:233.054    -- Filling invalid ranges in sector buffer (flash cache) for sector @ 0x0001BD00 if necessary
T0F18 675:233.059    -- Filling invalid ranges in sector buffer (flash cache) for sector @ 0x0001BE00 if necessary
T0F18 675:233.064    -- Filling invalid ranges in sector buffer (flash cache) for sector @ 0x0001BF00 if necessary
T0F18 675:233.069    -- Filling invalid ranges in sector buffer (flash cache) for sector @ 0x0001C000 if necessary
T0F18 675:233.074    -- Filling invalid ranges in sector buffer (flash cache) for sector @ 0x0001C100 if necessary
T0F18 675:233.079    -- Filling invalid ranges in sector buffer (flash cache) for sector @ 0x0001C200 if necessary
T0F18 675:233.084    -- Filling invalid ranges in sector buffer (flash cache) for sector @ 0x0001C300 if necessary
T0F18 675:233.089    -- Filling invalid ranges in sector buffer (flash cache) for sector @ 0x0001C400 if necessary
T0F18 675:233.095    -- Filling invalid ranges in sector buffer (flash cache) for sector @ 0x0001C500 if necessary
T0F18 675:233.100    -- Filling invalid ranges in sector buffer (flash cache) for sector @ 0x0001C600 if necessary
T0F18 675:233.105    -- Filling invalid ranges in sector buffer (flash cache) for sector @ 0x0001C700 if necessary
T0F18 675:233.110    -- Filling invalid ranges in sector buffer (flash cache) for sector @ 0x0001C800 if necessary
T0F18 675:233.115    -- Filling invalid ranges in sector buffer (flash cache) for sector @ 0x0001C900 if necessary
T0F18 675:233.120    -- Filling invalid ranges in sector buffer (flash cache) for sector @ 0x0001CA00 if necessary
T0F18 675:233.126    -- Filling invalid ranges in sector buffer (flash cache) for sector @ 0x0001CB00 if necessary
T0F18 675:233.131    -- Filling invalid ranges in sector buffer (flash cache) for sector @ 0x0001CC00 if necessary
T0F18 675:233.136    -- Filling invalid ranges in sector buffer (flash cache) for sector @ 0x0001CD00 if necessary
T0F18 675:233.141    -- Filling invalid ranges in sector buffer (flash cache) for sector @ 0x0001CE00 if necessary
T0F18 675:233.146    -- Filling invalid ranges in sector buffer (flash cache) for sector @ 0x0001CF00 if necessary
T0F18 675:233.152    -- Filling invalid ranges in sector buffer (flash cache) for sector @ 0x0001D000 if necessary
T0F18 675:233.157    -- Filling invalid ranges in sector buffer (flash cache) for sector @ 0x0001D100 if necessary
T0F18 675:233.162    -- Filling invalid ranges in sector buffer (flash cache) for sector @ 0x0001D200 if necessary
T0F18 675:233.167    -- Filling invalid ranges in sector buffer (flash cache) for sector @ 0x0001D300 if necessary
T0F18 675:233.172    -- Filling invalid ranges in sector buffer (flash cache) for sector @ 0x0001D400 if necessary
T0F18 675:233.177    -- Filling invalid ranges in sector buffer (flash cache) for sector @ 0x0001D500 if necessary
T0F18 675:233.182    -- Filling invalid ranges in sector buffer (flash cache) for sector @ 0x0001D600 if necessary
T0F18 675:233.187    -- Filling invalid ranges in sector buffer (flash cache) for sector @ 0x0001D700 if necessary
T0F18 675:233.192    -- Filling invalid ranges in sector buffer (flash cache) for sector @ 0x0001D800 if necessary
T0F18 675:233.198    -- Filling invalid ranges in sector buffer (flash cache) for sector @ 0x0001D900 if necessary
T0F18 675:233.203    -- Filling invalid ranges in sector buffer (flash cache) for sector @ 0x0001DA00 if necessary
T0F18 675:233.208    -- Filling invalid ranges in sector buffer (flash cache) for sector @ 0x0001DB00 if necessary
T0F18 675:233.213    -- Filling invalid ranges in sector buffer (flash cache) for sector @ 0x0001DC00 if necessary
T0F18 675:233.218    -- Filling invalid ranges in sector buffer (flash cache) for sector @ 0x0001DD00 if necessary
T0F18 675:233.223    -- Filling invalid ranges in sector buffer (flash cache) for sector @ 0x0001DE00 if necessary
T0F18 675:233.228    -- Filling invalid ranges in sector buffer (flash cache) for sector @ 0x0001DF00 if necessary
T0F18 675:233.234    -- Filling invalid ranges in sector buffer (flash cache) for sector @ 0x0001E000 if necessary
T0F18 675:233.239    -- Filling invalid ranges in sector buffer (flash cache) for sector @ 0x0001E100 if necessary
T0F18 675:233.244    -- Filling invalid ranges in sector buffer (flash cache) for sector @ 0x0001E200 if necessary
T0F18 675:233.249    -- Filling invalid ranges in sector buffer (flash cache) for sector @ 0x0001E300 if necessary
T0F18 675:233.254    -- Filling invalid ranges in sector buffer (flash cache) for sector @ 0x0001E400 if necessary
T0F18 675:233.259    -- Filling invalid ranges in sector buffer (flash cache) for sector @ 0x0001E500 if necessary
T0F18 675:233.264    -- Filling invalid ranges in sector buffer (flash cache) for sector @ 0x0001E600 if necessary
T0F18 675:233.269    -- Filling invalid ranges in sector buffer (flash cache) for sector @ 0x0001E700 if necessary
T0F18 675:233.274    -- Filling invalid ranges in sector buffer (flash cache) for sector @ 0x0001E800 if necessary
T0F18 675:233.280    -- Filling invalid ranges in sector buffer (flash cache) for sector @ 0x0001E900 if necessary
T0F18 675:233.285    -- Filling invalid ranges in sector buffer (flash cache) for sector @ 0x0001EA00 if necessary
T0F18 675:233.290    -- Filling invalid ranges in sector buffer (flash cache) for sector @ 0x0001EB00 if necessary
T0F18 675:233.295    -- Filling invalid ranges in sector buffer (flash cache) for sector @ 0x0001EC00 if necessary
T0F18 675:233.300    -- Filling invalid ranges in sector buffer (flash cache) for sector @ 0x0001ED00 if necessary
T0F18 675:233.305    -- Filling invalid ranges in sector buffer (flash cache) for sector @ 0x0001EE00 if necessary
T0F18 675:233.311    -- Filling invalid ranges in sector buffer (flash cache) for sector @ 0x0001EF00 if necessary
T0F18 675:233.316    -- Filling invalid ranges in sector buffer (flash cache) for sector @ 0x0001F000 if necessary
T0F18 675:233.321    -- Filling invalid ranges in sector buffer (flash cache) for sector @ 0x0001F100 if necessary
T0F18 675:233.326    -- Filling invalid ranges in sector buffer (flash cache) for sector @ 0x0001F200 if necessary
T0F18 675:233.331    -- Filling invalid ranges in sector buffer (flash cache) for sector @ 0x0001F300 if necessary
T0F18 675:233.336    -- Filling invalid ranges in sector buffer (flash cache) for sector @ 0x0001F400 if necessary
T0F18 675:233.341    -- Filling invalid ranges in sector buffer (flash cache) for sector @ 0x0001F500 if necessary
T0F18 675:233.346    -- Filling invalid ranges in sector buffer (flash cache) for sector @ 0x0001F600 if necessary
T0F18 675:233.351    -- Filling invalid ranges in sector buffer (flash cache) for sector @ 0x0001F700 if necessary
T0F18 675:233.356    -- Filling invalid ranges in sector buffer (flash cache) for sector @ 0x0001F800 if necessary
T0F18 675:233.361    -- Filling invalid ranges in sector buffer (flash cache) for sector @ 0x0001F900 if necessary
T0F18 675:233.366    -- Filling invalid ranges in sector buffer (flash cache) for sector @ 0x0001FA00 if necessary
T0F18 675:233.372    -- Filling invalid ranges in sector buffer (flash cache) for sector @ 0x0001FB00 if necessary
T0F18 675:233.377    -- Filling invalid ranges in sector buffer (flash cache) for sector @ 0x0001FC00 if necessary
T0F18 675:233.382    -- Filling invalid ranges in sector buffer (flash cache) for sector @ 0x0001FD00 if necessary
T0F18 675:233.387    -- Filling invalid ranges in sector buffer (flash cache) for sector @ 0x0001FE00 if necessary
T0F18 675:233.392    -- Filling invalid ranges in sector buffer (flash cache) for sector @ 0x0001FF00 if necessary
T0F18 675:233.397    -- Filling invalid ranges in sector buffer (flash cache) for sector @ 0x00020000 if necessary
T0F18 675:233.402    -- Filling invalid ranges in sector buffer (flash cache) for sector @ 0x00020100 if necessary
T0F18 675:233.407    -- Filling invalid ranges in sector buffer (flash cache) for sector @ 0x00020200 if necessary
T0F18 675:233.412    -- Filling invalid ranges in sector buffer (flash cache) for sector @ 0x00020300 if necessary
T0F18 675:233.417    -- Filling invalid ranges in sector buffer (flash cache) for sector @ 0x00020400 if necessary
T0F18 675:233.422    -- Filling invalid ranges in sector buffer (flash cache) for sector @ 0x00020500 if necessary
T0F18 675:233.427    -- Filling invalid ranges in sector buffer (flash cache) for sector @ 0x00020600 if necessary
T0F18 675:233.437    -- Filling invalid ranges in sector buffer (flash cache) for sector @ 0x00020700 if necessary
T0F18 675:233.442    -- Filling invalid ranges in sector buffer (flash cache) for sector @ 0x00020800 if necessary
T0F18 675:233.447    -- Filling invalid ranges in sector buffer (flash cache) for sector @ 0x00020900 if necessary
T0F18 675:233.452    -- Filling invalid ranges in sector buffer (flash cache) for sector @ 0x00020A00 if necessary
T0F18 675:233.458    -- Filling invalid ranges in sector buffer (flash cache) for sector @ 0x00020B00 if necessary
T0F18 675:233.463    -- Filling invalid ranges in sector buffer (flash cache) for sector @ 0x00020C00 if necessary
T0F18 675:233.468    -- Filling invalid ranges in sector buffer (flash cache) for sector @ 0x00020D00 if necessary
T0F18 675:233.473    -- Filling invalid ranges in sector buffer (flash cache) for sector @ 0x00020E00 if necessary
T0F18 675:233.478    -- Filling invalid ranges in sector buffer (flash cache) for sector @ 0x00020F00 if necessary
T0F18 675:233.483    -- Filling invalid ranges in sector buffer (flash cache) for sector @ 0x00021000 if necessary
T0F18 675:233.488    -- Filling invalid ranges in sector buffer (flash cache) for sector @ 0x00021100 if necessary
T0F18 675:233.505    -- Filling invalid ranges in sector buffer (flash cache) for sector @ 0x00021200 if necessary
T0F18 675:233.510    -- Filling invalid ranges in sector buffer (flash cache) for sector @ 0x00021300 if necessary
T0F18 675:233.515    -- Filling invalid ranges in sector buffer (flash cache) for sector @ 0x00021400 if necessary
T0F18 675:233.520    -- Filling invalid ranges in sector buffer (flash cache) for sector @ 0x00021500 if necessary
T0F18 675:233.525    -- Filling invalid ranges in sector buffer (flash cache) for sector @ 0x00021600 if necessary
T0F18 675:233.530    -- Filling invalid ranges in sector buffer (flash cache) for sector @ 0x00021700 if necessary
T0F18 675:233.535    -- Filling invalid ranges in sector buffer (flash cache) for sector @ 0x00021800 if necessary
T0F18 675:233.540    -- Filling invalid ranges in sector buffer (flash cache) for sector @ 0x00021900 if necessary
T0F18 675:233.545    -- Filling invalid ranges in sector buffer (flash cache) for sector @ 0x00021A00 if necessary
T0F18 675:233.550    -- Filling invalid ranges in sector buffer (flash cache) for sector @ 0x00021B00 if necessary
T0F18 675:233.555    -- Filling invalid ranges in sector buffer (flash cache) for sector @ 0x00021C00 if necessary
T0F18 675:233.560    -- Filling invalid ranges in sector buffer (flash cache) for sector @ 0x00021D00 if necessary
T0F18 675:233.565    -- Filling invalid ranges in sector buffer (flash cache) for sector @ 0x00021E00 if necessary
T0F18 675:233.570    -- Filling invalid ranges in sector buffer (flash cache) for sector @ 0x00021F00 if necessary
T0F18 675:233.575    -- Filling invalid ranges in sector buffer (flash cache) for sector @ 0x00022000 if necessary
T0F18 675:233.580    -- Filling invalid ranges in sector buffer (flash cache) for sector @ 0x00022100 if necessary
T0F18 675:233.585    -- Filling invalid ranges in sector buffer (flash cache) for sector @ 0x00022200 if necessary
T0F18 675:233.591    -- Filling invalid ranges in sector buffer (flash cache) for sector @ 0x00022300 if necessary
T0F18 675:233.596    -- Filling invalid ranges in sector buffer (flash cache) for sector @ 0x00022400 if necessary
T0F18 675:233.601    -- Filling invalid ranges in sector buffer (flash cache) for sector @ 0x00022500 if necessary
T0F18 675:233.606    -- Filling invalid ranges in sector buffer (flash cache) for sector @ 0x00022600 if necessary
T0F18 675:233.611    -- Filling invalid ranges in sector buffer (flash cache) for sector @ 0x00022700 if necessary
T0F18 675:233.616    -- Filling invalid ranges in sector buffer (flash cache) for sector @ 0x00022800 if necessary
T0F18 675:233.621    -- Filling invalid ranges in sector buffer (flash cache) for sector @ 0x00022900 if necessary
T0F18 675:233.626    -- Filling invalid ranges in sector buffer (flash cache) for sector @ 0x00022A00 if necessary
T0F18 675:233.631    -- Filling invalid ranges in sector buffer (flash cache) for sector @ 0x00022B00 if necessary
T0F18 675:233.636    -- Filling invalid ranges in sector buffer (flash cache) for sector @ 0x00022C00 if necessary
T0F18 675:233.641    -- Filling invalid ranges in sector buffer (flash cache) for sector @ 0x00022D00 if necessary
T0F18 675:233.646    -- Filling invalid ranges in sector buffer (flash cache) for sector @ 0x00022E00 if necessary
T0F18 675:233.651    -- Filling invalid ranges in sector buffer (flash cache) for sector @ 0x00022F00 if necessary
T0F18 675:233.656    -- Filling invalid ranges in sector buffer (flash cache) for sector @ 0x00023000 if necessary
T0F18 675:233.661    -- Filling invalid ranges in sector buffer (flash cache) for sector @ 0x00023100 if necessary
T0F18 675:233.666    -- Filling invalid ranges in sector buffer (flash cache) for sector @ 0x00023200 if necessary
T0F18 675:233.671    -- Filling invalid ranges in sector buffer (flash cache) for sector @ 0x00023300 if necessary
T0F18 675:233.676    -- Filling invalid ranges in sector buffer (flash cache) for sector @ 0x00023400 if necessary
T0F18 675:233.682    -- Filling invalid ranges in sector buffer (flash cache) for sector @ 0x00023500 if necessary
T0F18 675:233.687    -- Filling invalid ranges in sector buffer (flash cache) for sector @ 0x00023600 if necessary
T0F18 675:233.692    -- Filling invalid ranges in sector buffer (flash cache) for sector @ 0x00023700 if necessary
T0F18 675:233.696    -- Filling invalid ranges in sector buffer (flash cache) for sector @ 0x00023800 if necessary
T0F18 675:233.702    -- Filling invalid ranges in sector buffer (flash cache) for sector @ 0x00023900 if necessary
T0F18 675:233.707    -- Filling invalid ranges in sector buffer (flash cache) for sector @ 0x00023A00 if necessary
T0F18 675:233.712    -- Filling invalid ranges in sector buffer (flash cache) for sector @ 0x00023B00 if necessary
T0F18 675:233.717    -- Filling invalid ranges in sector buffer (flash cache) for sector @ 0x00023C00 if necessary
T0F18 675:233.722    -- Filling invalid ranges in sector buffer (flash cache) for sector @ 0x00023D00 if necessary
T0F18 675:233.727    -- Filling invalid ranges in sector buffer (flash cache) for sector @ 0x00023E00 if necessary
T0F18 675:233.732    -- Filling invalid ranges in sector buffer (flash cache) for sector @ 0x00023F00 if necessary
T0F18 675:233.737    -- Filling invalid ranges in sector buffer (flash cache) for sector @ 0x00024000 if necessary
T0F18 675:233.742    -- Filling invalid ranges in sector buffer (flash cache) for sector @ 0x00024100 if necessary
T0F18 675:233.747    -- Filling invalid ranges in sector buffer (flash cache) for sector @ 0x00024200 if necessary
T0F18 675:233.752    -- Filling invalid ranges in sector buffer (flash cache) for sector @ 0x00024300 if necessary
T0F18 675:233.757    -- Filling invalid ranges in sector buffer (flash cache) for sector @ 0x00024400 if necessary
T0F18 675:233.762    -- Filling invalid ranges in sector buffer (flash cache) for sector @ 0x00024500 if necessary
T0F18 675:233.767    -- Filling invalid ranges in sector buffer (flash cache) for sector @ 0x00024600 if necessary
T0F18 675:233.772    -- Filling invalid ranges in sector buffer (flash cache) for sector @ 0x00024700 if necessary
T0F18 675:233.777    -- Filling invalid ranges in sector buffer (flash cache) for sector @ 0x00024800 if necessary
T0F18 675:233.782    -- Filling invalid ranges in sector buffer (flash cache) for sector @ 0x00024900 if necessary
T0F18 675:233.787    -- Filling invalid ranges in sector buffer (flash cache) for sector @ 0x00024A00 if necessary
T0F18 675:233.792    -- Filling invalid ranges in sector buffer (flash cache) for sector @ 0x00024B00 if necessary
T0F18 675:233.802    -- Filling invalid ranges in sector buffer (flash cache) for sector @ 0x00024C00 if necessary
T0F18 675:233.808    -- Filling invalid ranges in sector buffer (flash cache) for sector @ 0x00024D00 if necessary
T0F18 675:233.813    -- Filling invalid ranges in sector buffer (flash cache) for sector @ 0x00024E00 if necessary
T0F18 675:233.818    -- Filling invalid ranges in sector buffer (flash cache) for sector @ 0x00024F00 if necessary
T0F18 675:233.823    -- Filling invalid ranges in sector buffer (flash cache) for sector @ 0x00025000 if necessary
T0F18 675:233.828    -- Filling invalid ranges in sector buffer (flash cache) for sector @ 0x00025100 if necessary
T0F18 675:233.833    -- Filling invalid ranges in sector buffer (flash cache) for sector @ 0x00025200 if necessary
T0F18 675:233.838    -- Filling invalid ranges in sector buffer (flash cache) for sector @ 0x00025300 if necessary
T0F18 675:233.843    -- Filling invalid ranges in sector buffer (flash cache) for sector @ 0x00025400 if necessary
T0F18 675:233.848    -- Filling invalid ranges in sector buffer (flash cache) for sector @ 0x00025500 if necessary
T0F18 675:233.853    -- Filling invalid ranges in sector buffer (flash cache) for sector @ 0x00025600 if necessary
T0F18 675:233.858    -- Filling invalid ranges in sector buffer (flash cache) for sector @ 0x00025700 if necessary
T0F18 675:233.869    -- Filling invalid ranges in sector buffer (flash cache) for sector @ 0x00025800 if necessary
T0F18 675:233.874    -- Filling invalid ranges in sector buffer (flash cache) for sector @ 0x00025900 if necessary
T0F18 675:233.879    -- Filling invalid ranges in sector buffer (flash cache) for sector @ 0x00025A00 if necessary
T0F18 675:233.884    -- Filling invalid ranges in sector buffer (flash cache) for sector @ 0x00025B00 if necessary
T0F18 675:233.889    -- Filling invalid ranges in sector buffer (flash cache) for sector @ 0x00025C00 if necessary
T0F18 675:233.894    -- Filling invalid ranges in sector buffer (flash cache) for sector @ 0x00025D00 if necessary
T0F18 675:233.899    -- Filling invalid ranges in sector buffer (flash cache) for sector @ 0x00025E00 if necessary
T0F18 675:233.904    -- Filling invalid ranges in sector buffer (flash cache) for sector @ 0x00025F00 if necessary
T0F18 675:233.909    -- Filling invalid ranges in sector buffer (flash cache) for sector @ 0x00026000 if necessary
T0F18 675:233.914    -- Filling invalid ranges in sector buffer (flash cache) for sector @ 0x00026100 if necessary
T0F18 675:233.919    -- Filling invalid ranges in sector buffer (flash cache) for sector @ 0x00026200 if necessary
T0F18 675:233.924    -- Filling invalid ranges in sector buffer (flash cache) for sector @ 0x00026300 if necessary
T0F18 675:233.929    -- Filling invalid ranges in sector buffer (flash cache) for sector @ 0x00026400 if necessary
T0F18 675:233.934    -- Filling invalid ranges in sector buffer (flash cache) for sector @ 0x00026500 if necessary
T0F18 675:233.939    -- Filling invalid ranges in sector buffer (flash cache) for sector @ 0x00026600 if necessary
T0F18 675:233.944    -- Filling invalid ranges in sector buffer (flash cache) for sector @ 0x00026700 if necessary
T0F18 675:233.949    -- Filling invalid ranges in sector buffer (flash cache) for sector @ 0x00026800 if necessary
T0F18 675:233.954    -- Filling invalid ranges in sector buffer (flash cache) for sector @ 0x00026900 if necessary
T0F18 675:233.959    -- Filling invalid ranges in sector buffer (flash cache) for sector @ 0x00026A00 if necessary
T0F18 675:233.964    -- Filling invalid ranges in sector buffer (flash cache) for sector @ 0x00026B00 if necessary
T0F18 675:233.969    -- Filling invalid ranges in sector buffer (flash cache) for sector @ 0x00026C00 if necessary
T0F18 675:233.974    -- Filling invalid ranges in sector buffer (flash cache) for sector @ 0x00026D00 if necessary
T0F18 675:233.979    -- Filling invalid ranges in sector buffer (flash cache) for sector @ 0x00026E00 if necessary
T0F18 675:233.984    -- Filling invalid ranges in sector buffer (flash cache) for sector @ 0x00026F00 if necessary
T0F18 675:233.989    -- Filling invalid ranges in sector buffer (flash cache) for sector @ 0x00027000 if necessary
T0F18 675:233.994    -- Filling invalid ranges in sector buffer (flash cache) for sector @ 0x00027100 if necessary
T0F18 675:233.999    -- Filling invalid ranges in sector buffer (flash cache) for sector @ 0x00027200 if necessary
T0F18 675:234.004    -- Filling invalid ranges in sector buffer (flash cache) for sector @ 0x00027300 if necessary
T0F18 675:234.009    -- Filling invalid ranges in sector buffer (flash cache) for sector @ 0x00027400 if necessary
T0F18 675:234.014    -- Filling invalid ranges in sector buffer (flash cache) for sector @ 0x00027500 if necessary
T0F18 675:234.019    -- Filling invalid ranges in sector buffer (flash cache) for sector @ 0x00027600 if necessary
T0F18 675:234.024    -- Filling invalid ranges in sector buffer (flash cache) for sector @ 0x00027700 if necessary
T0F18 675:234.029    -- Filling invalid ranges in sector buffer (flash cache) for sector @ 0x00027800 if necessary
T0F18 675:234.034    -- Filling invalid ranges in sector buffer (flash cache) for sector @ 0x00027900 if necessary
T0F18 675:234.039    -- Filling invalid ranges in sector buffer (flash cache) for sector @ 0x00027A00 if necessary
T0F18 675:234.044    -- Filling invalid ranges in sector buffer (flash cache) for sector @ 0x00027B00 if necessary
T0F18 675:234.050    -- Filling invalid ranges in sector buffer (flash cache) for sector @ 0x00027C00 if necessary
T0F18 675:234.055    -- Filling invalid ranges in sector buffer (flash cache) for sector @ 0x00027D00 if necessary
T0F18 675:234.060    -- Filling invalid ranges in sector buffer (flash cache) for sector @ 0x00027E00 if necessary
T0F18 675:234.065    -- Filling invalid ranges in sector buffer (flash cache) for sector @ 0x00027F00 if necessary
T0F18 675:234.070    -- Filling invalid ranges in sector buffer (flash cache) for sector @ 0x00028000 if necessary
T0F18 675:234.075    -- Filling invalid ranges in sector buffer (flash cache) for sector @ 0x00028100 if necessary
T0F18 675:234.080    -- Filling invalid ranges in sector buffer (flash cache) for sector @ 0x00028200 if necessary
T0F18 675:234.085    -- Filling invalid ranges in sector buffer (flash cache) for sector @ 0x00028300 if necessary
T0F18 675:234.090    -- Filling invalid ranges in sector buffer (flash cache) for sector @ 0x00028400 if necessary
T0F18 675:234.095    -- Filling invalid ranges in sector buffer (flash cache) for sector @ 0x00028500 if necessary
T0F18 675:234.100    -- Filling invalid ranges in sector buffer (flash cache) for sector @ 0x00028600 if necessary
T0F18 675:234.106    -- Filling invalid ranges in sector buffer (flash cache) for sector @ 0x00028700 if necessary
T0F18 675:234.111    -- Filling invalid ranges in sector buffer (flash cache) for sector @ 0x00028800 if necessary
T0F18 675:234.116    -- Filling invalid ranges in sector buffer (flash cache) for sector @ 0x00028900 if necessary
T0F18 675:234.121    -- Filling invalid ranges in sector buffer (flash cache) for sector @ 0x00028A00 if necessary
T0F18 675:234.126    -- Filling invalid ranges in sector buffer (flash cache) for sector @ 0x00028B00 if necessary
T0F18 675:234.131    -- Filling invalid ranges in sector buffer (flash cache) for sector @ 0x00028C00 if necessary
T0F18 675:234.136    -- Filling invalid ranges in sector buffer (flash cache) for sector @ 0x00028D00 if necessary
T0F18 675:234.141    -- Filling invalid ranges in sector buffer (flash cache) for sector @ 0x00028E00 if necessary
T0F18 675:234.146    -- Filling invalid ranges in sector buffer (flash cache) for sector @ 0x00028F00 if necessary
T0F18 675:234.151    -- Filling invalid ranges in sector buffer (flash cache) for sector @ 0x00029000 if necessary
T0F18 675:234.156    -- Filling invalid ranges in sector buffer (flash cache) for sector @ 0x00029100 if necessary
T0F18 675:234.161    -- Filling invalid ranges in sector buffer (flash cache) for sector @ 0x00029200 if necessary
T0F18 675:234.166    -- Filling invalid ranges in sector buffer (flash cache) for sector @ 0x00029300 if necessary
T0F18 675:234.171    -- Filling invalid ranges in sector buffer (flash cache) for sector @ 0x00029400 if necessary
T0F18 675:234.176    -- Filling invalid ranges in sector buffer (flash cache) for sector @ 0x00029500 if necessary
T0F18 675:234.181    -- Filling invalid ranges in sector buffer (flash cache) for sector @ 0x00029600 if necessary
T0F18 675:234.186    -- Filling invalid ranges in sector buffer (flash cache) for sector @ 0x00029700 if necessary
T0F18 675:234.195    -- Filling invalid ranges in sector buffer (flash cache) for sector @ 0x00029800 if necessary
T0F18 675:234.200    -- Filling invalid ranges in sector buffer (flash cache) for sector @ 0x00029900 if necessary
T0F18 675:234.206    -- Filling invalid ranges in sector buffer (flash cache) for sector @ 0x00029A00 if necessary
T0F18 675:234.211    -- Filling invalid ranges in sector buffer (flash cache) for sector @ 0x00029B00 if necessary
T0F18 675:234.217    -- Filling invalid ranges in sector buffer (flash cache) for sector @ 0x00029C00 if necessary
T0F18 675:234.222    -- Filling invalid ranges in sector buffer (flash cache) for sector @ 0x00029D00 if necessary
T0F18 675:234.228    -- Filling invalid ranges in sector buffer (flash cache) for sector @ 0x00029E00 if necessary
T0F18 675:234.234    -- Filling invalid ranges in sector buffer (flash cache) for sector @ 0x00029F00 if necessary
T0F18 675:234.240    -- Filling invalid ranges in sector buffer (flash cache) for sector @ 0x0002A000 if necessary
T0F18 675:234.245    -- Filling invalid ranges in sector buffer (flash cache) for sector @ 0x0002A100 if necessary
T0F18 675:234.251    -- Filling invalid ranges in sector buffer (flash cache) for sector @ 0x0002A200 if necessary
T0F18 675:234.256    -- Filling invalid ranges in sector buffer (flash cache) for sector @ 0x0002A300 if necessary
T0F18 675:234.262    -- Filling invalid ranges in sector buffer (flash cache) for sector @ 0x0002A400 if necessary
T0F18 675:234.267    -- Filling invalid ranges in sector buffer (flash cache) for sector @ 0x0002A500 if necessary
T0F18 675:234.273    -- Filling invalid ranges in sector buffer (flash cache) for sector @ 0x0002A600 if necessary
T0F18 675:234.278    -- Filling invalid ranges in sector buffer (flash cache) for sector @ 0x0002A700 if necessary
T0F18 675:234.284    -- Filling invalid ranges in sector buffer (flash cache) for sector @ 0x0002A800 if necessary
T0F18 675:234.294    -- Filling invalid ranges in sector buffer (flash cache) for sector @ 0x0002A900 if necessary
T0F18 675:234.300    -- Filling invalid ranges in sector buffer (flash cache) for sector @ 0x0002AA00 if necessary
T0F18 675:234.305    -- Filling invalid ranges in sector buffer (flash cache) for sector @ 0x0002AB00 if necessary
T0F18 675:234.311    -- Filling invalid ranges in sector buffer (flash cache) for sector @ 0x0002AC00 if necessary
T0F18 675:234.316    -- Filling invalid ranges in sector buffer (flash cache) for sector @ 0x0002AD00 if necessary
T0F18 675:234.322    -- Filling invalid ranges in sector buffer (flash cache) for sector @ 0x0002AE00 if necessary
T0F18 675:234.327    -- Filling invalid ranges in sector buffer (flash cache) for sector @ 0x0002AF00 if necessary
T0F18 675:234.333    -- Filling invalid ranges in sector buffer (flash cache) for sector @ 0x0002B000 if necessary
T0F18 675:234.338    -- Filling invalid ranges in sector buffer (flash cache) for sector @ 0x0002B100 if necessary
T0F18 675:234.344    -- Filling invalid ranges in sector buffer (flash cache) for sector @ 0x0002B200 if necessary
T0F18 675:234.349    -- Filling invalid ranges in sector buffer (flash cache) for sector @ 0x0002B300 if necessary
T0F18 675:234.355    -- Filling invalid ranges in sector buffer (flash cache) for sector @ 0x0002B400 if necessary
T0F18 675:234.360    -- Filling invalid ranges in sector buffer (flash cache) for sector @ 0x0002B500 if necessary
T0F18 675:234.366    -- Filling invalid ranges in sector buffer (flash cache) for sector @ 0x0002B600 if necessary
T0F18 675:234.371    -- Filling invalid ranges in sector buffer (flash cache) for sector @ 0x0002B700 if necessary
T0F18 675:234.377    -- Filling invalid ranges in sector buffer (flash cache) for sector @ 0x0002B800 if necessary
T0F18 675:234.382    -- Filling invalid ranges in sector buffer (flash cache) for sector @ 0x0002B900 if necessary
T0F18 675:234.388    -- Filling invalid ranges in sector buffer (flash cache) for sector @ 0x0002BA00 if necessary
T0F18 675:234.393    -- Filling invalid ranges in sector buffer (flash cache) for sector @ 0x0002BB00 if necessary
T0F18 675:234.399    -- Filling invalid ranges in sector buffer (flash cache) for sector @ 0x0002BC00 if necessary
T0F18 675:234.404    -- Filling invalid ranges in sector buffer (flash cache) for sector @ 0x0002BD00 if necessary
T0F18 675:234.410    -- Filling invalid ranges in sector buffer (flash cache) for sector @ 0x0002BE00 if necessary
T0F18 675:234.416    -- Filling invalid ranges in sector buffer (flash cache) for sector @ 0x0002BF00 if necessary
T0F18 675:234.421    -- Filling invalid ranges in sector buffer (flash cache) for sector @ 0x0002C000 if necessary
T0F18 675:234.427    -- Filling invalid ranges in sector buffer (flash cache) for sector @ 0x0002C100 if necessary
T0F18 675:234.433    -- Filling invalid ranges in sector buffer (flash cache) for sector @ 0x0002C200 if necessary
T0F18 675:234.439    -- Filling invalid ranges in sector buffer (flash cache) for sector @ 0x0002C300 if necessary
T0F18 675:234.444    -- Filling invalid ranges in sector buffer (flash cache) for sector @ 0x0002C400 if necessary
T0F18 675:234.449    -- Filling invalid ranges in sector buffer (flash cache) for sector @ 0x0002C500 if necessary
T0F18 675:234.455    -- Filling invalid ranges in sector buffer (flash cache) for sector @ 0x0002C600 if necessary
T0F18 675:234.460    -- Filling invalid ranges in sector buffer (flash cache) for sector @ 0x0002C700 if necessary
T0F18 675:234.466    -- Filling invalid ranges in sector buffer (flash cache) for sector @ 0x0002C800 if necessary
T0F18 675:234.471    -- Filling invalid ranges in sector buffer (flash cache) for sector @ 0x0002C900 if necessary
T0F18 675:234.477    -- Filling invalid ranges in sector buffer (flash cache) for sector @ 0x0002CA00 if necessary
T0F18 675:234.482    -- Filling invalid ranges in sector buffer (flash cache) for sector @ 0x0002CB00 if necessary
T0F18 675:234.488    -- Filling invalid ranges in sector buffer (flash cache) for sector @ 0x0002CC00 if necessary
T0F18 675:234.494    -- Filling invalid ranges in sector buffer (flash cache) for sector @ 0x0002CD00 if necessary
T0F18 675:234.499    -- Filling invalid ranges in sector buffer (flash cache) for sector @ 0x0002CE00 if necessary
T0F18 675:234.505    -- Filling invalid ranges in sector buffer (flash cache) for sector @ 0x0002CF00 if necessary
T0F18 675:234.510    -- Filling invalid ranges in sector buffer (flash cache) for sector @ 0x0002D000 if necessary
T0F18 675:234.516    -- Filling invalid ranges in sector buffer (flash cache) for sector @ 0x0002D100 if necessary
T0F18 675:234.521    -- Filling invalid ranges in sector buffer (flash cache) for sector @ 0x0002D200 if necessary
T0F18 675:234.527    -- Filling invalid ranges in sector buffer (flash cache) for sector @ 0x0002D300 if necessary
T0F18 675:234.532    -- Filling invalid ranges in sector buffer (flash cache) for sector @ 0x0002D400 if necessary
T0F18 675:234.538    -- Filling invalid ranges in sector buffer (flash cache) for sector @ 0x0002D500 if necessary
T0F18 675:234.543    -- Filling invalid ranges in sector buffer (flash cache) for sector @ 0x0002D600 if necessary
T0F18 675:234.549    -- Filling invalid ranges in sector buffer (flash cache) for sector @ 0x0002D700 if necessary
T0F18 675:234.554    -- Filling invalid ranges in sector buffer (flash cache) for sector @ 0x0002D800 if necessary
T0F18 675:234.560    -- Filling invalid ranges in sector buffer (flash cache) for sector @ 0x0002D900 if necessary
T0F18 675:234.565    -- Filling invalid ranges in sector buffer (flash cache) for sector @ 0x0002DA00 if necessary
T0F18 675:234.571    -- Filling invalid ranges in sector buffer (flash cache) for sector @ 0x0002DB00 if necessary
T0F18 675:234.576    -- Filling invalid ranges in sector buffer (flash cache) for sector @ 0x0002DC00 if necessary
T0F18 675:234.582    -- Filling invalid ranges in sector buffer (flash cache) for sector @ 0x0002DD00 if necessary
T0F18 675:234.587    -- Filling invalid ranges in sector buffer (flash cache) for sector @ 0x0002DE00 if necessary
T0F18 675:234.593    -- Filling invalid ranges in sector buffer (flash cache) for sector @ 0x0002DF00 if necessary
T0F18 675:234.599    -- Filling invalid ranges in sector buffer (flash cache) for sector @ 0x0002E000 if necessary
T0F18 675:234.604    -- Filling invalid ranges in sector buffer (flash cache) for sector @ 0x0002E100 if necessary
T0F18 675:234.609    -- Filling invalid ranges in sector buffer (flash cache) for sector @ 0x0002E200 if necessary
T0F18 675:234.615    -- Filling invalid ranges in sector buffer (flash cache) for sector @ 0x0002E300 if necessary
T0F18 675:234.620    -- Filling invalid ranges in sector buffer (flash cache) for sector @ 0x0002E400 if necessary
T0F18 675:234.626    -- Filling invalid ranges in sector buffer (flash cache) for sector @ 0x0002E500 if necessary
T0F18 675:234.632    -- Filling invalid ranges in sector buffer (flash cache) for sector @ 0x0002E600 if necessary
T0F18 675:234.638    -- Filling invalid ranges in sector buffer (flash cache) for sector @ 0x0002E700 if necessary
T0F18 675:234.643    -- Filling invalid ranges in sector buffer (flash cache) for sector @ 0x0002E800 if necessary
T0F18 675:234.649    -- Filling invalid ranges in sector buffer (flash cache) for sector @ 0x0002E900 if necessary
T0F18 675:234.655    -- Filling invalid ranges in sector buffer (flash cache) for sector @ 0x0002EA00 if necessary
T0F18 675:234.660    -- Filling invalid ranges in sector buffer (flash cache) for sector @ 0x0002EB00 if necessary
T0F18 675:234.665    -- Filling invalid ranges in sector buffer (flash cache) for sector @ 0x0002EC00 if necessary
T0F18 675:234.671    -- Filling invalid ranges in sector buffer (flash cache) for sector @ 0x0002ED00 if necessary
T0F18 675:234.676    -- Filling invalid ranges in sector buffer (flash cache) for sector @ 0x0002EE00 if necessary
T0F18 675:234.682    -- Filling invalid ranges in sector buffer (flash cache) for sector @ 0x0002EF00 if necessary
T0F18 675:234.687    -- Filling invalid ranges in sector buffer (flash cache) for sector @ 0x0002F000 if necessary
T0F18 675:234.693    -- Filling invalid ranges in sector buffer (flash cache) for sector @ 0x0002F100 if necessary
T0F18 675:234.698    -- Filling invalid ranges in sector buffer (flash cache) for sector @ 0x0002F200 if necessary
T0F18 675:234.704    -- Filling invalid ranges in sector buffer (flash cache) for sector @ 0x0002F300 if necessary
T0F18 675:234.710    -- Filling invalid ranges in sector buffer (flash cache) for sector @ 0x0002F400 if necessary
T0F18 675:234.715    -- Filling invalid ranges in sector buffer (flash cache) for sector @ 0x0002F500 if necessary
T0F18 675:234.721    -- Filling invalid ranges in sector buffer (flash cache) for sector @ 0x0002F600 if necessary
T0F18 675:234.726    -- Filling invalid ranges in sector buffer (flash cache) for sector @ 0x0002F700 if necessary
T0F18 675:234.732    -- Filling invalid ranges in sector buffer (flash cache) for sector @ 0x0002F800 if necessary
T0F18 675:234.737    -- Filling invalid ranges in sector buffer (flash cache) for sector @ 0x0002F900 if necessary
T0F18 675:234.748    -- Filling invalid ranges in sector buffer (flash cache) for sector @ 0x0002FA00 if necessary
T0F18 675:234.753    -- Filling invalid ranges in sector buffer (flash cache) for sector @ 0x0002FB00 if necessary
T0F18 675:234.759    -- Filling invalid ranges in sector buffer (flash cache) for sector @ 0x0002FC00 if necessary
T0F18 675:234.764    -- Filling invalid ranges in sector buffer (flash cache) for sector @ 0x0002FD00 if necessary
T0F18 675:234.770    -- Filling invalid ranges in sector buffer (flash cache) for sector @ 0x0002FE00 if necessary
T0F18 675:234.775    -- Filling invalid ranges in sector buffer (flash cache) for sector @ 0x0002FF00 if necessary
T0F18 675:234.781    -- Filling invalid ranges in sector buffer (flash cache) for sector @ 0x00030000 if necessary
T0F18 675:234.786    -- Filling invalid ranges in sector buffer (flash cache) for sector @ 0x00030100 if necessary
T0F18 675:234.791    -- Filling invalid ranges in sector buffer (flash cache) for sector @ 0x00030200 if necessary
T0F18 675:234.801    -- Filling invalid ranges in sector buffer (flash cache) for sector @ 0x00030300 if necessary
T0F18 675:234.807    -- Filling invalid ranges in sector buffer (flash cache) for sector @ 0x00030400 if necessary
T0F18 675:234.813    -- Filling invalid ranges in sector buffer (flash cache) for sector @ 0x00030500 if necessary
T0F18 675:234.818    -- Filling invalid ranges in sector buffer (flash cache) for sector @ 0x00030600 if necessary
T0F18 675:234.824    -- Filling invalid ranges in sector buffer (flash cache) for sector @ 0x00030700 if necessary
T0F18 675:234.829    -- Filling invalid ranges in sector buffer (flash cache) for sector @ 0x00030800 if necessary
T0F18 675:234.836    -- Filling invalid ranges in sector buffer (flash cache) for sector @ 0x00030900 if necessary
T0F18 675:234.841    -- Filling invalid ranges in sector buffer (flash cache) for sector @ 0x00030A00 if necessary
T0F18 675:234.847    -- Filling invalid ranges in sector buffer (flash cache) for sector @ 0x00030B00 if necessary
T0F18 675:234.852    -- Filling invalid ranges in sector buffer (flash cache) for sector @ 0x00030C00 if necessary
T0F18 675:234.858    -- Filling invalid ranges in sector buffer (flash cache) for sector @ 0x00030D00 if necessary
T0F18 675:234.863    -- Filling invalid ranges in sector buffer (flash cache) for sector @ 0x00030E00 if necessary
T0F18 675:234.868    -- Filling invalid ranges in sector buffer (flash cache) for sector @ 0x00030F00 if necessary
T0F18 675:234.873    -- Filling invalid ranges in sector buffer (flash cache) for sector @ 0x00031000 if necessary
T0F18 675:234.879    -- Filling invalid ranges in sector buffer (flash cache) for sector @ 0x00031100 if necessary
T0F18 675:234.884    -- Filling invalid ranges in sector buffer (flash cache) for sector @ 0x00031200 if necessary
T0F18 675:234.889    -- Filling invalid ranges in sector buffer (flash cache) for sector @ 0x00031300 if necessary
T0F18 675:234.894    -- Filling invalid ranges in sector buffer (flash cache) for sector @ 0x00031400 if necessary
T0F18 675:234.899    -- Filling invalid ranges in sector buffer (flash cache) for sector @ 0x00031500 if necessary
T0F18 675:234.904    -- Filling invalid ranges in sector buffer (flash cache) for sector @ 0x00031600 if necessary
T0F18 675:234.909    -- Filling invalid ranges in sector buffer (flash cache) for sector @ 0x00031700 if necessary
T0F18 675:234.914    -- Filling invalid ranges in sector buffer (flash cache) for sector @ 0x00031800 if necessary
T0F18 675:234.919    -- Filling invalid ranges in sector buffer (flash cache) for sector @ 0x00031900 if necessary
T0F18 675:234.924    -- Filling invalid ranges in sector buffer (flash cache) for sector @ 0x00031A00 if necessary
T0F18 675:234.929    -- Filling invalid ranges in sector buffer (flash cache) for sector @ 0x00031B00 if necessary
T0F18 675:234.934    -- Filling invalid ranges in sector buffer (flash cache) for sector @ 0x00031C00 if necessary
T0F18 675:234.940    -- Filling invalid ranges in sector buffer (flash cache) for sector @ 0x00031D00 if necessary
T0F18 675:234.945    -- Filling invalid ranges in sector buffer (flash cache) for sector @ 0x00031E00 if necessary
T0F18 675:234.950    -- Filling invalid ranges in sector buffer (flash cache) for sector @ 0x00031F00 if necessary
T0F18 675:234.955    -- Filling invalid ranges in sector buffer (flash cache) for sector @ 0x00032000 if necessary
T0F18 675:234.960    -- Filling invalid ranges in sector buffer (flash cache) for sector @ 0x00032100 if necessary
T0F18 675:234.965    -- Filling invalid ranges in sector buffer (flash cache) for sector @ 0x00032200 if necessary
T0F18 675:234.970    -- Filling invalid ranges in sector buffer (flash cache) for sector @ 0x00032300 if necessary
T0F18 675:234.975    -- Filling invalid ranges in sector buffer (flash cache) for sector @ 0x00032400 if necessary
T0F18 675:234.980    -- Filling invalid ranges in sector buffer (flash cache) for sector @ 0x00032500 if necessary
T0F18 675:234.985    -- Filling invalid ranges in sector buffer (flash cache) for sector @ 0x00032600 if necessary
T0F18 675:234.990    -- Filling invalid ranges in sector buffer (flash cache) for sector @ 0x00032700 if necessary
T0F18 675:234.995    -- Filling invalid ranges in sector buffer (flash cache) for sector @ 0x00032800 if necessary
T0F18 675:235.000    -- Filling invalid ranges in sector buffer (flash cache) for sector @ 0x00032900 if necessary
T0F18 675:235.005    -- Filling invalid ranges in sector buffer (flash cache) for sector @ 0x00032A00 if necessary
T0F18 675:235.010    -- Filling invalid ranges in sector buffer (flash cache) for sector @ 0x00032B00 if necessary
T0F18 675:235.024    -- Filling invalid ranges in sector buffer (flash cache) for sector @ 0x00032C00 if necessary
T0F18 675:235.029    -- Filling invalid ranges in sector buffer (flash cache) for sector @ 0x00032D00 if necessary
T0F18 675:235.034    -- Filling invalid ranges in sector buffer (flash cache) for sector @ 0x00032E00 if necessary
T0F18 675:235.039    -- Filling invalid ranges in sector buffer (flash cache) for sector @ 0x00032F00 if necessary
T0F18 675:235.044    -- Filling invalid ranges in sector buffer (flash cache) for sector @ 0x00033000 if necessary
T0F18 675:235.049    -- Filling invalid ranges in sector buffer (flash cache) for sector @ 0x00033100 if necessary
T0F18 675:235.054    -- Filling invalid ranges in sector buffer (flash cache) for sector @ 0x00033200 if necessary
T0F18 675:235.059    -- Filling invalid ranges in sector buffer (flash cache) for sector @ 0x00033300 if necessary
T0F18 675:235.064    -- Filling invalid ranges in sector buffer (flash cache) for sector @ 0x00033400 if necessary
T0F18 675:235.069    -- Filling invalid ranges in sector buffer (flash cache) for sector @ 0x00033500 if necessary
T0F18 675:235.074    -- Filling invalid ranges in sector buffer (flash cache) for sector @ 0x00033600 if necessary
T0F18 675:235.079    -- Filling invalid ranges in sector buffer (flash cache) for sector @ 0x00033700 if necessary
T0F18 675:235.084    -- Filling invalid ranges in sector buffer (flash cache) for sector @ 0x00033800 if necessary
T0F18 675:235.089    -- Filling invalid ranges in sector buffer (flash cache) for sector @ 0x00033900 if necessary
T0F18 675:235.094    -- Filling invalid ranges in sector buffer (flash cache) for sector @ 0x00033A00 if necessary
T0F18 675:235.099    -- Filling invalid ranges in sector buffer (flash cache) for sector @ 0x00033B00 if necessary
T0F18 675:235.104    -- Filling invalid ranges in sector buffer (flash cache) for sector @ 0x00033C00 if necessary
T0F18 675:235.109    -- Filling invalid ranges in sector buffer (flash cache) for sector @ 0x00033D00 if necessary
T0F18 675:235.114    -- Filling invalid ranges in sector buffer (flash cache) for sector @ 0x00033E00 if necessary
T0F18 675:235.119    -- Filling invalid ranges in sector buffer (flash cache) for sector @ 0x00033F00 if necessary
T0F18 675:235.124    -- Filling invalid ranges in sector buffer (flash cache) for sector @ 0x00034000 if necessary
T0F18 675:235.129    -- Filling invalid ranges in sector buffer (flash cache) for sector @ 0x00034100 if necessary
T0F18 675:235.134    -- Filling invalid ranges in sector buffer (flash cache) for sector @ 0x00034200 if necessary
T0F18 675:235.139    -- Filling invalid ranges in sector buffer (flash cache) for sector @ 0x00034300 if necessary
T0F18 675:235.144    -- Filling invalid ranges in sector buffer (flash cache) for sector @ 0x00034400 if necessary
T0F18 675:235.149    -- Filling invalid ranges in sector buffer (flash cache) for sector @ 0x00034500 if necessary
T0F18 675:235.154    -- Filling invalid ranges in sector buffer (flash cache) for sector @ 0x00034600 if necessary
T0F18 675:235.159    -- Filling invalid ranges in sector buffer (flash cache) for sector @ 0x00034700 if necessary
T0F18 675:235.164    -- Filling invalid ranges in sector buffer (flash cache) for sector @ 0x00034800 if necessary
T0F18 675:235.169    -- Filling invalid ranges in sector buffer (flash cache) for sector @ 0x00034900 if necessary
T0F18 675:235.175    -- Filling invalid ranges in sector buffer (flash cache) for sector @ 0x00034A00 if necessary
T0F18 675:235.184    -- Filling invalid ranges in sector buffer (flash cache) for sector @ 0x00034B00 if necessary
T0F18 675:235.189    -- Filling invalid ranges in sector buffer (flash cache) for sector @ 0x00034C00 if necessary
T0F18 675:235.194    -- Filling invalid ranges in sector buffer (flash cache) for sector @ 0x00034D00 if necessary
T0F18 675:235.199    -- Filling invalid ranges in sector buffer (flash cache) for sector @ 0x00034E00 if necessary
T0F18 675:235.204    -- Filling invalid ranges in sector buffer (flash cache) for sector @ 0x00034F00 if necessary
T0F18 675:235.216    -- Filling invalid ranges in sector buffer (flash cache) for sector @ 0x00035000 if necessary
T0F18 675:235.221    -- Filling invalid ranges in sector buffer (flash cache) for sector @ 0x00035100 if necessary
T0F18 675:235.226    -- Filling invalid ranges in sector buffer (flash cache) for sector @ 0x00035200 if necessary
T0F18 675:235.231    -- Filling invalid ranges in sector buffer (flash cache) for sector @ 0x00035300 if necessary
T0F18 675:235.236    -- Filling invalid ranges in sector buffer (flash cache) for sector @ 0x00035400 if necessary
T0F18 675:235.242    -- Filling invalid ranges in sector buffer (flash cache) for sector @ 0x00035500 if necessary
T0F18 675:235.247    -- Filling invalid ranges in sector buffer (flash cache) for sector @ 0x00035600 if necessary
T0F18 675:235.252    -- Filling invalid ranges in sector buffer (flash cache) for sector @ 0x00035700 if necessary
T0F18 675:235.257    -- Filling invalid ranges in sector buffer (flash cache) for sector @ 0x00035800 if necessary
T0F18 675:235.262    -- Filling invalid ranges in sector buffer (flash cache) for sector @ 0x00035900 if necessary
T0F18 675:235.267    -- Filling invalid ranges in sector buffer (flash cache) for sector @ 0x00035A00 if necessary
T0F18 675:235.272    -- Filling invalid ranges in sector buffer (flash cache) for sector @ 0x00035B00 if necessary
T0F18 675:235.277    -- Filling invalid ranges in sector buffer (flash cache) for sector @ 0x00035C00 if necessary
T0F18 675:235.282    -- Filling invalid ranges in sector buffer (flash cache) for sector @ 0x00035D00 if necessary
T0F18 675:235.287    -- Filling invalid ranges in sector buffer (flash cache) for sector @ 0x00035E00 if necessary
T0F18 675:235.292    -- Filling invalid ranges in sector buffer (flash cache) for sector @ 0x00035F00 if necessary
T0F18 675:235.297    -- Filling invalid ranges in sector buffer (flash cache) for sector @ 0x00036000 if necessary
T0F18 675:235.302    -- Filling invalid ranges in sector buffer (flash cache) for sector @ 0x00036100 if necessary
T0F18 675:235.307    -- Filling invalid ranges in sector buffer (flash cache) for sector @ 0x00036200 if necessary
T0F18 675:235.312    -- Filling invalid ranges in sector buffer (flash cache) for sector @ 0x00036300 if necessary
T0F18 675:235.317    -- Filling invalid ranges in sector buffer (flash cache) for sector @ 0x00036400 if necessary
T0F18 675:235.322    -- Filling invalid ranges in sector buffer (flash cache) for sector @ 0x00036500 if necessary
T0F18 675:235.327    -- Filling invalid ranges in sector buffer (flash cache) for sector @ 0x00036600 if necessary
T0F18 675:235.332    -- Filling invalid ranges in sector buffer (flash cache) for sector @ 0x00036700 if necessary
T0F18 675:235.337    -- Filling invalid ranges in sector buffer (flash cache) for sector @ 0x00036800 if necessary
T0F18 675:235.342    -- Filling invalid ranges in sector buffer (flash cache) for sector @ 0x00036900 if necessary
T0F18 675:235.347    -- Filling invalid ranges in sector buffer (flash cache) for sector @ 0x00036A00 if necessary
T0F18 675:235.353    -- Filling invalid ranges in sector buffer (flash cache) for sector @ 0x00036B00 if necessary
T0F18 675:235.358    -- Filling invalid ranges in sector buffer (flash cache) for sector @ 0x00036C00 if necessary
T0F18 675:235.363    -- Filling invalid ranges in sector buffer (flash cache) for sector @ 0x00036D00 if necessary
T0F18 675:235.368    -- Filling invalid ranges in sector buffer (flash cache) for sector @ 0x00036E00 if necessary
T0F18 675:235.373    -- Filling invalid ranges in sector buffer (flash cache) for sector @ 0x00036F00 if necessary
T0F18 675:235.378    -- Filling invalid ranges in sector buffer (flash cache) for sector @ 0x00037000 if necessary
T0F18 675:235.383    -- Filling invalid ranges in sector buffer (flash cache) for sector @ 0x00037100 if necessary
T0F18 675:235.388    -- Filling invalid ranges in sector buffer (flash cache) for sector @ 0x00037200 if necessary
T0F18 675:235.400    -- Filling invalid ranges in sector buffer (flash cache) for sector @ 0x00037300 if necessary
T0F18 675:235.405    -- Filling invalid ranges in sector buffer (flash cache) for sector @ 0x00037400 if necessary
T0F18 675:235.410    -- Filling invalid ranges in sector buffer (flash cache) for sector @ 0x00037500 if necessary
T0F18 675:235.415    -- Filling invalid ranges in sector buffer (flash cache) for sector @ 0x00037600 if necessary
T0F18 675:235.420    -- Filling invalid ranges in sector buffer (flash cache) for sector @ 0x00037700 if necessary
T0F18 675:235.425    -- Filling invalid ranges in sector buffer (flash cache) for sector @ 0x00037800 if necessary
T0F18 675:235.430    -- Filling invalid ranges in sector buffer (flash cache) for sector @ 0x00037900 if necessary
T0F18 675:235.435    -- Filling invalid ranges in sector buffer (flash cache) for sector @ 0x00037A00 if necessary
T0F18 675:235.440    -- Filling invalid ranges in sector buffer (flash cache) for sector @ 0x00037B00 if necessary
T0F18 675:235.445    -- Filling invalid ranges in sector buffer (flash cache) for sector @ 0x00037C00 if necessary
T0F18 675:235.450    -- Filling invalid ranges in sector buffer (flash cache) for sector @ 0x00037D00 if necessary
T0F18 675:235.455    -- Filling invalid ranges in sector buffer (flash cache) for sector @ 0x00037E00 if necessary
T0F18 675:235.460    -- Filling invalid ranges in sector buffer (flash cache) for sector @ 0x00037F00 if necessary
T0F18 675:235.465    -- Filling invalid ranges in sector buffer (flash cache) for sector @ 0x00038000 if necessary
T0F18 675:235.470    -- Filling invalid ranges in sector buffer (flash cache) for sector @ 0x00038100 if necessary
T0F18 675:235.475    -- Filling invalid ranges in sector buffer (flash cache) for sector @ 0x00038200 if necessary
T0F18 675:235.481    -- Filling invalid ranges in sector buffer (flash cache) for sector @ 0x00038300 if necessary
T0F18 675:235.486    -- Filling invalid ranges in sector buffer (flash cache) for sector @ 0x00038400 if necessary
T0F18 675:235.491    -- Filling invalid ranges in sector buffer (flash cache) for sector @ 0x00038500 if necessary
T0F18 675:235.496    -- Filling invalid ranges in sector buffer (flash cache) for sector @ 0x00038600 if necessary
T0F18 675:235.501    -- Filling invalid ranges in sector buffer (flash cache) for sector @ 0x00038700 if necessary
T0F18 675:235.506    -- Filling invalid ranges in sector buffer (flash cache) for sector @ 0x00038800 if necessary
T0F18 675:235.511    -- Filling invalid ranges in sector buffer (flash cache) for sector @ 0x00038900 if necessary
T0F18 675:235.516    -- Filling invalid ranges in sector buffer (flash cache) for sector @ 0x00038A00 if necessary
T0F18 675:235.521    -- Filling invalid ranges in sector buffer (flash cache) for sector @ 0x00038B00 if necessary
T0F18 675:235.526    -- Filling invalid ranges in sector buffer (flash cache) for sector @ 0x00038C00 if necessary
T0F18 675:235.531    -- Filling invalid ranges in sector buffer (flash cache) for sector @ 0x00038D00 if necessary
T0F18 675:235.536    -- Filling invalid ranges in sector buffer (flash cache) for sector @ 0x00038E00 if necessary
T0F18 675:235.541    -- Filling invalid ranges in sector buffer (flash cache) for sector @ 0x00038F00 if necessary
T0F18 675:235.546    -- Filling invalid ranges in sector buffer (flash cache) for sector @ 0x00039000 if necessary
T0F18 675:235.551    -- Filling invalid ranges in sector buffer (flash cache) for sector @ 0x00039100 if necessary
T0F18 675:235.556    -- Filling invalid ranges in sector buffer (flash cache) for sector @ 0x00039200 if necessary
T0F18 675:235.561    -- Filling invalid ranges in sector buffer (flash cache) for sector @ 0x00039300 if necessary
T0F18 675:235.567    -- Filling invalid ranges in sector buffer (flash cache) for sector @ 0x00039400 if necessary
T0F18 675:235.572    -- Filling invalid ranges in sector buffer (flash cache) for sector @ 0x00039500 if necessary
T0F18 675:235.584    -- Filling invalid ranges in sector buffer (flash cache) for sector @ 0x00039600 if necessary
T0F18 675:235.589    -- Filling invalid ranges in sector buffer (flash cache) for sector @ 0x00039700 if necessary
T0F18 675:235.594    -- Filling invalid ranges in sector buffer (flash cache) for sector @ 0x00039800 if necessary
T0F18 675:235.599    -- Filling invalid ranges in sector buffer (flash cache) for sector @ 0x00039900 if necessary
T0F18 675:235.604    -- Filling invalid ranges in sector buffer (flash cache) for sector @ 0x00039A00 if necessary
T0F18 675:235.609    -- Filling invalid ranges in sector buffer (flash cache) for sector @ 0x00039B00 if necessary
T0F18 675:235.618    -- Filling invalid ranges in sector buffer (flash cache) for sector @ 0x00039C00 if necessary
T0F18 675:235.624    -- Filling invalid ranges in sector buffer (flash cache) for sector @ 0x00039D00 if necessary
T0F18 675:235.629    -- Filling invalid ranges in sector buffer (flash cache) for sector @ 0x00039E00 if necessary
T0F18 675:235.634    -- Filling invalid ranges in sector buffer (flash cache) for sector @ 0x00039F00 if necessary
T0F18 675:235.639    -- Filling invalid ranges in sector buffer (flash cache) for sector @ 0x0003A000 if necessary
T0F18 675:235.650    -- End of determining dirty areas
T0F18 675:235.655    -- Start of preparing flash programming
T0F18 675:235.661    -- Calculating RAM usage
T0F18 675:235.683    -- RAM usage = 10052 Bytes
T0F18 675:235.688    -- Preserving CPU registers
T0F18 675:235.702    -- Preparing target
T0F18 675:235.707    -- Preserving target RAM temporarily used for programming
T0F18 675:289.637    -- Downloading RAMCode
T0F18 675:307.628    -- Preparing RAMCode
T0F18 675:314.827    -- End of preparing flash programming
T0F18 675:314.974   Looking for J-Link GUI Server exe at: C:\Program Files (x86)\Atmel\Studio\7.0\atbackend\JLinkGUIServer.exe
T0F18 675:315.041   Looking for J-Link GUI Server exe at: C:\Program Files (x86)\SEGGER\JLink\JLinkGUIServer.exe
T0F18 675:623.275   Failed to connect to J-Link GUI Server.
T0F18 675:643.726    -- CPU speed could not be measured.
T0F18 675:643.760    -- Start of comparing flash
T0F18 675:643.772    -- CRC check was estimated as fastest method
T0F18 675:643.787    -- Comparing range 0x12000 - 0x31FFF (512 Sectors, 128 KB), using multi-block CRC calculation
T0F18 675:736.748    -- CRC does not match for sector 47
T0F18 675:736.768    -- Comparing range 0x32000 - 0x3A0FF (129 Sectors, 32 KB), using multi-block CRC calculation
T0F18 675:763.411    -- All CRCs match
T0F18 675:763.440    -- Comparing range 0x12000 - 0x14EFF (47 Sectors, 11 KB), using alternative multi-block CRC calculation
T0F18 675:774.542    -- All CRCs match
T0F18 675:774.566    -- Comparing range 0x15000 - 0x34FFF (512 Sectors, 128 KB), using alternative multi-block CRC calculation
T0F18 675:866.696    -- All CRCs match
T0F18 675:866.720    -- Comparing range 0x35000 - 0x3A0FF (81 Sectors, 20 KB), using alternative multi-block CRC calculation
T0F18 675:884.192    -- All CRCs match
T0F18 675:884.210    -- End of comparing flash
T0F18 675:884.217    -- Start of erasing sectors
T0F18 675:884.225    -- Erasing range 0x00014F00 - 0x00014FFF (  1 Sector, 256 Bytes)
T0F18 675:886.246    -- End of erasing sectors
T0F18 675:886.289    -- Start of flash programming
T0F18 675:886.295    -- Programming range 0x00014F00 - 0x00014FFF (  1 Sector, 256 Bytes)
T0F18 675:886.309    -- End of flash programming
T0F18 675:886.315    -- 0x14F00 - 0x14FFF (  1 Sector, 256 Bytes)
T0F18 675:886.321    -- Start of restoring
T0F18 675:886.327    -- Restoring RAMCode
T0F18 675:894.262    -- Restoring target memory
T0F18 675:943.804    -- Restore target
T0F18 675:943.825    -- Restoring CPU registers
T0F18 675:943.843    -- End of restoring
T0F18 675:943.887    -- Bank 0 @ 0x00000000: 1 range affected (256 bytes)
T0F18 675:943.900    -- Total: 0.708s (Prepare: 0.408s, Compare: 0.240s, Erase: 0.002s, Program & Verify: 0.004s, Restore: 0.053s)
T0F18 675:943.950    -- Program & Verify speed: 63 KB/s
T0F18 675:946.078 - 715.315ms returns 256 (0x100)
T0F18 675:946.169 JLINK_ResetPullsRESET(ON)
T0F18 675:946.184 - 0.017ms
T0F18 675:946.192 JLINK_ResetNoHalt()
T0F18 675:946.411   InitTarget() start
T0F18 675:946.427    J-Link Script File: Executing InitTarget()
T0F18 675:946.457   InitTarget()
T0F18 675:948.675   InitTarget() end - Took 2.23ms
T0F18 675:949.391   Found SW-DP with ID 0x0BC11477
T0F18 675:953.698   DPIDR: 0x0BC11477
T0F18 675:953.719   CoreSight SoC-400 or earlier
T0F18 675:953.731   AP map detection skipped. Manually configured AP map found.
T0F18 675:953.741   AP[0]: AHB-AP (IDR: Not set)
T0F18 675:955.025   AP[0]: Core found
T0F18 675:955.046   AP[0]: AHB-AP ROM base: 0x41003000
T0F18 675:955.614   CPUID register: 0x410CC601. Implementer code: 0x41 (ARM)
T0F18 675:955.648   Found Cortex-M0 r0p1, Little endian.
T0F18 675:957.251   -- Max. mem block: 0x00002860
T0F18 675:957.273   CPU_ReadMem(4 bytes @ 0xE000EDF0)
T0F18 675:958.127   CPU_ReadMem(4 bytes @ 0xE0002000)
T0F18 675:958.772   FPUnit: 4 code (BP) slots and 0 literal slots
T0F18 675:958.950   CPU_ReadMem(4 bytes @ 0xE000EDFC)
T0F18 675:959.385   CPU_ReadMem(4 bytes @ 0xE0001000)
T0F18 675:959.778   CoreSight components:
T0F18 675:959.792   ROMTbl[0] @ 41003000
T0F18 675:959.800   CPU_ReadMem(64 bytes @ 0x41003000)
T0F18 675:960.713   CPU_ReadMem(32 bytes @ 0xE00FFFE0)
T0F18 675:961.349   [0][0]: E00FF000 CID B105100D PID 000BB4C0 ROM Table
T0F18 675:961.434   ROMTbl[1] @ E00FF000
T0F18 675:961.454   CPU_ReadMem(64 bytes @ 0xE00FF000)
T0F18 675:963.172   CPU_ReadMem(32 bytes @ 0xE000EFE0)
T0F18 675:963.950   [1][0]: E000E000 CID B105E00D PID 000BB008 SCS
T0F18 675:964.026   CPU_ReadMem(32 bytes @ 0xE0001FE0)
T0F18 675:964.702   [1][1]: E0001000 CID B105E00D PID 000BB00A DWT
T0F18 675:964.722   CPU_ReadMem(32 bytes @ 0xE0002FE0)
T0F18 675:965.248   [1][2]: E0002000 CID B105E00D PID 000BB00B FPB
T0F18 675:965.268   CPU_ReadMem(32 bytes @ 0x41006FE0)
T0F18 675:965.919   [0][1]: 41006000 CID B105900D PID 001BB932 MTB-M0+
T0F18 675:965.942   JLINK_Reset()
T0F18 675:965.950     CPU_ReadMem(4 bytes @ 0x20000000)
T0F18 675:966.355     CPU_WriteMem(4 bytes @ 0x20000000)
T0F18 675:966.867     ResetTarget() start
T0F18 675:966.881      J-Link Script File: Executing ResetTarget()
T0F18 675:967.275     CPU_ReadMem(4 bytes @ 0xE000EDFC)
T0F18 675:967.668     CPU_WriteMem(4 bytes @ 0xE000EDFC)
T0F18 675:968.911     CPU_WriteMem(4 bytes @ 0xE000ED0C)
T0F18 675:971.803     CPU_ReadMem(4 bytes @ 0xE000EDF0)
T0F18 675:972.506     CPU_ReadMem(4 bytes @ 0x41002100)
T0F18 675:972.886     CPU_WriteMem(4 bytes @ 0xE000EDFC)
T0F18 675:973.523     ResetTarget() end - Took 6.49ms
T0F18 675:978.680     CPU_WriteMem(4 bytes @ 0xE0002000)
T0F18 675:979.063     CPU_ReadMem(4 bytes @ 0xE000EDFC)
T0F18 675:979.427     CPU_ReadMem(4 bytes @ 0xE0001000)
T0F18 675:980.058     CPU_WriteMem(4 bytes @ 0xE0001000)
T0F18 675:980.584   - 14.646ms
T0F18 675:980.594   JLINK_Go()
T0F18 675:980.611     CPU_ReadMem(4 bytes @ 0xE0001000)
T0F18 675:981.088     CPU_WriteMem(4 bytes @ 0xE0001000)
T0F18 675:982.118     CPU_WriteMem(4 bytes @ 0xE0001004)
T0F18 675:983.250   - 2.667ms
T0F18 675:983.266 - 37.077ms
T0F18 675:998.681 JLINK_Close()
T0F18 676:018.671 - 20.013ms
T0F18 676:018.698   
T0F18 676:018.704   Closed
