T59B4 1506:614.359   SEGGER J-Link V7.86h Log File
T59B4 1506:614.453   DLL Compiled: Apr 12 2023 16:04:37
T59B4 1506:614.485   Logging started @ 2023-05-01 00:41
T59B4 1506:614.505 - 23311.041ms
T59B4 1506:624.621 JLINK_ExecCommand("Device = ATSAMD21G18A", ...). 
T59B4 1506:624.915   Device "ATSAMD21G18A" selected.
T59B4 1506:625.207 - 0.559ms returns 0x00
T59B4 1506:646.734 JLINK_TIF_Select(JLINKARM_TIF_SWD)
T59B4 1506:647.638 - 0.926ms returns 0x00
T59B4 1506:647.671 JLINK_SetSpeed(4000)
T59B4 1506:647.787 - 0.125ms
T59B4 1506:647.807 JLINK_ResetPullsRESET(OFF)
T59B4 1506:647.824 - 0.024ms
T59B4 1506:647.841 JLINK_Connect()
T59B4 1506:648.122   InitTarget() start
T59B4 1506:648.191    J-Link Script File: Executing InitTarget()
T59B4 1506:648.600   InitTarget()
T59B4 1506:651.253   InitTarget() end - Took 3.03ms
T59B4 1506:652.092   Found SW-DP with ID 0x0BC11477
T59B4 1506:654.401   DPIDR: 0x0BC11477
T59B4 1506:654.433   CoreSight SoC-400 or earlier
T59B4 1506:654.447   Scanning AP map to find all available APs
T59B4 1506:655.161   AP[1]: Stopped AP scan as end of AP map has been reached
T59B4 1506:655.180   AP[0]: AHB-AP (IDR: 0x04770031)
T59B4 1506:655.211   Iterating through AP map to find AHB-AP to use
T59B4 1506:656.665   AP[0]: Core found
T59B4 1506:656.685   AP[0]: AHB-AP ROM base: 0x41003000
T59B4 1506:657.179   CPUID register: 0x410CC601. Implementer code: 0x41 (ARM)
T59B4 1506:657.199   Found Cortex-M0 r0p1, Little endian.
T59B4 1506:657.554   -- Max. mem block: 0x00002BA8
T59B4 1506:658.017   CPU_ReadMem(4 bytes @ 0xE000EDF0)
T59B4 1506:658.376   CPU_WriteMem(4 bytes @ 0xE000EDF0)
T59B4 1506:658.926   CPU_ReadMem(4 bytes @ 0xE0002000)
T59B4 1506:659.424   FPUnit: 4 code (BP) slots and 0 literal slots
T59B4 1506:659.439   CPU_ReadMem(4 bytes @ 0xE000EDFC)
T59B4 1506:659.931   CPU_WriteMem(4 bytes @ 0xE000EDFC)
T59B4 1506:660.463   CPU_ReadMem(4 bytes @ 0xE0001000)
T59B4 1506:660.787   CPU_WriteMem(4 bytes @ 0xE0001000)
T59B4 1506:661.159   CoreSight components:
T59B4 1506:661.214   ROMTbl[0] @ 41003000
T59B4 1506:661.224   CPU_ReadMem(64 bytes @ 0x41003000)
T59B4 1506:662.007   CPU_ReadMem(32 bytes @ 0xE00FFFE0)
T59B4 1506:662.536   [0][0]: E00FF000 CID B105100D PID 000BB4C0 ROM Table
T59B4 1506:662.558   ROMTbl[1] @ E00FF000
T59B4 1506:662.567   CPU_ReadMem(64 bytes @ 0xE00FF000)
T59B4 1506:663.301   CPU_ReadMem(32 bytes @ 0xE000EFE0)
T59B4 1506:663.991   [1][0]: E000E000 CID B105E00D PID 000BB008 SCS
T59B4 1506:664.001   CPU_ReadMem(32 bytes @ 0xE0001FE0)
T59B4 1506:664.669   [1][1]: E0001000 CID B105E00D PID 000BB00A DWT
T59B4 1506:664.691   CPU_ReadMem(32 bytes @ 0xE0002FE0)
T59B4 1506:665.285   [1][2]: E0002000 CID B105E00D PID 000BB00B FPB
T59B4 1506:665.295   CPU_ReadMem(32 bytes @ 0x41006FE0)
T59B4 1506:665.905   [0][1]: 41006000 CID B105900D PID 001BB932 MTB-M0+
T59B4 1506:665.923 - 18.085ms returns 0x00
T59B4 1506:665.973 JLINK_ExecCommand("ExcludeFlashCacheRange 0x0 - 0x40000", ...). 
T59B4 1506:665.986 - 0.006ms returns 0x00
T59B4 1506:666.001 JLINK_Halt()
T59B4 1506:668.875 - 2.887ms returns 0x00
T59B4 1506:669.977 JLINK_JTAG_GetDeviceID(DeviceIndex = 0)
T59B4 1506:669.997 - 0.023ms returns 0
T59B4 1506:670.007 JLINK_ReadMemU32(0x41002018, 0x1 Items)
T59B4 1506:670.029   CPU_ReadMem(4 bytes @ 0x41002018)
T59B4 1506:670.476   Data:  05 03 01 10
T59B4 1506:670.492 - 0.488ms returns 1 (0x1)
T21A8 1506:682.038 JLINK_IsHalted()
T21A8 1506:682.623 - 0.598ms returns TRUE
T21A8 1506:682.645 JLINK_GetMOEs(...)
T21A8 1506:682.661   CPU_ReadMem(4 bytes @ 0xE000ED30)
T21A8 1506:683.089 - 0.457ms returns 0x01
T21A8 1506:683.112 JLINK_ReadReg(R15 (PC))
T21A8 1506:683.122 - 0.013ms returns 0x00002FD8
T59B4 1506:697.858 JLINK_BeginDownload(Flags = 0x00000000)
T59B4 1506:697.878 - 0.023ms
T59B4 1506:697.892 JLINK_WriteMem(0x00000000, 0xB830 Bytes, ...)
T59B4 1506:697.898   Data:  98 2C 00 20 BD 68 00 00 B5 69 00 00 B5 69 00 00 ...
T59B4 1506:698.291   completely In flash
T59B4 1506:698.334 - 0.450ms returns 0xB830
T59B4 1506:701.504 JLINK_WriteMem(0x0000B830, 0x94 Bytes, ...)
T59B4 1506:701.698   Data:  40 1F 00 00 08 00 00 00 07 01 00 00 30 3A 73 64 ...
T59B4 1506:701.756   completely In flash
T59B4 1506:701.780 - 0.285ms returns 0x94
T21A8 1506:883.245 JLINK_IsHalted()
T21A8 1506:883.265 - 0.022ms returns TRUE
T59B4 1506:884.001 JLINK_EndDownload()
T59B4 1506:884.256   CPU_ReadMem(4 bytes @ 0x41006004)
T59B4 1506:884.681   CPU_ReadMem(4 bytes @ 0xE000ED90)
T59B4 1506:884.999    -- --------------------------------------
T59B4 1506:885.006   Flash bank @ 0x00000000: Default: L2 verify disabled because algorithm performs L1 verify
T59B4 1506:885.012    -- Start of determining dirty areas in flash cache
T59B4 1506:885.019    -- Filling invalid ranges in sector buffer (flash cache) for sector @ 0x00000000 if necessary
T59B4 1506:885.025    -- Filling invalid ranges in sector buffer (flash cache) for sector @ 0x00000100 if necessary
T59B4 1506:885.031    -- Filling invalid ranges in sector buffer (flash cache) for sector @ 0x00000200 if necessary
T59B4 1506:885.038    -- Filling invalid ranges in sector buffer (flash cache) for sector @ 0x00000300 if necessary
T59B4 1506:885.045    -- Filling invalid ranges in sector buffer (flash cache) for sector @ 0x00000400 if necessary
T59B4 1506:885.051    -- Filling invalid ranges in sector buffer (flash cache) for sector @ 0x00000500 if necessary
T59B4 1506:885.058    -- Filling invalid ranges in sector buffer (flash cache) for sector @ 0x00000600 if necessary
T59B4 1506:885.064    -- Filling invalid ranges in sector buffer (flash cache) for sector @ 0x00000700 if necessary
T59B4 1506:885.071    -- Filling invalid ranges in sector buffer (flash cache) for sector @ 0x00000800 if necessary
T59B4 1506:885.078    -- Filling invalid ranges in sector buffer (flash cache) for sector @ 0x00000900 if necessary
T59B4 1506:885.084    -- Filling invalid ranges in sector buffer (flash cache) for sector @ 0x00000A00 if necessary
T59B4 1506:885.091    -- Filling invalid ranges in sector buffer (flash cache) for sector @ 0x00000B00 if necessary
T59B4 1506:885.097    -- Filling invalid ranges in sector buffer (flash cache) for sector @ 0x00000C00 if necessary
T59B4 1506:885.104    -- Filling invalid ranges in sector buffer (flash cache) for sector @ 0x00000D00 if necessary
T59B4 1506:885.111    -- Filling invalid ranges in sector buffer (flash cache) for sector @ 0x00000E00 if necessary
T59B4 1506:885.117    -- Filling invalid ranges in sector buffer (flash cache) for sector @ 0x00000F00 if necessary
T59B4 1506:885.123    -- Filling invalid ranges in sector buffer (flash cache) for sector @ 0x00001000 if necessary
T59B4 1506:885.128    -- Filling invalid ranges in sector buffer (flash cache) for sector @ 0x00001100 if necessary
T59B4 1506:885.134    -- Filling invalid ranges in sector buffer (flash cache) for sector @ 0x00001200 if necessary
T59B4 1506:885.139    -- Filling invalid ranges in sector buffer (flash cache) for sector @ 0x00001300 if necessary
T59B4 1506:885.145    -- Filling invalid ranges in sector buffer (flash cache) for sector @ 0x00001400 if necessary
T59B4 1506:885.151    -- Filling invalid ranges in sector buffer (flash cache) for sector @ 0x00001500 if necessary
T59B4 1506:885.156    -- Filling invalid ranges in sector buffer (flash cache) for sector @ 0x00001600 if necessary
T59B4 1506:885.162    -- Filling invalid ranges in sector buffer (flash cache) for sector @ 0x00001700 if necessary
T59B4 1506:885.167    -- Filling invalid ranges in sector buffer (flash cache) for sector @ 0x00001800 if necessary
T59B4 1506:885.173    -- Filling invalid ranges in sector buffer (flash cache) for sector @ 0x00001900 if necessary
T59B4 1506:885.179    -- Filling invalid ranges in sector buffer (flash cache) for sector @ 0x00001A00 if necessary
T59B4 1506:885.184    -- Filling invalid ranges in sector buffer (flash cache) for sector @ 0x00001B00 if necessary
T59B4 1506:885.190    -- Filling invalid ranges in sector buffer (flash cache) for sector @ 0x00001C00 if necessary
T59B4 1506:885.196    -- Filling invalid ranges in sector buffer (flash cache) for sector @ 0x00001D00 if necessary
T59B4 1506:885.235    -- Filling invalid ranges in sector buffer (flash cache) for sector @ 0x00001E00 if necessary
T59B4 1506:885.240    -- Filling invalid ranges in sector buffer (flash cache) for sector @ 0x00001F00 if necessary
T59B4 1506:885.246    -- Filling invalid ranges in sector buffer (flash cache) for sector @ 0x00002000 if necessary
T59B4 1506:885.251    -- Filling invalid ranges in sector buffer (flash cache) for sector @ 0x00002100 if necessary
T59B4 1506:885.257    -- Filling invalid ranges in sector buffer (flash cache) for sector @ 0x00002200 if necessary
T59B4 1506:885.263    -- Filling invalid ranges in sector buffer (flash cache) for sector @ 0x00002300 if necessary
T59B4 1506:885.268    -- Filling invalid ranges in sector buffer (flash cache) for sector @ 0x00002400 if necessary
T59B4 1506:885.274    -- Filling invalid ranges in sector buffer (flash cache) for sector @ 0x00002500 if necessary
T59B4 1506:885.279    -- Filling invalid ranges in sector buffer (flash cache) for sector @ 0x00002600 if necessary
T59B4 1506:885.285    -- Filling invalid ranges in sector buffer (flash cache) for sector @ 0x00002700 if necessary
T59B4 1506:885.291    -- Filling invalid ranges in sector buffer (flash cache) for sector @ 0x00002800 if necessary
T59B4 1506:885.296    -- Filling invalid ranges in sector buffer (flash cache) for sector @ 0x00002900 if necessary
T59B4 1506:885.304    -- Filling invalid ranges in sector buffer (flash cache) for sector @ 0x00002A00 if necessary
T59B4 1506:885.310    -- Filling invalid ranges in sector buffer (flash cache) for sector @ 0x00002B00 if necessary
T59B4 1506:885.315    -- Filling invalid ranges in sector buffer (flash cache) for sector @ 0x00002C00 if necessary
T59B4 1506:885.321    -- Filling invalid ranges in sector buffer (flash cache) for sector @ 0x00002D00 if necessary
T59B4 1506:885.326    -- Filling invalid ranges in sector buffer (flash cache) for sector @ 0x00002E00 if necessary
T59B4 1506:885.332    -- Filling invalid ranges in sector buffer (flash cache) for sector @ 0x00002F00 if necessary
T59B4 1506:885.337    -- Filling invalid ranges in sector buffer (flash cache) for sector @ 0x00003000 if necessary
T59B4 1506:885.343    -- Filling invalid ranges in sector buffer (flash cache) for sector @ 0x00003100 if necessary
T59B4 1506:885.348    -- Filling invalid ranges in sector buffer (flash cache) for sector @ 0x00003200 if necessary
T59B4 1506:885.354    -- Filling invalid ranges in sector buffer (flash cache) for sector @ 0x00003300 if necessary
T59B4 1506:885.359    -- Filling invalid ranges in sector buffer (flash cache) for sector @ 0x00003400 if necessary
T59B4 1506:885.364    -- Filling invalid ranges in sector buffer (flash cache) for sector @ 0x00003500 if necessary
T59B4 1506:885.370    -- Filling invalid ranges in sector buffer (flash cache) for sector @ 0x00003600 if necessary
T59B4 1506:885.375    -- Filling invalid ranges in sector buffer (flash cache) for sector @ 0x00003700 if necessary
T59B4 1506:885.381    -- Filling invalid ranges in sector buffer (flash cache) for sector @ 0x00003800 if necessary
T59B4 1506:885.386    -- Filling invalid ranges in sector buffer (flash cache) for sector @ 0x00003900 if necessary
T59B4 1506:885.392    -- Filling invalid ranges in sector buffer (flash cache) for sector @ 0x00003A00 if necessary
T59B4 1506:885.397    -- Filling invalid ranges in sector buffer (flash cache) for sector @ 0x00003B00 if necessary
T59B4 1506:885.403    -- Filling invalid ranges in sector buffer (flash cache) for sector @ 0x00003C00 if necessary
T59B4 1506:885.408    -- Filling invalid ranges in sector buffer (flash cache) for sector @ 0x00003D00 if necessary
T59B4 1506:885.414    -- Filling invalid ranges in sector buffer (flash cache) for sector @ 0x00003E00 if necessary
T59B4 1506:885.419    -- Filling invalid ranges in sector buffer (flash cache) for sector @ 0x00003F00 if necessary
T59B4 1506:885.425    -- Filling invalid ranges in sector buffer (flash cache) for sector @ 0x00004000 if necessary
T59B4 1506:885.447    -- Filling invalid ranges in sector buffer (flash cache) for sector @ 0x00004100 if necessary
T59B4 1506:885.453    -- Filling invalid ranges in sector buffer (flash cache) for sector @ 0x00004200 if necessary
T59B4 1506:885.464    -- Filling invalid ranges in sector buffer (flash cache) for sector @ 0x00004300 if necessary
T59B4 1506:885.470    -- Filling invalid ranges in sector buffer (flash cache) for sector @ 0x00004400 if necessary
T59B4 1506:885.475    -- Filling invalid ranges in sector buffer (flash cache) for sector @ 0x00004500 if necessary
T59B4 1506:885.481    -- Filling invalid ranges in sector buffer (flash cache) for sector @ 0x00004600 if necessary
T59B4 1506:885.486    -- Filling invalid ranges in sector buffer (flash cache) for sector @ 0x00004700 if necessary
T59B4 1506:885.491    -- Filling invalid ranges in sector buffer (flash cache) for sector @ 0x00004800 if necessary
T59B4 1506:885.497    -- Filling invalid ranges in sector buffer (flash cache) for sector @ 0x00004900 if necessary
T59B4 1506:885.503    -- Filling invalid ranges in sector buffer (flash cache) for sector @ 0x00004A00 if necessary
T59B4 1506:885.508    -- Filling invalid ranges in sector buffer (flash cache) for sector @ 0x00004B00 if necessary
T59B4 1506:885.514    -- Filling invalid ranges in sector buffer (flash cache) for sector @ 0x00004C00 if necessary
T59B4 1506:885.519    -- Filling invalid ranges in sector buffer (flash cache) for sector @ 0x00004D00 if necessary
T59B4 1506:885.525    -- Filling invalid ranges in sector buffer (flash cache) for sector @ 0x00004E00 if necessary
T59B4 1506:885.530    -- Filling invalid ranges in sector buffer (flash cache) for sector @ 0x00004F00 if necessary
T59B4 1506:885.536    -- Filling invalid ranges in sector buffer (flash cache) for sector @ 0x00005000 if necessary
T59B4 1506:885.541    -- Filling invalid ranges in sector buffer (flash cache) for sector @ 0x00005100 if necessary
T59B4 1506:885.547    -- Filling invalid ranges in sector buffer (flash cache) for sector @ 0x00005200 if necessary
T59B4 1506:885.552    -- Filling invalid ranges in sector buffer (flash cache) for sector @ 0x00005300 if necessary
T59B4 1506:885.557    -- Filling invalid ranges in sector buffer (flash cache) for sector @ 0x00005400 if necessary
T59B4 1506:885.563    -- Filling invalid ranges in sector buffer (flash cache) for sector @ 0x00005500 if necessary
T59B4 1506:885.568    -- Filling invalid ranges in sector buffer (flash cache) for sector @ 0x00005600 if necessary
T59B4 1506:885.574    -- Filling invalid ranges in sector buffer (flash cache) for sector @ 0x00005700 if necessary
T59B4 1506:885.579    -- Filling invalid ranges in sector buffer (flash cache) for sector @ 0x00005800 if necessary
T59B4 1506:885.585    -- Filling invalid ranges in sector buffer (flash cache) for sector @ 0x00005900 if necessary
T59B4 1506:885.590    -- Filling invalid ranges in sector buffer (flash cache) for sector @ 0x00005A00 if necessary
T59B4 1506:885.596    -- Filling invalid ranges in sector buffer (flash cache) for sector @ 0x00005B00 if necessary
T59B4 1506:885.601    -- Filling invalid ranges in sector buffer (flash cache) for sector @ 0x00005C00 if necessary
T59B4 1506:885.607    -- Filling invalid ranges in sector buffer (flash cache) for sector @ 0x00005D00 if necessary
T59B4 1506:885.612    -- Filling invalid ranges in sector buffer (flash cache) for sector @ 0x00005E00 if necessary
T59B4 1506:885.618    -- Filling invalid ranges in sector buffer (flash cache) for sector @ 0x00005F00 if necessary
T59B4 1506:885.623    -- Filling invalid ranges in sector buffer (flash cache) for sector @ 0x00006000 if necessary
T59B4 1506:885.629    -- Filling invalid ranges in sector buffer (flash cache) for sector @ 0x00006100 if necessary
T59B4 1506:885.634    -- Filling invalid ranges in sector buffer (flash cache) for sector @ 0x00006200 if necessary
T59B4 1506:885.640    -- Filling invalid ranges in sector buffer (flash cache) for sector @ 0x00006300 if necessary
T59B4 1506:885.646    -- Filling invalid ranges in sector buffer (flash cache) for sector @ 0x00006400 if necessary
T59B4 1506:885.652    -- Filling invalid ranges in sector buffer (flash cache) for sector @ 0x00006500 if necessary
T59B4 1506:885.657    -- Filling invalid ranges in sector buffer (flash cache) for sector @ 0x00006600 if necessary
T59B4 1506:885.663    -- Filling invalid ranges in sector buffer (flash cache) for sector @ 0x00006700 if necessary
T59B4 1506:885.668    -- Filling invalid ranges in sector buffer (flash cache) for sector @ 0x00006800 if necessary
T59B4 1506:885.674    -- Filling invalid ranges in sector buffer (flash cache) for sector @ 0x00006900 if necessary
T59B4 1506:885.679    -- Filling invalid ranges in sector buffer (flash cache) for sector @ 0x00006A00 if necessary
T59B4 1506:885.685    -- Filling invalid ranges in sector buffer (flash cache) for sector @ 0x00006B00 if necessary
T59B4 1506:885.690    -- Filling invalid ranges in sector buffer (flash cache) for sector @ 0x00006C00 if necessary
T59B4 1506:885.696    -- Filling invalid ranges in sector buffer (flash cache) for sector @ 0x00006D00 if necessary
T59B4 1506:885.701    -- Filling invalid ranges in sector buffer (flash cache) for sector @ 0x00006E00 if necessary
T59B4 1506:885.707    -- Filling invalid ranges in sector buffer (flash cache) for sector @ 0x00006F00 if necessary
T59B4 1506:885.713    -- Filling invalid ranges in sector buffer (flash cache) for sector @ 0x00007000 if necessary
T59B4 1506:885.719    -- Filling invalid ranges in sector buffer (flash cache) for sector @ 0x00007100 if necessary
T59B4 1506:885.724    -- Filling invalid ranges in sector buffer (flash cache) for sector @ 0x00007200 if necessary
T59B4 1506:885.730    -- Filling invalid ranges in sector buffer (flash cache) for sector @ 0x00007300 if necessary
T59B4 1506:885.736    -- Filling invalid ranges in sector buffer (flash cache) for sector @ 0x00007400 if necessary
T59B4 1506:885.741    -- Filling invalid ranges in sector buffer (flash cache) for sector @ 0x00007500 if necessary
T59B4 1506:885.747    -- Filling invalid ranges in sector buffer (flash cache) for sector @ 0x00007600 if necessary
T59B4 1506:885.752    -- Filling invalid ranges in sector buffer (flash cache) for sector @ 0x00007700 if necessary
T59B4 1506:885.758    -- Filling invalid ranges in sector buffer (flash cache) for sector @ 0x00007800 if necessary
T59B4 1506:885.765    -- Filling invalid ranges in sector buffer (flash cache) for sector @ 0x00007900 if necessary
T59B4 1506:885.771    -- Filling invalid ranges in sector buffer (flash cache) for sector @ 0x00007A00 if necessary
T59B4 1506:885.778    -- Filling invalid ranges in sector buffer (flash cache) for sector @ 0x00007B00 if necessary
T59B4 1506:885.784    -- Filling invalid ranges in sector buffer (flash cache) for sector @ 0x00007C00 if necessary
T59B4 1506:885.791    -- Filling invalid ranges in sector buffer (flash cache) for sector @ 0x00007D00 if necessary
T59B4 1506:885.797    -- Filling invalid ranges in sector buffer (flash cache) for sector @ 0x00007E00 if necessary
T59B4 1506:885.805    -- Filling invalid ranges in sector buffer (flash cache) for sector @ 0x00007F00 if necessary
T59B4 1506:885.810    -- Filling invalid ranges in sector buffer (flash cache) for sector @ 0x00008000 if necessary
T59B4 1506:885.816    -- Filling invalid ranges in sector buffer (flash cache) for sector @ 0x00008100 if necessary
T59B4 1506:885.821    -- Filling invalid ranges in sector buffer (flash cache) for sector @ 0x00008200 if necessary
T59B4 1506:885.827    -- Filling invalid ranges in sector buffer (flash cache) for sector @ 0x00008300 if necessary
T59B4 1506:885.833    -- Filling invalid ranges in sector buffer (flash cache) for sector @ 0x00008400 if necessary
T59B4 1506:885.838    -- Filling invalid ranges in sector buffer (flash cache) for sector @ 0x00008500 if necessary
T59B4 1506:885.844    -- Filling invalid ranges in sector buffer (flash cache) for sector @ 0x00008600 if necessary
T59B4 1506:885.850    -- Filling invalid ranges in sector buffer (flash cache) for sector @ 0x00008700 if necessary
T59B4 1506:885.856    -- Filling invalid ranges in sector buffer (flash cache) for sector @ 0x00008800 if necessary
T59B4 1506:885.862    -- Filling invalid ranges in sector buffer (flash cache) for sector @ 0x00008900 if necessary
T59B4 1506:885.867    -- Filling invalid ranges in sector buffer (flash cache) for sector @ 0x00008A00 if necessary
T59B4 1506:885.873    -- Filling invalid ranges in sector buffer (flash cache) for sector @ 0x00008B00 if necessary
T59B4 1506:885.878    -- Filling invalid ranges in sector buffer (flash cache) for sector @ 0x00008C00 if necessary
T59B4 1506:885.884    -- Filling invalid ranges in sector buffer (flash cache) for sector @ 0x00008D00 if necessary
T59B4 1506:885.890    -- Filling invalid ranges in sector buffer (flash cache) for sector @ 0x00008E00 if necessary
T59B4 1506:885.895    -- Filling invalid ranges in sector buffer (flash cache) for sector @ 0x00008F00 if necessary
T59B4 1506:885.901    -- Filling invalid ranges in sector buffer (flash cache) for sector @ 0x00009000 if necessary
T59B4 1506:885.906    -- Filling invalid ranges in sector buffer (flash cache) for sector @ 0x00009100 if necessary
T59B4 1506:885.912    -- Filling invalid ranges in sector buffer (flash cache) for sector @ 0x00009200 if necessary
T59B4 1506:885.917    -- Filling invalid ranges in sector buffer (flash cache) for sector @ 0x00009300 if necessary
T59B4 1506:885.928    -- Filling invalid ranges in sector buffer (flash cache) for sector @ 0x00009400 if necessary
T59B4 1506:885.934    -- Filling invalid ranges in sector buffer (flash cache) for sector @ 0x00009500 if necessary
T59B4 1506:885.939    -- Filling invalid ranges in sector buffer (flash cache) for sector @ 0x00009600 if necessary
T59B4 1506:885.945    -- Filling invalid ranges in sector buffer (flash cache) for sector @ 0x00009700 if necessary
T59B4 1506:885.950    -- Filling invalid ranges in sector buffer (flash cache) for sector @ 0x00009800 if necessary
T59B4 1506:885.956    -- Filling invalid ranges in sector buffer (flash cache) for sector @ 0x00009900 if necessary
T59B4 1506:885.962    -- Filling invalid ranges in sector buffer (flash cache) for sector @ 0x00009A00 if necessary
T59B4 1506:885.967    -- Filling invalid ranges in sector buffer (flash cache) for sector @ 0x00009B00 if necessary
T59B4 1506:885.973    -- Filling invalid ranges in sector buffer (flash cache) for sector @ 0x00009C00 if necessary
T59B4 1506:885.979    -- Filling invalid ranges in sector buffer (flash cache) for sector @ 0x00009D00 if necessary
T59B4 1506:885.984    -- Filling invalid ranges in sector buffer (flash cache) for sector @ 0x00009E00 if necessary
T59B4 1506:885.990    -- Filling invalid ranges in sector buffer (flash cache) for sector @ 0x00009F00 if necessary
T59B4 1506:885.995    -- Filling invalid ranges in sector buffer (flash cache) for sector @ 0x0000A000 if necessary
T59B4 1506:886.001    -- Filling invalid ranges in sector buffer (flash cache) for sector @ 0x0000A100 if necessary
T59B4 1506:886.007    -- Filling invalid ranges in sector buffer (flash cache) for sector @ 0x0000A200 if necessary
T59B4 1506:886.012    -- Filling invalid ranges in sector buffer (flash cache) for sector @ 0x0000A300 if necessary
T59B4 1506:886.018    -- Filling invalid ranges in sector buffer (flash cache) for sector @ 0x0000A400 if necessary
T59B4 1506:886.023    -- Filling invalid ranges in sector buffer (flash cache) for sector @ 0x0000A500 if necessary
T59B4 1506:886.029    -- Filling invalid ranges in sector buffer (flash cache) for sector @ 0x0000A600 if necessary
T59B4 1506:886.035    -- Filling invalid ranges in sector buffer (flash cache) for sector @ 0x0000A700 if necessary
T59B4 1506:886.040    -- Filling invalid ranges in sector buffer (flash cache) for sector @ 0x0000A800 if necessary
T59B4 1506:886.046    -- Filling invalid ranges in sector buffer (flash cache) for sector @ 0x0000A900 if necessary
T59B4 1506:886.052    -- Filling invalid ranges in sector buffer (flash cache) for sector @ 0x0000AA00 if necessary
T59B4 1506:886.058    -- Filling invalid ranges in sector buffer (flash cache) for sector @ 0x0000AB00 if necessary
T59B4 1506:886.064    -- Filling invalid ranges in sector buffer (flash cache) for sector @ 0x0000AC00 if necessary
T59B4 1506:886.069    -- Filling invalid ranges in sector buffer (flash cache) for sector @ 0x0000AD00 if necessary
T59B4 1506:886.075    -- Filling invalid ranges in sector buffer (flash cache) for sector @ 0x0000AE00 if necessary
T59B4 1506:886.081    -- Filling invalid ranges in sector buffer (flash cache) for sector @ 0x0000AF00 if necessary
T59B4 1506:886.086    -- Filling invalid ranges in sector buffer (flash cache) for sector @ 0x0000B000 if necessary
T59B4 1506:886.092    -- Filling invalid ranges in sector buffer (flash cache) for sector @ 0x0000B100 if necessary
T59B4 1506:886.098    -- Filling invalid ranges in sector buffer (flash cache) for sector @ 0x0000B200 if necessary
T59B4 1506:886.104    -- Filling invalid ranges in sector buffer (flash cache) for sector @ 0x0000B300 if necessary
T59B4 1506:886.109    -- Filling invalid ranges in sector buffer (flash cache) for sector @ 0x0000B400 if necessary
T59B4 1506:886.115    -- Filling invalid ranges in sector buffer (flash cache) for sector @ 0x0000B500 if necessary
T59B4 1506:886.120    -- Filling invalid ranges in sector buffer (flash cache) for sector @ 0x0000B600 if necessary
T59B4 1506:886.126    -- Filling invalid ranges in sector buffer (flash cache) for sector @ 0x0000B700 if necessary
T59B4 1506:886.131    -- Filling invalid ranges in sector buffer (flash cache) for sector @ 0x0000B800 if necessary
T59B4 1506:886.167    -- End of determining dirty areas
T59B4 1506:886.173    -- Start of preparing flash programming
T59B4 1506:886.179    -- Calculating RAM usage
T59B4 1506:886.189    -- RAM usage = 3908 Bytes
T59B4 1506:886.195    -- Preserving CPU registers
T59B4 1506:886.208    -- Preparing target
T59B4 1506:886.214    -- Preserving target RAM temporarily used for programming
T59B4 1506:906.989    -- Downloading RAMCode
T59B4 1506:923.902    -- Preparing RAMCode
T59B4 1506:929.784    -- End of preparing flash programming
T59B4 1506:930.051   Looking for J-Link GUI Server exe at: C:\Program Files (x86)\Atmel\Studio\7.0\atbackend\JLinkGUIServer.exe
T59B4 1506:930.205   Looking for J-Link GUI Server exe at: C:\Program Files (x86)\SEGGER\JLink\JLinkGUIServer.exe
T59B4 1507:230.368   Failed to connect to J-Link GUI Server.
T59B4 1507:240.718    -- CPU speed could not be measured.
T59B4 1507:240.735    -- Start of comparing flash
T59B4 1507:240.741    -- CRC check was estimated as fastest method
T59B4 1507:240.751    -- Comparing range 0x0000 - 0x7FFF (128 Sectors, 32 KB), using multi-block CRC calculation
T59B4 1507:256.120    -- CRC does not match for sectors 0-127
T59B4 1507:256.146    -- Comparing range 0x8000 - 0xB8FF (57 Sectors, 14 KB), using multi-block CRC calculation
T59B4 1507:264.940    -- CRC does not match for sectors 0-56
T59B4 1507:264.959    -- End of comparing flash
T59B4 1507:264.966    -- Start of erasing sectors
T59B4 1507:264.974    -- Erasing range 0x00000000 - 0x000040FF ( 65 Sectors, 16 KB)
T59B4 1507:320.567    -- End of erasing sectors
T59B4 1507:320.596    -- Start of flash programming
T59B4 1507:320.605    -- Programming range 0x00000000 - 0x00007FFF (128 Sectors, 32 KB)
T59B4 1507:520.187    -- Programming range 0x00008000 - 0x0000B8FF ( 57 Sectors, 14 KB)
T59B4 1507:616.310    -- End of flash programming
T59B4 1507:616.356    -- 0x0000 - 0xB8FF (185 Sectors, 46 KiB)
T59B4 1507:616.368    -- Start of restoring
T59B4 1507:616.380    -- Restoring RAMCode
T59B4 1507:625.087    -- Restoring target memory
T59B4 1507:644.608    -- Restore target
T59B4 1507:644.646    -- Restoring CPU registers
T59B4 1507:644.673    -- End of restoring
T59B4 1507:644.726    -- Bank 0 @ 0x00000000: 1 range affected (47360 bytes)
T59B4 1507:644.751    -- Total: 0.758s (Prepare: 0.354s, Compare: 0.024s, Erase: 0.055s, Program & Verify: 0.301s, Restore: 0.022s)
T59B4 1507:644.763    -- Program & Verify speed: 153 KB/s
T59B4 1507:651.793 - 767.819ms returns 47360 (0xB900)
T59B4 1507:652.412 JLINK_ResetPullsRESET(ON)
T59B4 1507:652.436 - 0.028ms
T59B4 1507:652.447 JLINK_ResetNoHalt()
T59B4 1507:652.823   InitTarget() start
T59B4 1507:652.844    J-Link Script File: Executing InitTarget()
T59B4 1507:652.863   InitTarget()
T59B4 1507:655.578   InitTarget() end - Took 2.68ms
T59B4 1507:656.311   Found SW-DP with ID 0x0BC11477
T59B4 1507:659.196   DPIDR: 0x0BC11477
T59B4 1507:659.241   CoreSight SoC-400 or earlier
T59B4 1507:659.261   AP map detection skipped. Manually configured AP map found.
T59B4 1507:659.279   AP[0]: AHB-AP (IDR: Not set)
T59B4 1507:660.363   AP[0]: Core found
T59B4 1507:660.392   AP[0]: AHB-AP ROM base: 0x41003000
T59B4 1507:661.021   CPUID register: 0x410CC601. Implementer code: 0x41 (ARM)
T59B4 1507:661.043   Found Cortex-M0 r0p1, Little endian.
T59B4 1507:661.260   -- Max. mem block: 0x00002860
T59B4 1507:661.294   CPU_ReadMem(4 bytes @ 0xE000EDF0)
T59B4 1507:661.681   CPU_ReadMem(4 bytes @ 0xE0002000)
T59B4 1507:662.134   FPUnit: 4 code (BP) slots and 0 literal slots
T59B4 1507:662.151   CPU_ReadMem(4 bytes @ 0xE000EDFC)
T59B4 1507:662.517   CPU_ReadMem(4 bytes @ 0xE0001000)
T59B4 1507:662.902   CoreSight components:
T59B4 1507:662.923   ROMTbl[0] @ 41003000
T59B4 1507:662.934   CPU_ReadMem(64 bytes @ 0x41003000)
T59B4 1507:663.664   CPU_ReadMem(32 bytes @ 0xE00FFFE0)
T59B4 1507:664.253   [0][0]: E00FF000 CID B105100D PID 000BB4C0 ROM Table
T59B4 1507:664.280   ROMTbl[1] @ E00FF000
T59B4 1507:664.291   CPU_ReadMem(64 bytes @ 0xE00FF000)
T59B4 1507:664.962   CPU_ReadMem(32 bytes @ 0xE000EFE0)
T59B4 1507:665.567   [1][0]: E000E000 CID B105E00D PID 000BB008 SCS
T59B4 1507:665.580   CPU_ReadMem(32 bytes @ 0xE0001FE0)
T59B4 1507:666.116   [1][1]: E0001000 CID B105E00D PID 000BB00A DWT
T59B4 1507:666.137   CPU_ReadMem(32 bytes @ 0xE0002FE0)
T59B4 1507:666.685   [1][2]: E0002000 CID B105E00D PID 000BB00B FPB
T59B4 1507:666.698   CPU_ReadMem(32 bytes @ 0x41006FE0)
T59B4 1507:667.226   [0][1]: 41006000 CID B105900D PID 001BB932 MTB-M0+
T59B4 1507:667.249   JLINK_Reset()
T59B4 1507:667.261     CPU_ReadMem(4 bytes @ 0x20000000)
T59B4 1507:667.622     CPU_WriteMem(4 bytes @ 0x20000000)
T59B4 1507:668.069     ResetTarget() start
T59B4 1507:668.089      J-Link Script File: Executing ResetTarget()
T59B4 1507:668.489     CPU_ReadMem(4 bytes @ 0xE000EDFC)
T59B4 1507:668.832     CPU_WriteMem(4 bytes @ 0xE000EDFC)
T59B4 1507:669.232     CPU_WriteMem(4 bytes @ 0xE000ED0C)
T59B4 1507:671.167     CPU_ReadMem(4 bytes @ 0xE000EDF0)
T59B4 1507:671.563     CPU_ReadMem(4 bytes @ 0x41002100)
T59B4 1507:672.028     CPU_WriteMem(4 bytes @ 0xE000EDFC)
T59B4 1507:672.488     ResetTarget() end - Took 4.35ms
T59B4 1507:676.068     CPU_WriteMem(4 bytes @ 0xE0002000)
T59B4 1507:676.499     CPU_ReadMem(4 bytes @ 0xE000EDFC)
T59B4 1507:676.917     CPU_ReadMem(4 bytes @ 0xE0001000)
T59B4 1507:677.331     CPU_WriteMem(4 bytes @ 0xE0001000)
T59B4 1507:677.845   - 10.612ms
T59B4 1507:677.871   JLINK_Go()
T59B4 1507:677.890     CPU_ReadMem(4 bytes @ 0xE0001000)
T59B4 1507:678.238     CPU_WriteMem(4 bytes @ 0xE0001000)
T59B4 1507:678.640     CPU_WriteMem(4 bytes @ 0xE0001004)
T59B4 1507:679.630   - 1.776ms
T59B4 1507:679.652 - 27.209ms
T59B4 1507:686.512 JLINK_Close()
T59B4 1507:754.381 - 67.897ms
T59B4 1507:754.413   
T59B4 1507:754.419   Closed
