T1DA4 6745:845.180   SEGGER J-Link V7.86h Log File
T1DA4 6745:845.244   DLL Compiled: Apr 12 2023 16:04:37
T1DA4 6745:845.261   Logging started @ 2023-05-04 21:11
T1DA4 6745:845.276 - 37075.784ms
T1DA4 6745:856.002 JLINK_ExecCommand("Device = ATSAMD21G18A", ...). 
T1DA4 6745:856.242   Device "ATSAMD21G18A" selected.
T1DA4 6745:856.530 - 0.508ms returns 0x00
T1DA4 6745:889.941 JLINK_TIF_Select(JLINKARM_TIF_SWD)
T1DA4 6745:890.757 - 0.827ms returns 0x00
T1DA4 6745:890.781 JLINK_SetSpeed(4000)
T1DA4 6745:890.894 - 0.119ms
T1DA4 6745:890.911 JLINK_ResetPullsRESET(OFF)
T1DA4 6745:890.924 - 0.018ms
T1DA4 6745:890.937 JLINK_Connect()
T1DA4 6745:891.225   InitTarget() start
T1DA4 6745:892.200    J-Link Script File: Executing InitTarget()
T1DA4 6745:892.329   InitTarget()
T1DA4 6745:895.175   InitTarget() end - Took 2.93ms
T1DA4 6745:896.111   Found SW-DP with ID 0x0BC11477
T1DA4 6745:898.798   DPIDR: 0x0BC11477
T1DA4 6745:898.823   CoreSight SoC-400 or earlier
T1DA4 6745:898.833   Scanning AP map to find all available APs
T1DA4 6745:899.648   AP[1]: Stopped AP scan as end of AP map has been reached
T1DA4 6745:899.669   AP[0]: AHB-AP (IDR: 0x04770031)
T1DA4 6745:899.683   Iterating through AP map to find AHB-AP to use
T1DA4 6745:900.706   AP[0]: Core found
T1DA4 6745:900.724   AP[0]: AHB-AP ROM base: 0x41003000
T1DA4 6745:901.230   CPUID register: 0x410CC601. Implementer code: 0x41 (ARM)
T1DA4 6745:901.248   Found Cortex-M0 r0p1, Little endian.
T1DA4 6745:901.581   -- Max. mem block: 0x00002BA8
T1DA4 6745:902.006   CPU_ReadMem(4 bytes @ 0xE000EDF0)
T1DA4 6745:902.326   CPU_WriteMem(4 bytes @ 0xE000EDF0)
T1DA4 6745:903.074   CPU_ReadMem(4 bytes @ 0xE0002000)
T1DA4 6745:903.497   FPUnit: 4 code (BP) slots and 0 literal slots
T1DA4 6745:903.518   CPU_ReadMem(4 bytes @ 0xE000EDFC)
T1DA4 6745:903.907   CPU_WriteMem(4 bytes @ 0xE000EDFC)
T1DA4 6745:904.253   CPU_ReadMem(4 bytes @ 0xE0001000)
T1DA4 6745:904.684   CPU_WriteMem(4 bytes @ 0xE0001000)
T1DA4 6745:905.112   CoreSight components:
T1DA4 6745:905.135   ROMTbl[0] @ 41003000
T1DA4 6745:905.143   CPU_ReadMem(64 bytes @ 0x41003000)
T1DA4 6745:905.881   CPU_ReadMem(32 bytes @ 0xE00FFFE0)
T1DA4 6745:906.409   [0][0]: E00FF000 CID B105100D PID 000BB4C0 ROM Table
T1DA4 6745:906.425   ROMTbl[1] @ E00FF000
T1DA4 6745:906.435   CPU_ReadMem(64 bytes @ 0xE00FF000)
T1DA4 6745:907.245   CPU_ReadMem(32 bytes @ 0xE000EFE0)
T1DA4 6745:907.838   [1][0]: E000E000 CID B105E00D PID 000BB008 SCS
T1DA4 6745:907.852   CPU_ReadMem(32 bytes @ 0xE0001FE0)
T1DA4 6745:908.342   [1][1]: E0001000 CID B105E00D PID 000BB00A DWT
T1DA4 6745:908.352   CPU_ReadMem(32 bytes @ 0xE0002FE0)
T1DA4 6745:908.965   [1][2]: E0002000 CID B105E00D PID 000BB00B FPB
T1DA4 6745:908.974   CPU_ReadMem(32 bytes @ 0x41006FE0)
T1DA4 6745:909.611   [0][1]: 41006000 CID B105900D PID 001BB932 MTB-M0+
T1DA4 6745:909.623 - 18.689ms returns 0x00
T1DA4 6745:909.730 JLINK_ExecCommand("ExcludeFlashCacheRange 0x0 - 0x40000", ...). 
T1DA4 6745:909.741 - 0.003ms returns 0x00
T1DA4 6745:909.775 JLINK_Halt()
T1DA4 6745:912.550 - 2.789ms returns 0x00
T1DA4 6745:913.570 JLINK_JTAG_GetDeviceID(DeviceIndex = 0)
T1DA4 6745:913.593 - 0.026ms returns 0
T1DA4 6745:913.602 JLINK_ReadMemU32(0x41002018, 0x1 Items)
T1DA4 6745:913.619   CPU_ReadMem(4 bytes @ 0x41002018)
T1DA4 6745:914.047   Data:  05 03 01 10
T1DA4 6745:914.059 - 0.460ms returns 1 (0x1)
T0AD4 6745:922.541 JLINK_IsHalted()
T0AD4 6745:922.928 - 0.398ms returns TRUE
T0AD4 6745:922.948 JLINK_GetMOEs(...)
T0AD4 6745:922.959   CPU_ReadMem(4 bytes @ 0xE000ED30)
T0AD4 6745:923.346 - 0.402ms returns 0x01
T0AD4 6745:923.358 JLINK_ReadReg(R15 (PC))
T0AD4 6745:923.367 - 0.012ms returns 0x00000130
T1DA4 6746:002.441 JLINK_BeginDownload(Flags = 0x00000000)
T1DA4 6746:002.455 - 0.016ms
T1DA4 6746:002.494 JLINK_WriteMem(0x00012000, 0x27D70 Bytes, ...)
T1DA4 6746:002.501   Data:  58 7C 00 20 F9 A0 02 00 F1 A1 02 00 F1 A1 02 00 ...
T1DA4 6746:002.866   completely In flash
T1DA4 6746:003.004 - 0.513ms returns 0x27D70
T1DA4 6746:003.441 JLINK_WriteMem(0x00039D70, 0x2F0 Bytes, ...)
T1DA4 6746:003.520   Data:  00 00 00 00 A0 59 03 00 06 07 20 7D 00 00 00 00 ...
T1DA4 6746:003.540   completely In flash
T1DA4 6746:003.549 - 0.111ms returns 0x2F0
T0AD4 6746:124.477 JLINK_IsHalted()
T0AD4 6746:124.503 - 0.027ms returns TRUE
T1DA4 6746:125.088 JLINK_EndDownload()
T1DA4 6746:125.284   CPU_ReadMem(4 bytes @ 0x41006004)
T1DA4 6746:125.779   CPU_ReadMem(4 bytes @ 0xE000ED90)
T1DA4 6746:126.234    -- --------------------------------------
T1DA4 6746:126.419   Flash bank @ 0x00000000: Default: L2 verify disabled because algorithm performs L1 verify
T1DA4 6746:126.427    -- Start of determining dirty areas in flash cache
T1DA4 6746:126.446    -- Filling invalid ranges in sector buffer (flash cache) for sector @ 0x00012000 if necessary
T1DA4 6746:126.453    -- Filling invalid ranges in sector buffer (flash cache) for sector @ 0x00012100 if necessary
T1DA4 6746:126.460    -- Filling invalid ranges in sector buffer (flash cache) for sector @ 0x00012200 if necessary
T1DA4 6746:126.467    -- Filling invalid ranges in sector buffer (flash cache) for sector @ 0x00012300 if necessary
T1DA4 6746:126.475    -- Filling invalid ranges in sector buffer (flash cache) for sector @ 0x00012400 if necessary
T1DA4 6746:126.541    -- Filling invalid ranges in sector buffer (flash cache) for sector @ 0x00012500 if necessary
T1DA4 6746:126.548    -- Filling invalid ranges in sector buffer (flash cache) for sector @ 0x00012600 if necessary
T1DA4 6746:126.556    -- Filling invalid ranges in sector buffer (flash cache) for sector @ 0x00012700 if necessary
T1DA4 6746:126.564    -- Filling invalid ranges in sector buffer (flash cache) for sector @ 0x00012800 if necessary
T1DA4 6746:126.585    -- Filling invalid ranges in sector buffer (flash cache) for sector @ 0x00012900 if necessary
T1DA4 6746:126.630    -- Filling invalid ranges in sector buffer (flash cache) for sector @ 0x00012A00 if necessary
T1DA4 6746:126.638    -- Filling invalid ranges in sector buffer (flash cache) for sector @ 0x00012B00 if necessary
T1DA4 6746:126.646    -- Filling invalid ranges in sector buffer (flash cache) for sector @ 0x00012C00 if necessary
T1DA4 6746:126.654    -- Filling invalid ranges in sector buffer (flash cache) for sector @ 0x00012D00 if necessary
T1DA4 6746:126.661    -- Filling invalid ranges in sector buffer (flash cache) for sector @ 0x00012E00 if necessary
T1DA4 6746:126.669    -- Filling invalid ranges in sector buffer (flash cache) for sector @ 0x00012F00 if necessary
T1DA4 6746:126.676    -- Filling invalid ranges in sector buffer (flash cache) for sector @ 0x00013000 if necessary
T1DA4 6746:126.684    -- Filling invalid ranges in sector buffer (flash cache) for sector @ 0x00013100 if necessary
T1DA4 6746:126.692    -- Filling invalid ranges in sector buffer (flash cache) for sector @ 0x00013200 if necessary
T1DA4 6746:126.700    -- Filling invalid ranges in sector buffer (flash cache) for sector @ 0x00013300 if necessary
T1DA4 6746:126.708    -- Filling invalid ranges in sector buffer (flash cache) for sector @ 0x00013400 if necessary
T1DA4 6746:126.715    -- Filling invalid ranges in sector buffer (flash cache) for sector @ 0x00013500 if necessary
T1DA4 6746:126.722    -- Filling invalid ranges in sector buffer (flash cache) for sector @ 0x00013600 if necessary
T1DA4 6746:126.728    -- Filling invalid ranges in sector buffer (flash cache) for sector @ 0x00013700 if necessary
T1DA4 6746:126.735    -- Filling invalid ranges in sector buffer (flash cache) for sector @ 0x00013800 if necessary
T1DA4 6746:126.741    -- Filling invalid ranges in sector buffer (flash cache) for sector @ 0x00013900 if necessary
T1DA4 6746:126.748    -- Filling invalid ranges in sector buffer (flash cache) for sector @ 0x00013A00 if necessary
T1DA4 6746:126.754    -- Filling invalid ranges in sector buffer (flash cache) for sector @ 0x00013B00 if necessary
T1DA4 6746:126.760    -- Filling invalid ranges in sector buffer (flash cache) for sector @ 0x00013C00 if necessary
T1DA4 6746:126.766    -- Filling invalid ranges in sector buffer (flash cache) for sector @ 0x00013D00 if necessary
T1DA4 6746:126.819    -- Filling invalid ranges in sector buffer (flash cache) for sector @ 0x00013E00 if necessary
T1DA4 6746:126.826    -- Filling invalid ranges in sector buffer (flash cache) for sector @ 0x00013F00 if necessary
T1DA4 6746:126.837    -- Filling invalid ranges in sector buffer (flash cache) for sector @ 0x00014000 if necessary
T1DA4 6746:126.845    -- Filling invalid ranges in sector buffer (flash cache) for sector @ 0x00014100 if necessary
T1DA4 6746:126.852    -- Filling invalid ranges in sector buffer (flash cache) for sector @ 0x00014200 if necessary
T1DA4 6746:126.900    -- Filling invalid ranges in sector buffer (flash cache) for sector @ 0x00014300 if necessary
T1DA4 6746:126.915    -- Filling invalid ranges in sector buffer (flash cache) for sector @ 0x00014400 if necessary
T1DA4 6746:126.922    -- Filling invalid ranges in sector buffer (flash cache) for sector @ 0x00014500 if necessary
T1DA4 6746:126.929    -- Filling invalid ranges in sector buffer (flash cache) for sector @ 0x00014600 if necessary
T1DA4 6746:126.937    -- Filling invalid ranges in sector buffer (flash cache) for sector @ 0x00014700 if necessary
T1DA4 6746:126.945    -- Filling invalid ranges in sector buffer (flash cache) for sector @ 0x00014800 if necessary
T1DA4 6746:126.952    -- Filling invalid ranges in sector buffer (flash cache) for sector @ 0x00014900 if necessary
T1DA4 6746:126.960    -- Filling invalid ranges in sector buffer (flash cache) for sector @ 0x00014A00 if necessary
T1DA4 6746:126.968    -- Filling invalid ranges in sector buffer (flash cache) for sector @ 0x00014B00 if necessary
T1DA4 6746:126.984    -- Filling invalid ranges in sector buffer (flash cache) for sector @ 0x00014C00 if necessary
T1DA4 6746:126.991    -- Filling invalid ranges in sector buffer (flash cache) for sector @ 0x00014D00 if necessary
T1DA4 6746:126.997    -- Filling invalid ranges in sector buffer (flash cache) for sector @ 0x00014E00 if necessary
T1DA4 6746:127.004    -- Filling invalid ranges in sector buffer (flash cache) for sector @ 0x00014F00 if necessary
T1DA4 6746:127.010    -- Filling invalid ranges in sector buffer (flash cache) for sector @ 0x00015000 if necessary
T1DA4 6746:127.028    -- Filling invalid ranges in sector buffer (flash cache) for sector @ 0x00015100 if necessary
T1DA4 6746:127.036    -- Filling invalid ranges in sector buffer (flash cache) for sector @ 0x00015200 if necessary
T1DA4 6746:127.043    -- Filling invalid ranges in sector buffer (flash cache) for sector @ 0x00015300 if necessary
T1DA4 6746:127.051    -- Filling invalid ranges in sector buffer (flash cache) for sector @ 0x00015400 if necessary
T1DA4 6746:127.128    -- Filling invalid ranges in sector buffer (flash cache) for sector @ 0x00015500 if necessary
T1DA4 6746:127.138    -- Filling invalid ranges in sector buffer (flash cache) for sector @ 0x00015600 if necessary
T1DA4 6746:127.146    -- Filling invalid ranges in sector buffer (flash cache) for sector @ 0x00015700 if necessary
T1DA4 6746:127.154    -- Filling invalid ranges in sector buffer (flash cache) for sector @ 0x00015800 if necessary
T1DA4 6746:127.161    -- Filling invalid ranges in sector buffer (flash cache) for sector @ 0x00015900 if necessary
T1DA4 6746:127.169    -- Filling invalid ranges in sector buffer (flash cache) for sector @ 0x00015A00 if necessary
T1DA4 6746:127.176    -- Filling invalid ranges in sector buffer (flash cache) for sector @ 0x00015B00 if necessary
T1DA4 6746:127.193    -- Filling invalid ranges in sector buffer (flash cache) for sector @ 0x00015C00 if necessary
T1DA4 6746:127.376    -- Filling invalid ranges in sector buffer (flash cache) for sector @ 0x00015D00 if necessary
T1DA4 6746:127.394    -- Filling invalid ranges in sector buffer (flash cache) for sector @ 0x00015E00 if necessary
T1DA4 6746:127.401    -- Filling invalid ranges in sector buffer (flash cache) for sector @ 0x00015F00 if necessary
T1DA4 6746:127.408    -- Filling invalid ranges in sector buffer (flash cache) for sector @ 0x00016000 if necessary
T1DA4 6746:127.418    -- Filling invalid ranges in sector buffer (flash cache) for sector @ 0x00016100 if necessary
T1DA4 6746:127.425    -- Filling invalid ranges in sector buffer (flash cache) for sector @ 0x00016200 if necessary
T1DA4 6746:127.431    -- Filling invalid ranges in sector buffer (flash cache) for sector @ 0x00016300 if necessary
T1DA4 6746:127.438    -- Filling invalid ranges in sector buffer (flash cache) for sector @ 0x00016400 if necessary
T1DA4 6746:127.444    -- Filling invalid ranges in sector buffer (flash cache) for sector @ 0x00016500 if necessary
T1DA4 6746:127.451    -- Filling invalid ranges in sector buffer (flash cache) for sector @ 0x00016600 if necessary
T1DA4 6746:127.460    -- Filling invalid ranges in sector buffer (flash cache) for sector @ 0x00016700 if necessary
T1DA4 6746:127.467    -- Filling invalid ranges in sector buffer (flash cache) for sector @ 0x00016800 if necessary
T1DA4 6746:127.474    -- Filling invalid ranges in sector buffer (flash cache) for sector @ 0x00016900 if necessary
T1DA4 6746:127.482    -- Filling invalid ranges in sector buffer (flash cache) for sector @ 0x00016A00 if necessary
T1DA4 6746:127.489    -- Filling invalid ranges in sector buffer (flash cache) for sector @ 0x00016B00 if necessary
T1DA4 6746:127.497    -- Filling invalid ranges in sector buffer (flash cache) for sector @ 0x00016C00 if necessary
T1DA4 6746:127.505    -- Filling invalid ranges in sector buffer (flash cache) for sector @ 0x00016D00 if necessary
T1DA4 6746:127.511    -- Filling invalid ranges in sector buffer (flash cache) for sector @ 0x00016E00 if necessary
T1DA4 6746:127.518    -- Filling invalid ranges in sector buffer (flash cache) for sector @ 0x00016F00 if necessary
T1DA4 6746:127.524    -- Filling invalid ranges in sector buffer (flash cache) for sector @ 0x00017000 if necessary
T1DA4 6746:127.531    -- Filling invalid ranges in sector buffer (flash cache) for sector @ 0x00017100 if necessary
T1DA4 6746:127.538    -- Filling invalid ranges in sector buffer (flash cache) for sector @ 0x00017200 if necessary
T1DA4 6746:127.546    -- Filling invalid ranges in sector buffer (flash cache) for sector @ 0x00017300 if necessary
T1DA4 6746:127.553    -- Filling invalid ranges in sector buffer (flash cache) for sector @ 0x00017400 if necessary
T1DA4 6746:127.561    -- Filling invalid ranges in sector buffer (flash cache) for sector @ 0x00017500 if necessary
T1DA4 6746:127.568    -- Filling invalid ranges in sector buffer (flash cache) for sector @ 0x00017600 if necessary
T1DA4 6746:127.575    -- Filling invalid ranges in sector buffer (flash cache) for sector @ 0x00017700 if necessary
T1DA4 6746:127.583    -- Filling invalid ranges in sector buffer (flash cache) for sector @ 0x00017800 if necessary
T1DA4 6746:127.589    -- Filling invalid ranges in sector buffer (flash cache) for sector @ 0x00017900 if necessary
T1DA4 6746:127.596    -- Filling invalid ranges in sector buffer (flash cache) for sector @ 0x00017A00 if necessary
T1DA4 6746:127.602    -- Filling invalid ranges in sector buffer (flash cache) for sector @ 0x00017B00 if necessary
T1DA4 6746:127.608    -- Filling invalid ranges in sector buffer (flash cache) for sector @ 0x00017C00 if necessary
T1DA4 6746:127.615    -- Filling invalid ranges in sector buffer (flash cache) for sector @ 0x00017D00 if necessary
T1DA4 6746:127.622    -- Filling invalid ranges in sector buffer (flash cache) for sector @ 0x00017E00 if necessary
T1DA4 6746:127.630    -- Filling invalid ranges in sector buffer (flash cache) for sector @ 0x00017F00 if necessary
T1DA4 6746:127.637    -- Filling invalid ranges in sector buffer (flash cache) for sector @ 0x00018000 if necessary
T1DA4 6746:127.645    -- Filling invalid ranges in sector buffer (flash cache) for sector @ 0x00018100 if necessary
T1DA4 6746:127.652    -- Filling invalid ranges in sector buffer (flash cache) for sector @ 0x00018200 if necessary
T1DA4 6746:127.660    -- Filling invalid ranges in sector buffer (flash cache) for sector @ 0x00018300 if necessary
T1DA4 6746:127.690    -- Filling invalid ranges in sector buffer (flash cache) for sector @ 0x00018400 if necessary
T1DA4 6746:127.697    -- Filling invalid ranges in sector buffer (flash cache) for sector @ 0x00018500 if necessary
T1DA4 6746:127.703    -- Filling invalid ranges in sector buffer (flash cache) for sector @ 0x00018600 if necessary
T1DA4 6746:127.710    -- Filling invalid ranges in sector buffer (flash cache) for sector @ 0x00018700 if necessary
T1DA4 6746:127.716    -- Filling invalid ranges in sector buffer (flash cache) for sector @ 0x00018800 if necessary
T1DA4 6746:127.723    -- Filling invalid ranges in sector buffer (flash cache) for sector @ 0x00018900 if necessary
T1DA4 6746:127.729    -- Filling invalid ranges in sector buffer (flash cache) for sector @ 0x00018A00 if necessary
T1DA4 6746:127.736    -- Filling invalid ranges in sector buffer (flash cache) for sector @ 0x00018B00 if necessary
T1DA4 6746:127.742    -- Filling invalid ranges in sector buffer (flash cache) for sector @ 0x00018C00 if necessary
T1DA4 6746:127.749    -- Filling invalid ranges in sector buffer (flash cache) for sector @ 0x00018D00 if necessary
T1DA4 6746:127.755    -- Filling invalid ranges in sector buffer (flash cache) for sector @ 0x00018E00 if necessary
T1DA4 6746:127.761    -- Filling invalid ranges in sector buffer (flash cache) for sector @ 0x00018F00 if necessary
T1DA4 6746:127.768    -- Filling invalid ranges in sector buffer (flash cache) for sector @ 0x00019000 if necessary
T1DA4 6746:127.774    -- Filling invalid ranges in sector buffer (flash cache) for sector @ 0x00019100 if necessary
T1DA4 6746:127.781    -- Filling invalid ranges in sector buffer (flash cache) for sector @ 0x00019200 if necessary
T1DA4 6746:127.789    -- Filling invalid ranges in sector buffer (flash cache) for sector @ 0x00019300 if necessary
T1DA4 6746:127.796    -- Filling invalid ranges in sector buffer (flash cache) for sector @ 0x00019400 if necessary
T1DA4 6746:127.803    -- Filling invalid ranges in sector buffer (flash cache) for sector @ 0x00019500 if necessary
T1DA4 6746:127.811    -- Filling invalid ranges in sector buffer (flash cache) for sector @ 0x00019600 if necessary
T1DA4 6746:127.818    -- Filling invalid ranges in sector buffer (flash cache) for sector @ 0x00019700 if necessary
T1DA4 6746:127.826    -- Filling invalid ranges in sector buffer (flash cache) for sector @ 0x00019800 if necessary
T1DA4 6746:127.833    -- Filling invalid ranges in sector buffer (flash cache) for sector @ 0x00019900 if necessary
T1DA4 6746:127.839    -- Filling invalid ranges in sector buffer (flash cache) for sector @ 0x00019A00 if necessary
T1DA4 6746:127.845    -- Filling invalid ranges in sector buffer (flash cache) for sector @ 0x00019B00 if necessary
T1DA4 6746:127.852    -- Filling invalid ranges in sector buffer (flash cache) for sector @ 0x00019C00 if necessary
T1DA4 6746:127.859    -- Filling invalid ranges in sector buffer (flash cache) for sector @ 0x00019D00 if necessary
T1DA4 6746:127.867    -- Filling invalid ranges in sector buffer (flash cache) for sector @ 0x00019E00 if necessary
T1DA4 6746:127.874    -- Filling invalid ranges in sector buffer (flash cache) for sector @ 0x00019F00 if necessary
T1DA4 6746:127.881    -- Filling invalid ranges in sector buffer (flash cache) for sector @ 0x0001A000 if necessary
T1DA4 6746:127.889    -- Filling invalid ranges in sector buffer (flash cache) for sector @ 0x0001A100 if necessary
T1DA4 6746:127.897    -- Filling invalid ranges in sector buffer (flash cache) for sector @ 0x0001A200 if necessary
T1DA4 6746:127.904    -- Filling invalid ranges in sector buffer (flash cache) for sector @ 0x0001A300 if necessary
T1DA4 6746:127.910    -- Filling invalid ranges in sector buffer (flash cache) for sector @ 0x0001A400 if necessary
T1DA4 6746:127.916    -- Filling invalid ranges in sector buffer (flash cache) for sector @ 0x0001A500 if necessary
T1DA4 6746:127.923    -- Filling invalid ranges in sector buffer (flash cache) for sector @ 0x0001A600 if necessary
T1DA4 6746:127.954    -- Filling invalid ranges in sector buffer (flash cache) for sector @ 0x0001A700 if necessary
T1DA4 6746:127.961    -- Filling invalid ranges in sector buffer (flash cache) for sector @ 0x0001A800 if necessary
T1DA4 6746:127.969    -- Filling invalid ranges in sector buffer (flash cache) for sector @ 0x0001A900 if necessary
T1DA4 6746:127.977    -- Filling invalid ranges in sector buffer (flash cache) for sector @ 0x0001AA00 if necessary
T1DA4 6746:127.984    -- Filling invalid ranges in sector buffer (flash cache) for sector @ 0x0001AB00 if necessary
T1DA4 6746:127.990    -- Filling invalid ranges in sector buffer (flash cache) for sector @ 0x0001AC00 if necessary
T1DA4 6746:127.996    -- Filling invalid ranges in sector buffer (flash cache) for sector @ 0x0001AD00 if necessary
T1DA4 6746:128.023    -- Filling invalid ranges in sector buffer (flash cache) for sector @ 0x0001AE00 if necessary
T1DA4 6746:128.030    -- Filling invalid ranges in sector buffer (flash cache) for sector @ 0x0001AF00 if necessary
T1DA4 6746:128.038    -- Filling invalid ranges in sector buffer (flash cache) for sector @ 0x0001B000 if necessary
T1DA4 6746:128.045    -- Filling invalid ranges in sector buffer (flash cache) for sector @ 0x0001B100 if necessary
T1DA4 6746:128.053    -- Filling invalid ranges in sector buffer (flash cache) for sector @ 0x0001B200 if necessary
T1DA4 6746:128.060    -- Filling invalid ranges in sector buffer (flash cache) for sector @ 0x0001B300 if necessary
T1DA4 6746:128.067    -- Filling invalid ranges in sector buffer (flash cache) for sector @ 0x0001B400 if necessary
T1DA4 6746:128.073    -- Filling invalid ranges in sector buffer (flash cache) for sector @ 0x0001B500 if necessary
T1DA4 6746:128.079    -- Filling invalid ranges in sector buffer (flash cache) for sector @ 0x0001B600 if necessary
T1DA4 6746:128.086    -- Filling invalid ranges in sector buffer (flash cache) for sector @ 0x0001B700 if necessary
T1DA4 6746:128.094    -- Filling invalid ranges in sector buffer (flash cache) for sector @ 0x0001B800 if necessary
T1DA4 6746:128.101    -- Filling invalid ranges in sector buffer (flash cache) for sector @ 0x0001B900 if necessary
T1DA4 6746:128.108    -- Filling invalid ranges in sector buffer (flash cache) for sector @ 0x0001BA00 if necessary
T1DA4 6746:128.116    -- Filling invalid ranges in sector buffer (flash cache) for sector @ 0x0001BB00 if necessary
T1DA4 6746:128.123    -- Filling invalid ranges in sector buffer (flash cache) for sector @ 0x0001BC00 if necessary
T1DA4 6746:128.131    -- Filling invalid ranges in sector buffer (flash cache) for sector @ 0x0001BD00 if necessary
T1DA4 6746:128.138    -- Filling invalid ranges in sector buffer (flash cache) for sector @ 0x0001BE00 if necessary
T1DA4 6746:128.146    -- Filling invalid ranges in sector buffer (flash cache) for sector @ 0x0001BF00 if necessary
T1DA4 6746:128.153    -- Filling invalid ranges in sector buffer (flash cache) for sector @ 0x0001C000 if necessary
T1DA4 6746:128.161    -- Filling invalid ranges in sector buffer (flash cache) for sector @ 0x0001C100 if necessary
T1DA4 6746:128.168    -- Filling invalid ranges in sector buffer (flash cache) for sector @ 0x0001C200 if necessary
T1DA4 6746:128.175    -- Filling invalid ranges in sector buffer (flash cache) for sector @ 0x0001C300 if necessary
T1DA4 6746:128.183    -- Filling invalid ranges in sector buffer (flash cache) for sector @ 0x0001C400 if necessary
T1DA4 6746:128.190    -- Filling invalid ranges in sector buffer (flash cache) for sector @ 0x0001C500 if necessary
T1DA4 6746:128.198    -- Filling invalid ranges in sector buffer (flash cache) for sector @ 0x0001C600 if necessary
T1DA4 6746:128.205    -- Filling invalid ranges in sector buffer (flash cache) for sector @ 0x0001C700 if necessary
T1DA4 6746:128.212    -- Filling invalid ranges in sector buffer (flash cache) for sector @ 0x0001C800 if necessary
T1DA4 6746:128.220    -- Filling invalid ranges in sector buffer (flash cache) for sector @ 0x0001C900 if necessary
T1DA4 6746:128.245    -- Filling invalid ranges in sector buffer (flash cache) for sector @ 0x0001CA00 if necessary
T1DA4 6746:128.252    -- Filling invalid ranges in sector buffer (flash cache) for sector @ 0x0001CB00 if necessary
T1DA4 6746:128.259    -- Filling invalid ranges in sector buffer (flash cache) for sector @ 0x0001CC00 if necessary
T1DA4 6746:128.267    -- Filling invalid ranges in sector buffer (flash cache) for sector @ 0x0001CD00 if necessary
T1DA4 6746:128.274    -- Filling invalid ranges in sector buffer (flash cache) for sector @ 0x0001CE00 if necessary
T1DA4 6746:128.282    -- Filling invalid ranges in sector buffer (flash cache) for sector @ 0x0001CF00 if necessary
T1DA4 6746:128.289    -- Filling invalid ranges in sector buffer (flash cache) for sector @ 0x0001D000 if necessary
T1DA4 6746:128.296    -- Filling invalid ranges in sector buffer (flash cache) for sector @ 0x0001D100 if necessary
T1DA4 6746:128.304    -- Filling invalid ranges in sector buffer (flash cache) for sector @ 0x0001D200 if necessary
T1DA4 6746:128.311    -- Filling invalid ranges in sector buffer (flash cache) for sector @ 0x0001D300 if necessary
T1DA4 6746:128.319    -- Filling invalid ranges in sector buffer (flash cache) for sector @ 0x0001D400 if necessary
T1DA4 6746:128.326    -- Filling invalid ranges in sector buffer (flash cache) for sector @ 0x0001D500 if necessary
T1DA4 6746:128.333    -- Filling invalid ranges in sector buffer (flash cache) for sector @ 0x0001D600 if necessary
T1DA4 6746:128.341    -- Filling invalid ranges in sector buffer (flash cache) for sector @ 0x0001D700 if necessary
T1DA4 6746:128.348    -- Filling invalid ranges in sector buffer (flash cache) for sector @ 0x0001D800 if necessary
T1DA4 6746:128.355    -- Filling invalid ranges in sector buffer (flash cache) for sector @ 0x0001D900 if necessary
T1DA4 6746:128.363    -- Filling invalid ranges in sector buffer (flash cache) for sector @ 0x0001DA00 if necessary
T1DA4 6746:128.370    -- Filling invalid ranges in sector buffer (flash cache) for sector @ 0x0001DB00 if necessary
T1DA4 6746:128.377    -- Filling invalid ranges in sector buffer (flash cache) for sector @ 0x0001DC00 if necessary
T1DA4 6746:128.385    -- Filling invalid ranges in sector buffer (flash cache) for sector @ 0x0001DD00 if necessary
T1DA4 6746:128.392    -- Filling invalid ranges in sector buffer (flash cache) for sector @ 0x0001DE00 if necessary
T1DA4 6746:128.400    -- Filling invalid ranges in sector buffer (flash cache) for sector @ 0x0001DF00 if necessary
T1DA4 6746:128.407    -- Filling invalid ranges in sector buffer (flash cache) for sector @ 0x0001E000 if necessary
T1DA4 6746:128.414    -- Filling invalid ranges in sector buffer (flash cache) for sector @ 0x0001E100 if necessary
T1DA4 6746:128.422    -- Filling invalid ranges in sector buffer (flash cache) for sector @ 0x0001E200 if necessary
T1DA4 6746:128.429    -- Filling invalid ranges in sector buffer (flash cache) for sector @ 0x0001E300 if necessary
T1DA4 6746:128.435    -- Filling invalid ranges in sector buffer (flash cache) for sector @ 0x0001E400 if necessary
T1DA4 6746:128.442    -- Filling invalid ranges in sector buffer (flash cache) for sector @ 0x0001E500 if necessary
T1DA4 6746:128.448    -- Filling invalid ranges in sector buffer (flash cache) for sector @ 0x0001E600 if necessary
T1DA4 6746:128.454    -- Filling invalid ranges in sector buffer (flash cache) for sector @ 0x0001E700 if necessary
T1DA4 6746:128.461    -- Filling invalid ranges in sector buffer (flash cache) for sector @ 0x0001E800 if necessary
T1DA4 6746:128.467    -- Filling invalid ranges in sector buffer (flash cache) for sector @ 0x0001E900 if necessary
T1DA4 6746:128.473    -- Filling invalid ranges in sector buffer (flash cache) for sector @ 0x0001EA00 if necessary
T1DA4 6746:128.480    -- Filling invalid ranges in sector buffer (flash cache) for sector @ 0x0001EB00 if necessary
T1DA4 6746:128.486    -- Filling invalid ranges in sector buffer (flash cache) for sector @ 0x0001EC00 if necessary
T1DA4 6746:128.494    -- Filling invalid ranges in sector buffer (flash cache) for sector @ 0x0001ED00 if necessary
T1DA4 6746:128.500    -- Filling invalid ranges in sector buffer (flash cache) for sector @ 0x0001EE00 if necessary
T1DA4 6746:128.506    -- Filling invalid ranges in sector buffer (flash cache) for sector @ 0x0001EF00 if necessary
T1DA4 6746:128.513    -- Filling invalid ranges in sector buffer (flash cache) for sector @ 0x0001F000 if necessary
T1DA4 6746:128.519    -- Filling invalid ranges in sector buffer (flash cache) for sector @ 0x0001F100 if necessary
T1DA4 6746:128.526    -- Filling invalid ranges in sector buffer (flash cache) for sector @ 0x0001F200 if necessary
T1DA4 6746:128.532    -- Filling invalid ranges in sector buffer (flash cache) for sector @ 0x0001F300 if necessary
T1DA4 6746:128.538    -- Filling invalid ranges in sector buffer (flash cache) for sector @ 0x0001F400 if necessary
T1DA4 6746:128.545    -- Filling invalid ranges in sector buffer (flash cache) for sector @ 0x0001F500 if necessary
T1DA4 6746:128.551    -- Filling invalid ranges in sector buffer (flash cache) for sector @ 0x0001F600 if necessary
T1DA4 6746:128.557    -- Filling invalid ranges in sector buffer (flash cache) for sector @ 0x0001F700 if necessary
T1DA4 6746:128.564    -- Filling invalid ranges in sector buffer (flash cache) for sector @ 0x0001F800 if necessary
T1DA4 6746:128.570    -- Filling invalid ranges in sector buffer (flash cache) for sector @ 0x0001F900 if necessary
T1DA4 6746:128.577    -- Filling invalid ranges in sector buffer (flash cache) for sector @ 0x0001FA00 if necessary
T1DA4 6746:128.582    -- Filling invalid ranges in sector buffer (flash cache) for sector @ 0x0001FB00 if necessary
T1DA4 6746:128.588    -- Filling invalid ranges in sector buffer (flash cache) for sector @ 0x0001FC00 if necessary
T1DA4 6746:128.594    -- Filling invalid ranges in sector buffer (flash cache) for sector @ 0x0001FD00 if necessary
T1DA4 6746:128.599    -- Filling invalid ranges in sector buffer (flash cache) for sector @ 0x0001FE00 if necessary
T1DA4 6746:128.610    -- Filling invalid ranges in sector buffer (flash cache) for sector @ 0x0001FF00 if necessary
T1DA4 6746:128.616    -- Filling invalid ranges in sector buffer (flash cache) for sector @ 0x00020000 if necessary
T1DA4 6746:128.621    -- Filling invalid ranges in sector buffer (flash cache) for sector @ 0x00020100 if necessary
T1DA4 6746:128.627    -- Filling invalid ranges in sector buffer (flash cache) for sector @ 0x00020200 if necessary
T1DA4 6746:128.633    -- Filling invalid ranges in sector buffer (flash cache) for sector @ 0x00020300 if necessary
T1DA4 6746:128.638    -- Filling invalid ranges in sector buffer (flash cache) for sector @ 0x00020400 if necessary
T1DA4 6746:128.644    -- Filling invalid ranges in sector buffer (flash cache) for sector @ 0x00020500 if necessary
T1DA4 6746:128.650    -- Filling invalid ranges in sector buffer (flash cache) for sector @ 0x00020600 if necessary
T1DA4 6746:128.655    -- Filling invalid ranges in sector buffer (flash cache) for sector @ 0x00020700 if necessary
T1DA4 6746:128.661    -- Filling invalid ranges in sector buffer (flash cache) for sector @ 0x00020800 if necessary
T1DA4 6746:128.667    -- Filling invalid ranges in sector buffer (flash cache) for sector @ 0x00020900 if necessary
T1DA4 6746:128.673    -- Filling invalid ranges in sector buffer (flash cache) for sector @ 0x00020A00 if necessary
T1DA4 6746:128.678    -- Filling invalid ranges in sector buffer (flash cache) for sector @ 0x00020B00 if necessary
T1DA4 6746:128.684    -- Filling invalid ranges in sector buffer (flash cache) for sector @ 0x00020C00 if necessary
T1DA4 6746:128.690    -- Filling invalid ranges in sector buffer (flash cache) for sector @ 0x00020D00 if necessary
T1DA4 6746:128.695    -- Filling invalid ranges in sector buffer (flash cache) for sector @ 0x00020E00 if necessary
T1DA4 6746:128.701    -- Filling invalid ranges in sector buffer (flash cache) for sector @ 0x00020F00 if necessary
T1DA4 6746:128.708    -- Filling invalid ranges in sector buffer (flash cache) for sector @ 0x00021000 if necessary
T1DA4 6746:128.714    -- Filling invalid ranges in sector buffer (flash cache) for sector @ 0x00021100 if necessary
T1DA4 6746:128.719    -- Filling invalid ranges in sector buffer (flash cache) for sector @ 0x00021200 if necessary
T1DA4 6746:128.725    -- Filling invalid ranges in sector buffer (flash cache) for sector @ 0x00021300 if necessary
T1DA4 6746:128.731    -- Filling invalid ranges in sector buffer (flash cache) for sector @ 0x00021400 if necessary
T1DA4 6746:128.736    -- Filling invalid ranges in sector buffer (flash cache) for sector @ 0x00021500 if necessary
T1DA4 6746:128.742    -- Filling invalid ranges in sector buffer (flash cache) for sector @ 0x00021600 if necessary
T1DA4 6746:128.748    -- Filling invalid ranges in sector buffer (flash cache) for sector @ 0x00021700 if necessary
T1DA4 6746:128.754    -- Filling invalid ranges in sector buffer (flash cache) for sector @ 0x00021800 if necessary
T1DA4 6746:128.759    -- Filling invalid ranges in sector buffer (flash cache) for sector @ 0x00021900 if necessary
T1DA4 6746:128.765    -- Filling invalid ranges in sector buffer (flash cache) for sector @ 0x00021A00 if necessary
T1DA4 6746:128.770    -- Filling invalid ranges in sector buffer (flash cache) for sector @ 0x00021B00 if necessary
T1DA4 6746:128.776    -- Filling invalid ranges in sector buffer (flash cache) for sector @ 0x00021C00 if necessary
T1DA4 6746:128.782    -- Filling invalid ranges in sector buffer (flash cache) for sector @ 0x00021D00 if necessary
T1DA4 6746:128.787    -- Filling invalid ranges in sector buffer (flash cache) for sector @ 0x00021E00 if necessary
T1DA4 6746:128.793    -- Filling invalid ranges in sector buffer (flash cache) for sector @ 0x00021F00 if necessary
T1DA4 6746:128.799    -- Filling invalid ranges in sector buffer (flash cache) for sector @ 0x00022000 if necessary
T1DA4 6746:128.804    -- Filling invalid ranges in sector buffer (flash cache) for sector @ 0x00022100 if necessary
T1DA4 6746:128.810    -- Filling invalid ranges in sector buffer (flash cache) for sector @ 0x00022200 if necessary
T1DA4 6746:128.816    -- Filling invalid ranges in sector buffer (flash cache) for sector @ 0x00022300 if necessary
T1DA4 6746:128.821    -- Filling invalid ranges in sector buffer (flash cache) for sector @ 0x00022400 if necessary
T1DA4 6746:128.827    -- Filling invalid ranges in sector buffer (flash cache) for sector @ 0x00022500 if necessary
T1DA4 6746:128.833    -- Filling invalid ranges in sector buffer (flash cache) for sector @ 0x00022600 if necessary
T1DA4 6746:128.838    -- Filling invalid ranges in sector buffer (flash cache) for sector @ 0x00022700 if necessary
T1DA4 6746:128.844    -- Filling invalid ranges in sector buffer (flash cache) for sector @ 0x00022800 if necessary
T1DA4 6746:128.850    -- Filling invalid ranges in sector buffer (flash cache) for sector @ 0x00022900 if necessary
T1DA4 6746:128.855    -- Filling invalid ranges in sector buffer (flash cache) for sector @ 0x00022A00 if necessary
T1DA4 6746:128.861    -- Filling invalid ranges in sector buffer (flash cache) for sector @ 0x00022B00 if necessary
T1DA4 6746:128.866    -- Filling invalid ranges in sector buffer (flash cache) for sector @ 0x00022C00 if necessary
T1DA4 6746:128.872    -- Filling invalid ranges in sector buffer (flash cache) for sector @ 0x00022D00 if necessary
T1DA4 6746:128.878    -- Filling invalid ranges in sector buffer (flash cache) for sector @ 0x00022E00 if necessary
T1DA4 6746:128.884    -- Filling invalid ranges in sector buffer (flash cache) for sector @ 0x00022F00 if necessary
T1DA4 6746:128.889    -- Filling invalid ranges in sector buffer (flash cache) for sector @ 0x00023000 if necessary
T1DA4 6746:128.895    -- Filling invalid ranges in sector buffer (flash cache) for sector @ 0x00023100 if necessary
T1DA4 6746:128.900    -- Filling invalid ranges in sector buffer (flash cache) for sector @ 0x00023200 if necessary
T1DA4 6746:128.907    -- Filling invalid ranges in sector buffer (flash cache) for sector @ 0x00023300 if necessary
T1DA4 6746:128.913    -- Filling invalid ranges in sector buffer (flash cache) for sector @ 0x00023400 if necessary
T1DA4 6746:128.918    -- Filling invalid ranges in sector buffer (flash cache) for sector @ 0x00023500 if necessary
T1DA4 6746:128.924    -- Filling invalid ranges in sector buffer (flash cache) for sector @ 0x00023600 if necessary
T1DA4 6746:128.930    -- Filling invalid ranges in sector buffer (flash cache) for sector @ 0x00023700 if necessary
T1DA4 6746:128.935    -- Filling invalid ranges in sector buffer (flash cache) for sector @ 0x00023800 if necessary
T1DA4 6746:128.941    -- Filling invalid ranges in sector buffer (flash cache) for sector @ 0x00023900 if necessary
T1DA4 6746:128.947    -- Filling invalid ranges in sector buffer (flash cache) for sector @ 0x00023A00 if necessary
T1DA4 6746:128.952    -- Filling invalid ranges in sector buffer (flash cache) for sector @ 0x00023B00 if necessary
T1DA4 6746:128.958    -- Filling invalid ranges in sector buffer (flash cache) for sector @ 0x00023C00 if necessary
T1DA4 6746:128.964    -- Filling invalid ranges in sector buffer (flash cache) for sector @ 0x00023D00 if necessary
T1DA4 6746:128.969    -- Filling invalid ranges in sector buffer (flash cache) for sector @ 0x00023E00 if necessary
T1DA4 6746:128.975    -- Filling invalid ranges in sector buffer (flash cache) for sector @ 0x00023F00 if necessary
T1DA4 6746:128.980    -- Filling invalid ranges in sector buffer (flash cache) for sector @ 0x00024000 if necessary
T1DA4 6746:128.986    -- Filling invalid ranges in sector buffer (flash cache) for sector @ 0x00024100 if necessary
T1DA4 6746:128.992    -- Filling invalid ranges in sector buffer (flash cache) for sector @ 0x00024200 if necessary
T1DA4 6746:128.997    -- Filling invalid ranges in sector buffer (flash cache) for sector @ 0x00024300 if necessary
T1DA4 6746:129.003    -- Filling invalid ranges in sector buffer (flash cache) for sector @ 0x00024400 if necessary
T1DA4 6746:129.009    -- Filling invalid ranges in sector buffer (flash cache) for sector @ 0x00024500 if necessary
T1DA4 6746:129.014    -- Filling invalid ranges in sector buffer (flash cache) for sector @ 0x00024600 if necessary
T1DA4 6746:129.020    -- Filling invalid ranges in sector buffer (flash cache) for sector @ 0x00024700 if necessary
T1DA4 6746:129.026    -- Filling invalid ranges in sector buffer (flash cache) for sector @ 0x00024800 if necessary
T1DA4 6746:129.032    -- Filling invalid ranges in sector buffer (flash cache) for sector @ 0x00024900 if necessary
T1DA4 6746:129.037    -- Filling invalid ranges in sector buffer (flash cache) for sector @ 0x00024A00 if necessary
T1DA4 6746:129.043    -- Filling invalid ranges in sector buffer (flash cache) for sector @ 0x00024B00 if necessary
T1DA4 6746:129.049    -- Filling invalid ranges in sector buffer (flash cache) for sector @ 0x00024C00 if necessary
T1DA4 6746:129.054    -- Filling invalid ranges in sector buffer (flash cache) for sector @ 0x00024D00 if necessary
T1DA4 6746:129.060    -- Filling invalid ranges in sector buffer (flash cache) for sector @ 0x00024E00 if necessary
T1DA4 6746:129.065    -- Filling invalid ranges in sector buffer (flash cache) for sector @ 0x00024F00 if necessary
T1DA4 6746:129.076    -- Filling invalid ranges in sector buffer (flash cache) for sector @ 0x00025000 if necessary
T1DA4 6746:129.082    -- Filling invalid ranges in sector buffer (flash cache) for sector @ 0x00025100 if necessary
T1DA4 6746:129.088    -- Filling invalid ranges in sector buffer (flash cache) for sector @ 0x00025200 if necessary
T1DA4 6746:129.094    -- Filling invalid ranges in sector buffer (flash cache) for sector @ 0x00025300 if necessary
T1DA4 6746:129.099    -- Filling invalid ranges in sector buffer (flash cache) for sector @ 0x00025400 if necessary
T1DA4 6746:129.105    -- Filling invalid ranges in sector buffer (flash cache) for sector @ 0x00025500 if necessary
T1DA4 6746:129.112    -- Filling invalid ranges in sector buffer (flash cache) for sector @ 0x00025600 if necessary
T1DA4 6746:129.117    -- Filling invalid ranges in sector buffer (flash cache) for sector @ 0x00025700 if necessary
T1DA4 6746:129.123    -- Filling invalid ranges in sector buffer (flash cache) for sector @ 0x00025800 if necessary
T1DA4 6746:129.128    -- Filling invalid ranges in sector buffer (flash cache) for sector @ 0x00025900 if necessary
T1DA4 6746:129.134    -- Filling invalid ranges in sector buffer (flash cache) for sector @ 0x00025A00 if necessary
T1DA4 6746:129.140    -- Filling invalid ranges in sector buffer (flash cache) for sector @ 0x00025B00 if necessary
T1DA4 6746:129.145    -- Filling invalid ranges in sector buffer (flash cache) for sector @ 0x00025C00 if necessary
T1DA4 6746:129.151    -- Filling invalid ranges in sector buffer (flash cache) for sector @ 0x00025D00 if necessary
T1DA4 6746:129.157    -- Filling invalid ranges in sector buffer (flash cache) for sector @ 0x00025E00 if necessary
T1DA4 6746:129.163    -- Filling invalid ranges in sector buffer (flash cache) for sector @ 0x00025F00 if necessary
T1DA4 6746:129.168    -- Filling invalid ranges in sector buffer (flash cache) for sector @ 0x00026000 if necessary
T1DA4 6746:129.174    -- Filling invalid ranges in sector buffer (flash cache) for sector @ 0x00026100 if necessary
T1DA4 6746:129.179    -- Filling invalid ranges in sector buffer (flash cache) for sector @ 0x00026200 if necessary
T1DA4 6746:129.185    -- Filling invalid ranges in sector buffer (flash cache) for sector @ 0x00026300 if necessary
T1DA4 6746:129.191    -- Filling invalid ranges in sector buffer (flash cache) for sector @ 0x00026400 if necessary
T1DA4 6746:129.197    -- Filling invalid ranges in sector buffer (flash cache) for sector @ 0x00026500 if necessary
T1DA4 6746:129.202    -- Filling invalid ranges in sector buffer (flash cache) for sector @ 0x00026600 if necessary
T1DA4 6746:129.208    -- Filling invalid ranges in sector buffer (flash cache) for sector @ 0x00026700 if necessary
T1DA4 6746:129.214    -- Filling invalid ranges in sector buffer (flash cache) for sector @ 0x00026800 if necessary
T1DA4 6746:129.219    -- Filling invalid ranges in sector buffer (flash cache) for sector @ 0x00026900 if necessary
T1DA4 6746:129.225    -- Filling invalid ranges in sector buffer (flash cache) for sector @ 0x00026A00 if necessary
T1DA4 6746:129.231    -- Filling invalid ranges in sector buffer (flash cache) for sector @ 0x00026B00 if necessary
T1DA4 6746:129.236    -- Filling invalid ranges in sector buffer (flash cache) for sector @ 0x00026C00 if necessary
T1DA4 6746:129.242    -- Filling invalid ranges in sector buffer (flash cache) for sector @ 0x00026D00 if necessary
T1DA4 6746:129.248    -- Filling invalid ranges in sector buffer (flash cache) for sector @ 0x00026E00 if necessary
T1DA4 6746:129.253    -- Filling invalid ranges in sector buffer (flash cache) for sector @ 0x00026F00 if necessary
T1DA4 6746:129.259    -- Filling invalid ranges in sector buffer (flash cache) for sector @ 0x00027000 if necessary
T1DA4 6746:129.265    -- Filling invalid ranges in sector buffer (flash cache) for sector @ 0x00027100 if necessary
T1DA4 6746:129.271    -- Filling invalid ranges in sector buffer (flash cache) for sector @ 0x00027200 if necessary
T1DA4 6746:129.276    -- Filling invalid ranges in sector buffer (flash cache) for sector @ 0x00027300 if necessary
T1DA4 6746:129.282    -- Filling invalid ranges in sector buffer (flash cache) for sector @ 0x00027400 if necessary
T1DA4 6746:129.289    -- Filling invalid ranges in sector buffer (flash cache) for sector @ 0x00027500 if necessary
T1DA4 6746:129.296    -- Filling invalid ranges in sector buffer (flash cache) for sector @ 0x00027600 if necessary
T1DA4 6746:129.302    -- Filling invalid ranges in sector buffer (flash cache) for sector @ 0x00027700 if necessary
T1DA4 6746:129.309    -- Filling invalid ranges in sector buffer (flash cache) for sector @ 0x00027800 if necessary
T1DA4 6746:129.316    -- Filling invalid ranges in sector buffer (flash cache) for sector @ 0x00027900 if necessary
T1DA4 6746:129.323    -- Filling invalid ranges in sector buffer (flash cache) for sector @ 0x00027A00 if necessary
T1DA4 6746:129.329    -- Filling invalid ranges in sector buffer (flash cache) for sector @ 0x00027B00 if necessary
T1DA4 6746:129.335    -- Filling invalid ranges in sector buffer (flash cache) for sector @ 0x00027C00 if necessary
T1DA4 6746:129.342    -- Filling invalid ranges in sector buffer (flash cache) for sector @ 0x00027D00 if necessary
T1DA4 6746:129.348    -- Filling invalid ranges in sector buffer (flash cache) for sector @ 0x00027E00 if necessary
T1DA4 6746:129.355    -- Filling invalid ranges in sector buffer (flash cache) for sector @ 0x00027F00 if necessary
T1DA4 6746:129.361    -- Filling invalid ranges in sector buffer (flash cache) for sector @ 0x00028000 if necessary
T1DA4 6746:129.368    -- Filling invalid ranges in sector buffer (flash cache) for sector @ 0x00028100 if necessary
T1DA4 6746:129.374    -- Filling invalid ranges in sector buffer (flash cache) for sector @ 0x00028200 if necessary
T1DA4 6746:129.381    -- Filling invalid ranges in sector buffer (flash cache) for sector @ 0x00028300 if necessary
T1DA4 6746:129.387    -- Filling invalid ranges in sector buffer (flash cache) for sector @ 0x00028400 if necessary
T1DA4 6746:129.393    -- Filling invalid ranges in sector buffer (flash cache) for sector @ 0x00028500 if necessary
T1DA4 6746:129.400    -- Filling invalid ranges in sector buffer (flash cache) for sector @ 0x00028600 if necessary
T1DA4 6746:129.406    -- Filling invalid ranges in sector buffer (flash cache) for sector @ 0x00028700 if necessary
T1DA4 6746:129.413    -- Filling invalid ranges in sector buffer (flash cache) for sector @ 0x00028800 if necessary
T1DA4 6746:129.419    -- Filling invalid ranges in sector buffer (flash cache) for sector @ 0x00028900 if necessary
T1DA4 6746:129.425    -- Filling invalid ranges in sector buffer (flash cache) for sector @ 0x00028A00 if necessary
T1DA4 6746:129.432    -- Filling invalid ranges in sector buffer (flash cache) for sector @ 0x00028B00 if necessary
T1DA4 6746:129.438    -- Filling invalid ranges in sector buffer (flash cache) for sector @ 0x00028C00 if necessary
T1DA4 6746:129.445    -- Filling invalid ranges in sector buffer (flash cache) for sector @ 0x00028D00 if necessary
T1DA4 6746:129.451    -- Filling invalid ranges in sector buffer (flash cache) for sector @ 0x00028E00 if necessary
T1DA4 6746:129.457    -- Filling invalid ranges in sector buffer (flash cache) for sector @ 0x00028F00 if necessary
T1DA4 6746:129.464    -- Filling invalid ranges in sector buffer (flash cache) for sector @ 0x00029000 if necessary
T1DA4 6746:129.470    -- Filling invalid ranges in sector buffer (flash cache) for sector @ 0x00029100 if necessary
T1DA4 6746:129.477    -- Filling invalid ranges in sector buffer (flash cache) for sector @ 0x00029200 if necessary
T1DA4 6746:129.483    -- Filling invalid ranges in sector buffer (flash cache) for sector @ 0x00029300 if necessary
T1DA4 6746:129.489    -- Filling invalid ranges in sector buffer (flash cache) for sector @ 0x00029400 if necessary
T1DA4 6746:129.496    -- Filling invalid ranges in sector buffer (flash cache) for sector @ 0x00029500 if necessary
T1DA4 6746:129.502    -- Filling invalid ranges in sector buffer (flash cache) for sector @ 0x00029600 if necessary
T1DA4 6746:129.509    -- Filling invalid ranges in sector buffer (flash cache) for sector @ 0x00029700 if necessary
T1DA4 6746:129.515    -- Filling invalid ranges in sector buffer (flash cache) for sector @ 0x00029800 if necessary
T1DA4 6746:129.522    -- Filling invalid ranges in sector buffer (flash cache) for sector @ 0x00029900 if necessary
T1DA4 6746:129.528    -- Filling invalid ranges in sector buffer (flash cache) for sector @ 0x00029A00 if necessary
T1DA4 6746:129.535    -- Filling invalid ranges in sector buffer (flash cache) for sector @ 0x00029B00 if necessary
T1DA4 6746:129.542    -- Filling invalid ranges in sector buffer (flash cache) for sector @ 0x00029C00 if necessary
T1DA4 6746:129.548    -- Filling invalid ranges in sector buffer (flash cache) for sector @ 0x00029D00 if necessary
T1DA4 6746:129.555    -- Filling invalid ranges in sector buffer (flash cache) for sector @ 0x00029E00 if necessary
T1DA4 6746:129.561    -- Filling invalid ranges in sector buffer (flash cache) for sector @ 0x00029F00 if necessary
T1DA4 6746:129.568    -- Filling invalid ranges in sector buffer (flash cache) for sector @ 0x0002A000 if necessary
T1DA4 6746:129.579    -- Filling invalid ranges in sector buffer (flash cache) for sector @ 0x0002A100 if necessary
T1DA4 6746:129.586    -- Filling invalid ranges in sector buffer (flash cache) for sector @ 0x0002A200 if necessary
T1DA4 6746:129.593    -- Filling invalid ranges in sector buffer (flash cache) for sector @ 0x0002A300 if necessary
T1DA4 6746:129.600    -- Filling invalid ranges in sector buffer (flash cache) for sector @ 0x0002A400 if necessary
T1DA4 6746:129.606    -- Filling invalid ranges in sector buffer (flash cache) for sector @ 0x0002A500 if necessary
T1DA4 6746:129.611    -- Filling invalid ranges in sector buffer (flash cache) for sector @ 0x0002A600 if necessary
T1DA4 6746:129.617    -- Filling invalid ranges in sector buffer (flash cache) for sector @ 0x0002A700 if necessary
T1DA4 6746:129.623    -- Filling invalid ranges in sector buffer (flash cache) for sector @ 0x0002A800 if necessary
T1DA4 6746:129.628    -- Filling invalid ranges in sector buffer (flash cache) for sector @ 0x0002A900 if necessary
T1DA4 6746:129.634    -- Filling invalid ranges in sector buffer (flash cache) for sector @ 0x0002AA00 if necessary
T1DA4 6746:129.640    -- Filling invalid ranges in sector buffer (flash cache) for sector @ 0x0002AB00 if necessary
T1DA4 6746:129.646    -- Filling invalid ranges in sector buffer (flash cache) for sector @ 0x0002AC00 if necessary
T1DA4 6746:129.651    -- Filling invalid ranges in sector buffer (flash cache) for sector @ 0x0002AD00 if necessary
T1DA4 6746:129.657    -- Filling invalid ranges in sector buffer (flash cache) for sector @ 0x0002AE00 if necessary
T1DA4 6746:129.663    -- Filling invalid ranges in sector buffer (flash cache) for sector @ 0x0002AF00 if necessary
T1DA4 6746:129.668    -- Filling invalid ranges in sector buffer (flash cache) for sector @ 0x0002B000 if necessary
T1DA4 6746:129.674    -- Filling invalid ranges in sector buffer (flash cache) for sector @ 0x0002B100 if necessary
T1DA4 6746:129.679    -- Filling invalid ranges in sector buffer (flash cache) for sector @ 0x0002B200 if necessary
T1DA4 6746:129.685    -- Filling invalid ranges in sector buffer (flash cache) for sector @ 0x0002B300 if necessary
T1DA4 6746:129.691    -- Filling invalid ranges in sector buffer (flash cache) for sector @ 0x0002B400 if necessary
T1DA4 6746:129.696    -- Filling invalid ranges in sector buffer (flash cache) for sector @ 0x0002B500 if necessary
T1DA4 6746:129.702    -- Filling invalid ranges in sector buffer (flash cache) for sector @ 0x0002B600 if necessary
T1DA4 6746:129.708    -- Filling invalid ranges in sector buffer (flash cache) for sector @ 0x0002B700 if necessary
T1DA4 6746:129.713    -- Filling invalid ranges in sector buffer (flash cache) for sector @ 0x0002B800 if necessary
T1DA4 6746:129.719    -- Filling invalid ranges in sector buffer (flash cache) for sector @ 0x0002B900 if necessary
T1DA4 6746:129.725    -- Filling invalid ranges in sector buffer (flash cache) for sector @ 0x0002BA00 if necessary
T1DA4 6746:129.730    -- Filling invalid ranges in sector buffer (flash cache) for sector @ 0x0002BB00 if necessary
T1DA4 6746:129.736    -- Filling invalid ranges in sector buffer (flash cache) for sector @ 0x0002BC00 if necessary
T1DA4 6746:129.742    -- Filling invalid ranges in sector buffer (flash cache) for sector @ 0x0002BD00 if necessary
T1DA4 6746:129.747    -- Filling invalid ranges in sector buffer (flash cache) for sector @ 0x0002BE00 if necessary
T1DA4 6746:129.754    -- Filling invalid ranges in sector buffer (flash cache) for sector @ 0x0002BF00 if necessary
T1DA4 6746:129.759    -- Filling invalid ranges in sector buffer (flash cache) for sector @ 0x0002C000 if necessary
T1DA4 6746:129.765    -- Filling invalid ranges in sector buffer (flash cache) for sector @ 0x0002C100 if necessary
T1DA4 6746:129.771    -- Filling invalid ranges in sector buffer (flash cache) for sector @ 0x0002C200 if necessary
T1DA4 6746:129.776    -- Filling invalid ranges in sector buffer (flash cache) for sector @ 0x0002C300 if necessary
T1DA4 6746:129.782    -- Filling invalid ranges in sector buffer (flash cache) for sector @ 0x0002C400 if necessary
T1DA4 6746:129.788    -- Filling invalid ranges in sector buffer (flash cache) for sector @ 0x0002C500 if necessary
T1DA4 6746:129.794    -- Filling invalid ranges in sector buffer (flash cache) for sector @ 0x0002C600 if necessary
T1DA4 6746:129.799    -- Filling invalid ranges in sector buffer (flash cache) for sector @ 0x0002C700 if necessary
T1DA4 6746:129.805    -- Filling invalid ranges in sector buffer (flash cache) for sector @ 0x0002C800 if necessary
T1DA4 6746:129.810    -- Filling invalid ranges in sector buffer (flash cache) for sector @ 0x0002C900 if necessary
T1DA4 6746:129.816    -- Filling invalid ranges in sector buffer (flash cache) for sector @ 0x0002CA00 if necessary
T1DA4 6746:129.822    -- Filling invalid ranges in sector buffer (flash cache) for sector @ 0x0002CB00 if necessary
T1DA4 6746:129.827    -- Filling invalid ranges in sector buffer (flash cache) for sector @ 0x0002CC00 if necessary
T1DA4 6746:129.833    -- Filling invalid ranges in sector buffer (flash cache) for sector @ 0x0002CD00 if necessary
T1DA4 6746:129.839    -- Filling invalid ranges in sector buffer (flash cache) for sector @ 0x0002CE00 if necessary
T1DA4 6746:129.844    -- Filling invalid ranges in sector buffer (flash cache) for sector @ 0x0002CF00 if necessary
T1DA4 6746:129.850    -- Filling invalid ranges in sector buffer (flash cache) for sector @ 0x0002D000 if necessary
T1DA4 6746:129.856    -- Filling invalid ranges in sector buffer (flash cache) for sector @ 0x0002D100 if necessary
T1DA4 6746:129.862    -- Filling invalid ranges in sector buffer (flash cache) for sector @ 0x0002D200 if necessary
T1DA4 6746:129.867    -- Filling invalid ranges in sector buffer (flash cache) for sector @ 0x0002D300 if necessary
T1DA4 6746:129.873    -- Filling invalid ranges in sector buffer (flash cache) for sector @ 0x0002D400 if necessary
T1DA4 6746:129.879    -- Filling invalid ranges in sector buffer (flash cache) for sector @ 0x0002D500 if necessary
T1DA4 6746:129.884    -- Filling invalid ranges in sector buffer (flash cache) for sector @ 0x0002D600 if necessary
T1DA4 6746:129.890    -- Filling invalid ranges in sector buffer (flash cache) for sector @ 0x0002D700 if necessary
T1DA4 6746:129.896    -- Filling invalid ranges in sector buffer (flash cache) for sector @ 0x0002D800 if necessary
T1DA4 6746:129.901    -- Filling invalid ranges in sector buffer (flash cache) for sector @ 0x0002D900 if necessary
T1DA4 6746:129.907    -- Filling invalid ranges in sector buffer (flash cache) for sector @ 0x0002DA00 if necessary
T1DA4 6746:129.913    -- Filling invalid ranges in sector buffer (flash cache) for sector @ 0x0002DB00 if necessary
T1DA4 6746:129.918    -- Filling invalid ranges in sector buffer (flash cache) for sector @ 0x0002DC00 if necessary
T1DA4 6746:129.924    -- Filling invalid ranges in sector buffer (flash cache) for sector @ 0x0002DD00 if necessary
T1DA4 6746:129.930    -- Filling invalid ranges in sector buffer (flash cache) for sector @ 0x0002DE00 if necessary
T1DA4 6746:129.935    -- Filling invalid ranges in sector buffer (flash cache) for sector @ 0x0002DF00 if necessary
T1DA4 6746:129.941    -- Filling invalid ranges in sector buffer (flash cache) for sector @ 0x0002E000 if necessary
T1DA4 6746:129.946    -- Filling invalid ranges in sector buffer (flash cache) for sector @ 0x0002E100 if necessary
T1DA4 6746:129.953    -- Filling invalid ranges in sector buffer (flash cache) for sector @ 0x0002E200 if necessary
T1DA4 6746:129.959    -- Filling invalid ranges in sector buffer (flash cache) for sector @ 0x0002E300 if necessary
T1DA4 6746:129.964    -- Filling invalid ranges in sector buffer (flash cache) for sector @ 0x0002E400 if necessary
T1DA4 6746:129.970    -- Filling invalid ranges in sector buffer (flash cache) for sector @ 0x0002E500 if necessary
T1DA4 6746:129.976    -- Filling invalid ranges in sector buffer (flash cache) for sector @ 0x0002E600 if necessary
T1DA4 6746:129.981    -- Filling invalid ranges in sector buffer (flash cache) for sector @ 0x0002E700 if necessary
T1DA4 6746:129.987    -- Filling invalid ranges in sector buffer (flash cache) for sector @ 0x0002E800 if necessary
T1DA4 6746:129.993    -- Filling invalid ranges in sector buffer (flash cache) for sector @ 0x0002E900 if necessary
T1DA4 6746:129.998    -- Filling invalid ranges in sector buffer (flash cache) for sector @ 0x0002EA00 if necessary
T1DA4 6746:130.004    -- Filling invalid ranges in sector buffer (flash cache) for sector @ 0x0002EB00 if necessary
T1DA4 6746:130.010    -- Filling invalid ranges in sector buffer (flash cache) for sector @ 0x0002EC00 if necessary
T1DA4 6746:130.015    -- Filling invalid ranges in sector buffer (flash cache) for sector @ 0x0002ED00 if necessary
T1DA4 6746:130.021    -- Filling invalid ranges in sector buffer (flash cache) for sector @ 0x0002EE00 if necessary
T1DA4 6746:130.027    -- Filling invalid ranges in sector buffer (flash cache) for sector @ 0x0002EF00 if necessary
T1DA4 6746:130.033    -- Filling invalid ranges in sector buffer (flash cache) for sector @ 0x0002F000 if necessary
T1DA4 6746:130.038    -- Filling invalid ranges in sector buffer (flash cache) for sector @ 0x0002F100 if necessary
T1DA4 6746:130.049    -- Filling invalid ranges in sector buffer (flash cache) for sector @ 0x0002F200 if necessary
T1DA4 6746:130.054    -- Filling invalid ranges in sector buffer (flash cache) for sector @ 0x0002F300 if necessary
T1DA4 6746:130.060    -- Filling invalid ranges in sector buffer (flash cache) for sector @ 0x0002F400 if necessary
T1DA4 6746:130.066    -- Filling invalid ranges in sector buffer (flash cache) for sector @ 0x0002F500 if necessary
T1DA4 6746:130.071    -- Filling invalid ranges in sector buffer (flash cache) for sector @ 0x0002F600 if necessary
T1DA4 6746:130.077    -- Filling invalid ranges in sector buffer (flash cache) for sector @ 0x0002F700 if necessary
T1DA4 6746:130.082    -- Filling invalid ranges in sector buffer (flash cache) for sector @ 0x0002F800 if necessary
T1DA4 6746:130.088    -- Filling invalid ranges in sector buffer (flash cache) for sector @ 0x0002F900 if necessary
T1DA4 6746:130.094    -- Filling invalid ranges in sector buffer (flash cache) for sector @ 0x0002FA00 if necessary
T1DA4 6746:130.099    -- Filling invalid ranges in sector buffer (flash cache) for sector @ 0x0002FB00 if necessary
T1DA4 6746:130.105    -- Filling invalid ranges in sector buffer (flash cache) for sector @ 0x0002FC00 if necessary
T1DA4 6746:130.111    -- Filling invalid ranges in sector buffer (flash cache) for sector @ 0x0002FD00 if necessary
T1DA4 6746:130.116    -- Filling invalid ranges in sector buffer (flash cache) for sector @ 0x0002FE00 if necessary
T1DA4 6746:130.122    -- Filling invalid ranges in sector buffer (flash cache) for sector @ 0x0002FF00 if necessary
T1DA4 6746:130.128    -- Filling invalid ranges in sector buffer (flash cache) for sector @ 0x00030000 if necessary
T1DA4 6746:130.133    -- Filling invalid ranges in sector buffer (flash cache) for sector @ 0x00030100 if necessary
T1DA4 6746:130.139    -- Filling invalid ranges in sector buffer (flash cache) for sector @ 0x00030200 if necessary
T1DA4 6746:130.145    -- Filling invalid ranges in sector buffer (flash cache) for sector @ 0x00030300 if necessary
T1DA4 6746:130.150    -- Filling invalid ranges in sector buffer (flash cache) for sector @ 0x00030400 if necessary
T1DA4 6746:130.157    -- Filling invalid ranges in sector buffer (flash cache) for sector @ 0x00030500 if necessary
T1DA4 6746:130.163    -- Filling invalid ranges in sector buffer (flash cache) for sector @ 0x00030600 if necessary
T1DA4 6746:130.168    -- Filling invalid ranges in sector buffer (flash cache) for sector @ 0x00030700 if necessary
T1DA4 6746:130.174    -- Filling invalid ranges in sector buffer (flash cache) for sector @ 0x00030800 if necessary
T1DA4 6746:130.180    -- Filling invalid ranges in sector buffer (flash cache) for sector @ 0x00030900 if necessary
T1DA4 6746:130.185    -- Filling invalid ranges in sector buffer (flash cache) for sector @ 0x00030A00 if necessary
T1DA4 6746:130.191    -- Filling invalid ranges in sector buffer (flash cache) for sector @ 0x00030B00 if necessary
T1DA4 6746:130.196    -- Filling invalid ranges in sector buffer (flash cache) for sector @ 0x00030C00 if necessary
T1DA4 6746:130.202    -- Filling invalid ranges in sector buffer (flash cache) for sector @ 0x00030D00 if necessary
T1DA4 6746:130.208    -- Filling invalid ranges in sector buffer (flash cache) for sector @ 0x00030E00 if necessary
T1DA4 6746:130.213    -- Filling invalid ranges in sector buffer (flash cache) for sector @ 0x00030F00 if necessary
T1DA4 6746:130.219    -- Filling invalid ranges in sector buffer (flash cache) for sector @ 0x00031000 if necessary
T1DA4 6746:130.225    -- Filling invalid ranges in sector buffer (flash cache) for sector @ 0x00031100 if necessary
T1DA4 6746:130.230    -- Filling invalid ranges in sector buffer (flash cache) for sector @ 0x00031200 if necessary
T1DA4 6746:130.236    -- Filling invalid ranges in sector buffer (flash cache) for sector @ 0x00031300 if necessary
T1DA4 6746:130.242    -- Filling invalid ranges in sector buffer (flash cache) for sector @ 0x00031400 if necessary
T1DA4 6746:130.247    -- Filling invalid ranges in sector buffer (flash cache) for sector @ 0x00031500 if necessary
T1DA4 6746:130.253    -- Filling invalid ranges in sector buffer (flash cache) for sector @ 0x00031600 if necessary
T1DA4 6746:130.259    -- Filling invalid ranges in sector buffer (flash cache) for sector @ 0x00031700 if necessary
T1DA4 6746:130.265    -- Filling invalid ranges in sector buffer (flash cache) for sector @ 0x00031800 if necessary
T1DA4 6746:130.270    -- Filling invalid ranges in sector buffer (flash cache) for sector @ 0x00031900 if necessary
T1DA4 6746:130.276    -- Filling invalid ranges in sector buffer (flash cache) for sector @ 0x00031A00 if necessary
T1DA4 6746:130.282    -- Filling invalid ranges in sector buffer (flash cache) for sector @ 0x00031B00 if necessary
T1DA4 6746:130.288    -- Filling invalid ranges in sector buffer (flash cache) for sector @ 0x00031C00 if necessary
T1DA4 6746:130.294    -- Filling invalid ranges in sector buffer (flash cache) for sector @ 0x00031D00 if necessary
T1DA4 6746:130.301    -- Filling invalid ranges in sector buffer (flash cache) for sector @ 0x00031E00 if necessary
T1DA4 6746:130.307    -- Filling invalid ranges in sector buffer (flash cache) for sector @ 0x00031F00 if necessary
T1DA4 6746:130.313    -- Filling invalid ranges in sector buffer (flash cache) for sector @ 0x00032000 if necessary
T1DA4 6746:130.320    -- Filling invalid ranges in sector buffer (flash cache) for sector @ 0x00032100 if necessary
T1DA4 6746:130.326    -- Filling invalid ranges in sector buffer (flash cache) for sector @ 0x00032200 if necessary
T1DA4 6746:130.333    -- Filling invalid ranges in sector buffer (flash cache) for sector @ 0x00032300 if necessary
T1DA4 6746:130.339    -- Filling invalid ranges in sector buffer (flash cache) for sector @ 0x00032400 if necessary
T1DA4 6746:130.346    -- Filling invalid ranges in sector buffer (flash cache) for sector @ 0x00032500 if necessary
T1DA4 6746:130.352    -- Filling invalid ranges in sector buffer (flash cache) for sector @ 0x00032600 if necessary
T1DA4 6746:130.358    -- Filling invalid ranges in sector buffer (flash cache) for sector @ 0x00032700 if necessary
T1DA4 6746:130.366    -- Filling invalid ranges in sector buffer (flash cache) for sector @ 0x00032800 if necessary
T1DA4 6746:130.372    -- Filling invalid ranges in sector buffer (flash cache) for sector @ 0x00032900 if necessary
T1DA4 6746:130.378    -- Filling invalid ranges in sector buffer (flash cache) for sector @ 0x00032A00 if necessary
T1DA4 6746:130.385    -- Filling invalid ranges in sector buffer (flash cache) for sector @ 0x00032B00 if necessary
T1DA4 6746:130.391    -- Filling invalid ranges in sector buffer (flash cache) for sector @ 0x00032C00 if necessary
T1DA4 6746:130.398    -- Filling invalid ranges in sector buffer (flash cache) for sector @ 0x00032D00 if necessary
T1DA4 6746:130.404    -- Filling invalid ranges in sector buffer (flash cache) for sector @ 0x00032E00 if necessary
T1DA4 6746:130.410    -- Filling invalid ranges in sector buffer (flash cache) for sector @ 0x00032F00 if necessary
T1DA4 6746:130.417    -- Filling invalid ranges in sector buffer (flash cache) for sector @ 0x00033000 if necessary
T1DA4 6746:130.423    -- Filling invalid ranges in sector buffer (flash cache) for sector @ 0x00033100 if necessary
T1DA4 6746:130.430    -- Filling invalid ranges in sector buffer (flash cache) for sector @ 0x00033200 if necessary
T1DA4 6746:130.436    -- Filling invalid ranges in sector buffer (flash cache) for sector @ 0x00033300 if necessary
T1DA4 6746:130.442    -- Filling invalid ranges in sector buffer (flash cache) for sector @ 0x00033400 if necessary
T1DA4 6746:130.449    -- Filling invalid ranges in sector buffer (flash cache) for sector @ 0x00033500 if necessary
T1DA4 6746:130.455    -- Filling invalid ranges in sector buffer (flash cache) for sector @ 0x00033600 if necessary
T1DA4 6746:130.462    -- Filling invalid ranges in sector buffer (flash cache) for sector @ 0x00033700 if necessary
T1DA4 6746:130.468    -- Filling invalid ranges in sector buffer (flash cache) for sector @ 0x00033800 if necessary
T1DA4 6746:130.474    -- Filling invalid ranges in sector buffer (flash cache) for sector @ 0x00033900 if necessary
T1DA4 6746:130.481    -- Filling invalid ranges in sector buffer (flash cache) for sector @ 0x00033A00 if necessary
T1DA4 6746:130.487    -- Filling invalid ranges in sector buffer (flash cache) for sector @ 0x00033B00 if necessary
T1DA4 6746:130.493    -- Filling invalid ranges in sector buffer (flash cache) for sector @ 0x00033C00 if necessary
T1DA4 6746:130.500    -- Filling invalid ranges in sector buffer (flash cache) for sector @ 0x00033D00 if necessary
T1DA4 6746:130.506    -- Filling invalid ranges in sector buffer (flash cache) for sector @ 0x00033E00 if necessary
T1DA4 6746:130.512    -- Filling invalid ranges in sector buffer (flash cache) for sector @ 0x00033F00 if necessary
T1DA4 6746:130.519    -- Filling invalid ranges in sector buffer (flash cache) for sector @ 0x00034000 if necessary
T1DA4 6746:130.525    -- Filling invalid ranges in sector buffer (flash cache) for sector @ 0x00034100 if necessary
T1DA4 6746:130.532    -- Filling invalid ranges in sector buffer (flash cache) for sector @ 0x00034200 if necessary
T1DA4 6746:130.543    -- Filling invalid ranges in sector buffer (flash cache) for sector @ 0x00034300 if necessary
T1DA4 6746:130.550    -- Filling invalid ranges in sector buffer (flash cache) for sector @ 0x00034400 if necessary
T1DA4 6746:130.556    -- Filling invalid ranges in sector buffer (flash cache) for sector @ 0x00034500 if necessary
T1DA4 6746:130.563    -- Filling invalid ranges in sector buffer (flash cache) for sector @ 0x00034600 if necessary
T1DA4 6746:130.569    -- Filling invalid ranges in sector buffer (flash cache) for sector @ 0x00034700 if necessary
T1DA4 6746:130.576    -- Filling invalid ranges in sector buffer (flash cache) for sector @ 0x00034800 if necessary
T1DA4 6746:130.582    -- Filling invalid ranges in sector buffer (flash cache) for sector @ 0x00034900 if necessary
T1DA4 6746:130.590    -- Filling invalid ranges in sector buffer (flash cache) for sector @ 0x00034A00 if necessary
T1DA4 6746:130.596    -- Filling invalid ranges in sector buffer (flash cache) for sector @ 0x00034B00 if necessary
T1DA4 6746:130.602    -- Filling invalid ranges in sector buffer (flash cache) for sector @ 0x00034C00 if necessary
T1DA4 6746:130.608    -- Filling invalid ranges in sector buffer (flash cache) for sector @ 0x00034D00 if necessary
T1DA4 6746:130.613    -- Filling invalid ranges in sector buffer (flash cache) for sector @ 0x00034E00 if necessary
T1DA4 6746:130.619    -- Filling invalid ranges in sector buffer (flash cache) for sector @ 0x00034F00 if necessary
T1DA4 6746:130.625    -- Filling invalid ranges in sector buffer (flash cache) for sector @ 0x00035000 if necessary
T1DA4 6746:130.630    -- Filling invalid ranges in sector buffer (flash cache) for sector @ 0x00035100 if necessary
T1DA4 6746:130.636    -- Filling invalid ranges in sector buffer (flash cache) for sector @ 0x00035200 if necessary
T1DA4 6746:130.642    -- Filling invalid ranges in sector buffer (flash cache) for sector @ 0x00035300 if necessary
T1DA4 6746:130.647    -- Filling invalid ranges in sector buffer (flash cache) for sector @ 0x00035400 if necessary
T1DA4 6746:130.653    -- Filling invalid ranges in sector buffer (flash cache) for sector @ 0x00035500 if necessary
T1DA4 6746:130.659    -- Filling invalid ranges in sector buffer (flash cache) for sector @ 0x00035600 if necessary
T1DA4 6746:130.664    -- Filling invalid ranges in sector buffer (flash cache) for sector @ 0x00035700 if necessary
T1DA4 6746:130.670    -- Filling invalid ranges in sector buffer (flash cache) for sector @ 0x00035800 if necessary
T1DA4 6746:130.676    -- Filling invalid ranges in sector buffer (flash cache) for sector @ 0x00035900 if necessary
T1DA4 6746:130.681    -- Filling invalid ranges in sector buffer (flash cache) for sector @ 0x00035A00 if necessary
T1DA4 6746:130.687    -- Filling invalid ranges in sector buffer (flash cache) for sector @ 0x00035B00 if necessary
T1DA4 6746:130.693    -- Filling invalid ranges in sector buffer (flash cache) for sector @ 0x00035C00 if necessary
T1DA4 6746:130.699    -- Filling invalid ranges in sector buffer (flash cache) for sector @ 0x00035D00 if necessary
T1DA4 6746:130.704    -- Filling invalid ranges in sector buffer (flash cache) for sector @ 0x00035E00 if necessary
T1DA4 6746:130.710    -- Filling invalid ranges in sector buffer (flash cache) for sector @ 0x00035F00 if necessary
T1DA4 6746:130.716    -- Filling invalid ranges in sector buffer (flash cache) for sector @ 0x00036000 if necessary
T1DA4 6746:130.721    -- Filling invalid ranges in sector buffer (flash cache) for sector @ 0x00036100 if necessary
T1DA4 6746:130.727    -- Filling invalid ranges in sector buffer (flash cache) for sector @ 0x00036200 if necessary
T1DA4 6746:130.733    -- Filling invalid ranges in sector buffer (flash cache) for sector @ 0x00036300 if necessary
T1DA4 6746:130.738    -- Filling invalid ranges in sector buffer (flash cache) for sector @ 0x00036400 if necessary
T1DA4 6746:130.744    -- Filling invalid ranges in sector buffer (flash cache) for sector @ 0x00036500 if necessary
T1DA4 6746:130.750    -- Filling invalid ranges in sector buffer (flash cache) for sector @ 0x00036600 if necessary
T1DA4 6746:130.755    -- Filling invalid ranges in sector buffer (flash cache) for sector @ 0x00036700 if necessary
T1DA4 6746:130.761    -- Filling invalid ranges in sector buffer (flash cache) for sector @ 0x00036800 if necessary
T1DA4 6746:130.767    -- Filling invalid ranges in sector buffer (flash cache) for sector @ 0x00036900 if necessary
T1DA4 6746:130.772    -- Filling invalid ranges in sector buffer (flash cache) for sector @ 0x00036A00 if necessary
T1DA4 6746:130.778    -- Filling invalid ranges in sector buffer (flash cache) for sector @ 0x00036B00 if necessary
T1DA4 6746:130.784    -- Filling invalid ranges in sector buffer (flash cache) for sector @ 0x00036C00 if necessary
T1DA4 6746:130.789    -- Filling invalid ranges in sector buffer (flash cache) for sector @ 0x00036D00 if necessary
T1DA4 6746:130.796    -- Filling invalid ranges in sector buffer (flash cache) for sector @ 0x00036E00 if necessary
T1DA4 6746:130.802    -- Filling invalid ranges in sector buffer (flash cache) for sector @ 0x00036F00 if necessary
T1DA4 6746:130.807    -- Filling invalid ranges in sector buffer (flash cache) for sector @ 0x00037000 if necessary
T1DA4 6746:130.813    -- Filling invalid ranges in sector buffer (flash cache) for sector @ 0x00037100 if necessary
T1DA4 6746:130.819    -- Filling invalid ranges in sector buffer (flash cache) for sector @ 0x00037200 if necessary
T1DA4 6746:130.824    -- Filling invalid ranges in sector buffer (flash cache) for sector @ 0x00037300 if necessary
T1DA4 6746:130.830    -- Filling invalid ranges in sector buffer (flash cache) for sector @ 0x00037400 if necessary
T1DA4 6746:130.835    -- Filling invalid ranges in sector buffer (flash cache) for sector @ 0x00037500 if necessary
T1DA4 6746:130.841    -- Filling invalid ranges in sector buffer (flash cache) for sector @ 0x00037600 if necessary
T1DA4 6746:130.847    -- Filling invalid ranges in sector buffer (flash cache) for sector @ 0x00037700 if necessary
T1DA4 6746:130.852    -- Filling invalid ranges in sector buffer (flash cache) for sector @ 0x00037800 if necessary
T1DA4 6746:130.858    -- Filling invalid ranges in sector buffer (flash cache) for sector @ 0x00037900 if necessary
T1DA4 6746:130.864    -- Filling invalid ranges in sector buffer (flash cache) for sector @ 0x00037A00 if necessary
T1DA4 6746:130.869    -- Filling invalid ranges in sector buffer (flash cache) for sector @ 0x00037B00 if necessary
T1DA4 6746:130.875    -- Filling invalid ranges in sector buffer (flash cache) for sector @ 0x00037C00 if necessary
T1DA4 6746:130.881    -- Filling invalid ranges in sector buffer (flash cache) for sector @ 0x00037D00 if necessary
T1DA4 6746:130.886    -- Filling invalid ranges in sector buffer (flash cache) for sector @ 0x00037E00 if necessary
T1DA4 6746:130.892    -- Filling invalid ranges in sector buffer (flash cache) for sector @ 0x00037F00 if necessary
T1DA4 6746:130.898    -- Filling invalid ranges in sector buffer (flash cache) for sector @ 0x00038000 if necessary
T1DA4 6746:130.903    -- Filling invalid ranges in sector buffer (flash cache) for sector @ 0x00038100 if necessary
T1DA4 6746:130.909    -- Filling invalid ranges in sector buffer (flash cache) for sector @ 0x00038200 if necessary
T1DA4 6746:130.915    -- Filling invalid ranges in sector buffer (flash cache) for sector @ 0x00038300 if necessary
T1DA4 6746:130.920    -- Filling invalid ranges in sector buffer (flash cache) for sector @ 0x00038400 if necessary
T1DA4 6746:130.926    -- Filling invalid ranges in sector buffer (flash cache) for sector @ 0x00038500 if necessary
T1DA4 6746:130.932    -- Filling invalid ranges in sector buffer (flash cache) for sector @ 0x00038600 if necessary
T1DA4 6746:130.937    -- Filling invalid ranges in sector buffer (flash cache) for sector @ 0x00038700 if necessary
T1DA4 6746:130.943    -- Filling invalid ranges in sector buffer (flash cache) for sector @ 0x00038800 if necessary
T1DA4 6746:130.948    -- Filling invalid ranges in sector buffer (flash cache) for sector @ 0x00038900 if necessary
T1DA4 6746:130.954    -- Filling invalid ranges in sector buffer (flash cache) for sector @ 0x00038A00 if necessary
T1DA4 6746:130.960    -- Filling invalid ranges in sector buffer (flash cache) for sector @ 0x00038B00 if necessary
T1DA4 6746:130.965    -- Filling invalid ranges in sector buffer (flash cache) for sector @ 0x00038C00 if necessary
T1DA4 6746:130.971    -- Filling invalid ranges in sector buffer (flash cache) for sector @ 0x00038D00 if necessary
T1DA4 6746:130.977    -- Filling invalid ranges in sector buffer (flash cache) for sector @ 0x00038E00 if necessary
T1DA4 6746:130.982    -- Filling invalid ranges in sector buffer (flash cache) for sector @ 0x00038F00 if necessary
T1DA4 6746:130.988    -- Filling invalid ranges in sector buffer (flash cache) for sector @ 0x00039000 if necessary
T1DA4 6746:130.994    -- Filling invalid ranges in sector buffer (flash cache) for sector @ 0x00039100 if necessary
T1DA4 6746:131.000    -- Filling invalid ranges in sector buffer (flash cache) for sector @ 0x00039200 if necessary
T1DA4 6746:131.006    -- Filling invalid ranges in sector buffer (flash cache) for sector @ 0x00039300 if necessary
T1DA4 6746:131.016    -- Filling invalid ranges in sector buffer (flash cache) for sector @ 0x00039400 if necessary
T1DA4 6746:131.022    -- Filling invalid ranges in sector buffer (flash cache) for sector @ 0x00039500 if necessary
T1DA4 6746:131.028    -- Filling invalid ranges in sector buffer (flash cache) for sector @ 0x00039600 if necessary
T1DA4 6746:131.033    -- Filling invalid ranges in sector buffer (flash cache) for sector @ 0x00039700 if necessary
T1DA4 6746:131.039    -- Filling invalid ranges in sector buffer (flash cache) for sector @ 0x00039800 if necessary
T1DA4 6746:131.044    -- Filling invalid ranges in sector buffer (flash cache) for sector @ 0x00039900 if necessary
T1DA4 6746:131.050    -- Filling invalid ranges in sector buffer (flash cache) for sector @ 0x00039A00 if necessary
T1DA4 6746:131.056    -- Filling invalid ranges in sector buffer (flash cache) for sector @ 0x00039B00 if necessary
T1DA4 6746:131.061    -- Filling invalid ranges in sector buffer (flash cache) for sector @ 0x00039C00 if necessary
T1DA4 6746:131.067    -- Filling invalid ranges in sector buffer (flash cache) for sector @ 0x00039D00 if necessary
T1DA4 6746:131.073    -- Filling invalid ranges in sector buffer (flash cache) for sector @ 0x00039E00 if necessary
T1DA4 6746:131.078    -- Filling invalid ranges in sector buffer (flash cache) for sector @ 0x00039F00 if necessary
T1DA4 6746:131.084    -- Filling invalid ranges in sector buffer (flash cache) for sector @ 0x0003A000 if necessary
T1DA4 6746:131.094    -- End of determining dirty areas
T1DA4 6746:131.100    -- Start of preparing flash programming
T1DA4 6746:131.106    -- Calculating RAM usage
T1DA4 6746:131.116    -- RAM usage = 10052 Bytes
T1DA4 6746:131.122    -- Preserving CPU registers
T1DA4 6746:131.137    -- Preparing target
T1DA4 6746:131.142    -- Preserving target RAM temporarily used for programming
T1DA4 6746:184.471    -- Downloading RAMCode
T1DA4 6746:202.352    -- Preparing RAMCode
T1DA4 6746:209.544    -- End of preparing flash programming
T1DA4 6746:209.757   Looking for J-Link GUI Server exe at: C:\Program Files (x86)\Atmel\Studio\7.0\atbackend\JLinkGUIServer.exe
T1DA4 6746:209.848   Looking for J-Link GUI Server exe at: C:\Program Files (x86)\SEGGER\JLink\JLinkGUIServer.exe
T1DA4 6746:510.804   Failed to connect to J-Link GUI Server.
T1DA4 6746:519.833    -- CPU speed could not be measured.
T1DA4 6746:519.852    -- Start of comparing flash
T1DA4 6746:519.860    -- CRC check was estimated as fastest method
T1DA4 6746:519.872    -- Comparing range 0x12000 - 0x31FFF (512 Sectors, 128 KB), using multi-block CRC calculation
T1DA4 6746:570.408    -- CRC does not match for sectors 0-2, 12-15, 20-21, 23, 26-30, 32-42, 44-47, 49, 51-52, 54-511
T1DA4 6746:570.444    -- Comparing range 0x32000 - 0x3A0FF (129 Sectors, 32 KB), using multi-block CRC calculation
T1DA4 6746:584.053    -- CRC does not match for sectors 0-123
T1DA4 6746:584.077    -- Comparing range 0x12300 - 0x12BFF (9 Sectors, 2 KB), using alternative multi-block CRC calculation
T1DA4 6746:587.219    -- All CRCs match
T1DA4 6746:587.240    -- Comparing range 0x13000 - 0x133FF (4 Sectors, 1024 Bytes), using alternative multi-block CRC calculation
T1DA4 6746:589.507    -- All CRCs match
T1DA4 6746:589.530    -- Comparing range 0x13600 - 0x136FF (1 Sector, 256 Bytes), using alternative multi-block CRC calculation
T1DA4 6746:591.201    -- All CRCs match
T1DA4 6746:591.222    -- Comparing range 0x13800 - 0x139FF (2 Sectors, 512 Bytes), using alternative multi-block CRC calculation
T1DA4 6746:593.284    -- All CRCs match
T1DA4 6746:593.308    -- Comparing range 0x13F00 - 0x13FFF (1 Sector, 256 Bytes), using alternative multi-block CRC calculation
T1DA4 6746:595.620    -- All CRCs match
T1DA4 6746:595.642    -- Comparing range 0x14B00 - 0x14BFF (1 Sector, 256 Bytes), using alternative multi-block CRC calculation
T1DA4 6746:597.108    -- All CRCs match
T1DA4 6746:597.124    -- Comparing range 0x15000 - 0x150FF (1 Sector, 256 Bytes), using alternative multi-block CRC calculation
T1DA4 6746:598.646    -- All CRCs match
T1DA4 6746:598.660    -- Comparing range 0x15200 - 0x152FF (1 Sector, 256 Bytes), using alternative multi-block CRC calculation
T1DA4 6746:600.244    -- All CRCs match
T1DA4 6746:600.252    -- Comparing range 0x15500 - 0x155FF (1 Sector, 256 Bytes), using alternative multi-block CRC calculation
T1DA4 6746:601.786    -- All CRCs match
T1DA4 6746:601.800    -- Comparing range 0x39C00 - 0x3A0FF (5 Sectors, 1 KB), using alternative multi-block CRC calculation
T1DA4 6746:604.185    -- All CRCs match
T1DA4 6746:604.197    -- End of comparing flash
T1DA4 6746:604.204    -- Start of erasing sectors
T1DA4 6746:604.212    -- Erasing range 0x00012000 - 0x000122FF (  3 Sectors, 768 Bytes)
T1DA4 6746:607.777    -- Erasing range 0x00012C00 - 0x00012FFF (  4 Sectors, 1024 Bytes)
T1DA4 6746:612.371    -- Erasing range 0x00013400 - 0x000135FF (  2 Sectors, 512 Bytes)
T1DA4 6746:614.789    -- Erasing range 0x00013700 - 0x000137FF (  1 Sector, 256 Bytes)
T1DA4 6746:616.685    -- Erasing range 0x00013A00 - 0x00013EFF (  5 Sectors, 1 KB)
T1DA4 6746:622.120    -- Erasing range 0x00014000 - 0x00014AFF ( 11 Sectors, 2 KB)
T1DA4 6746:632.613    -- Erasing range 0x00014C00 - 0x00014FFF (  4 Sectors, 1024 Bytes)
T1DA4 6746:636.828    -- Erasing range 0x00015100 - 0x000151FF (  1 Sector, 256 Bytes)
T1DA4 6746:638.736    -- Erasing range 0x00015300 - 0x000154FF (  2 Sectors, 512 Bytes)
T1DA4 6746:641.489    -- Erasing range 0x00015600 - 0x000355FF (512 Sectors, 128 KB)
T1DA4 6747:074.491    -- Erasing range 0x00035600 - 0x00039BFF ( 70 Sectors, 17 KB)
T1DA4 6747:134.837    -- End of erasing sectors
T1DA4 6747:134.863    -- Start of flash programming
T1DA4 6747:134.871    -- Programming range 0x00012000 - 0x000122FF (  3 Sectors, 768 Bytes)
T1DA4 6747:134.892    -- Programming range 0x00012C00 - 0x00012FFF (  4 Sectors, 1024 Bytes)
T1DA4 6747:134.904    -- Programming range 0x00013400 - 0x000135FF (  2 Sectors, 512 Bytes)
T1DA4 6747:145.836    -- Programming range 0x00013700 - 0x000137FF (  1 Sector, 256 Bytes)
T1DA4 6747:150.209    -- Programming range 0x00013A00 - 0x00013EFF (  5 Sectors, 1 KB)
T1DA4 6747:152.842    -- Programming range 0x00014000 - 0x00014AFF ( 11 Sectors, 2 KB)
T1DA4 6747:160.474    -- Programming range 0x00014C00 - 0x00014FFF (  4 Sectors, 1024 Bytes)
T1DA4 6747:175.631    -- Programming range 0x00015100 - 0x000151FF (  1 Sector, 256 Bytes)
T1DA4 6747:187.110    -- Programming range 0x00015300 - 0x000154FF (  2 Sectors, 512 Bytes)
T1DA4 6747:191.305    -- Programming range 0x00015600 - 0x0001D5FF (128 Sectors, 32 KB)
T1DA4 6747:345.301    -- Programming range 0x0001D600 - 0x000255FF (128 Sectors, 32 KB)
T1DA4 6747:517.453    -- Programming range 0x00025600 - 0x0002D5FF (128 Sectors, 32 KB)
T1DA4 6747:688.918    -- Programming range 0x0002D600 - 0x000355FF (128 Sectors, 32 KB)
T1DA4 6747:861.138    -- Programming range 0x00035600 - 0x00039BFF ( 70 Sectors, 17 KB)
T1DA4 6747:969.079    -- End of flash programming
T1DA4 6747:969.105    -- 0x12000 - 0x122FF (  3 Sectors, 768 Bytes)
T1DA4 6747:969.110    -- 0x12C00 - 0x12FFF (  4 Sectors, 1024 Bytes)
T1DA4 6747:969.115    -- 0x13400 - 0x135FF (  2 Sectors, 512 Bytes)
T1DA4 6747:969.121    -- 0x13700 - 0x137FF (  1 Sector, 256 Bytes)
T1DA4 6747:969.126    -- 0x13A00 - 0x13EFF (  5 Sectors, 1 KiB)
T1DA4 6747:969.131    -- 0x14000 - 0x14AFF ( 11 Sectors, 2 KiB)
T1DA4 6747:969.136    -- 0x14C00 - 0x14FFF (  4 Sectors, 1024 Bytes)
T1DA4 6747:969.141    -- 0x15100 - 0x151FF (  1 Sector, 256 Bytes)
T1DA4 6747:969.146    -- 0x15300 - 0x154FF (  2 Sectors, 512 Bytes)
T1DA4 6747:969.157    -- 0x15600 - 0x39BFF (582 Sectors, 145 KiB)
T1DA4 6747:969.163    -- Start of restoring
T1DA4 6747:969.168    -- Restoring RAMCode
T1DA4 6747:994.891    -- Restoring target memory
T1DA4 6748:044.514    -- Restore target
T1DA4 6748:044.531    -- Restoring CPU registers
T1DA4 6748:044.545    -- End of restoring
T1DA4 6748:044.657    -- Bank 0 @ 0x00000000: 10 ranges affected (157440 bytes)
T1DA4 6748:044.681    -- Total: 1.913s (Prepare: 0.388s, Compare: 0.084s, Erase: 0.530s, Program & Verify: 0.856s, Restore: 0.052s)
T1DA4 6748:044.710    -- Program & Verify speed: 179 KB/s
T1DA4 6748:046.615 - 1921.538ms returns 157440 (0x26700)
T1DA4 6748:046.674 JLINK_ResetPullsRESET(ON)
T1DA4 6748:046.679 - 0.007ms
T1DA4 6748:046.684 JLINK_ResetNoHalt()
T1DA4 6748:047.031   InitTarget() start
T1DA4 6748:047.047    J-Link Script File: Executing InitTarget()
T1DA4 6748:047.071   InitTarget()
T1DA4 6748:052.298   InitTarget() end - Took 5.21ms
T1DA4 6748:053.444   Found SW-DP with ID 0x0BC11477
T1DA4 6748:056.730   DPIDR: 0x0BC11477
T1DA4 6748:056.752   CoreSight SoC-400 or earlier
T1DA4 6748:056.765   AP map detection skipped. Manually configured AP map found.
T1DA4 6748:056.777   AP[0]: AHB-AP (IDR: Not set)
T1DA4 6748:057.738   AP[0]: Core found
T1DA4 6748:057.759   AP[0]: AHB-AP ROM base: 0x41003000
T1DA4 6748:058.248   CPUID register: 0x410CC601. Implementer code: 0x41 (ARM)
T1DA4 6748:058.264   Found Cortex-M0 r0p1, Little endian.
T1DA4 6748:058.505   -- Max. mem block: 0x00002860
T1DA4 6748:058.530   CPU_ReadMem(4 bytes @ 0xE000EDF0)
T1DA4 6748:059.070   CPU_ReadMem(4 bytes @ 0xE0002000)
T1DA4 6748:059.464   FPUnit: 4 code (BP) slots and 0 literal slots
T1DA4 6748:059.482   CPU_ReadMem(4 bytes @ 0xE000EDFC)
T1DA4 6748:059.921   CPU_ReadMem(4 bytes @ 0xE0001000)
T1DA4 6748:060.400   CoreSight components:
T1DA4 6748:060.420   ROMTbl[0] @ 41003000
T1DA4 6748:060.428   CPU_ReadMem(64 bytes @ 0x41003000)
T1DA4 6748:061.288   CPU_ReadMem(32 bytes @ 0xE00FFFE0)
T1DA4 6748:061.985   [0][0]: E00FF000 CID B105100D PID 000BB4C0 ROM Table
T1DA4 6748:062.002   ROMTbl[1] @ E00FF000
T1DA4 6748:062.011   CPU_ReadMem(64 bytes @ 0xE00FF000)
T1DA4 6748:062.991   CPU_ReadMem(32 bytes @ 0xE000EFE0)
T1DA4 6748:063.611   [1][0]: E000E000 CID B105E00D PID 000BB008 SCS
T1DA4 6748:063.628   CPU_ReadMem(32 bytes @ 0xE0001FE0)
T1DA4 6748:064.201   [1][1]: E0001000 CID B105E00D PID 000BB00A DWT
T1DA4 6748:064.210   CPU_ReadMem(32 bytes @ 0xE0002FE0)
T1DA4 6748:064.902   [1][2]: E0002000 CID B105E00D PID 000BB00B FPB
T1DA4 6748:064.920   CPU_ReadMem(32 bytes @ 0x41006FE0)
T1DA4 6748:065.479   [0][1]: 41006000 CID B105900D PID 001BB932 MTB-M0+
T1DA4 6748:065.555   JLINK_Reset()
T1DA4 6748:065.568     CPU_ReadMem(4 bytes @ 0x20000000)
T1DA4 6748:065.910     CPU_WriteMem(4 bytes @ 0x20000000)
T1DA4 6748:066.612     ResetTarget() start
T1DA4 6748:066.627      J-Link Script File: Executing ResetTarget()
T1DA4 6748:067.057     CPU_ReadMem(4 bytes @ 0xE000EDFC)
T1DA4 6748:067.515     CPU_WriteMem(4 bytes @ 0xE000EDFC)
T1DA4 6748:068.043     CPU_WriteMem(4 bytes @ 0xE000ED0C)
T1DA4 6748:070.387     CPU_ReadMem(4 bytes @ 0xE000EDF0)
T1DA4 6748:070.819     CPU_ReadMem(4 bytes @ 0x41002100)
T1DA4 6748:071.379     CPU_WriteMem(4 bytes @ 0xE000EDFC)
T1DA4 6748:071.803     ResetTarget() end - Took 5.12ms
T1DA4 6748:075.317     CPU_WriteMem(4 bytes @ 0xE0002000)
T1DA4 6748:075.797     CPU_ReadMem(4 bytes @ 0xE000EDFC)
T1DA4 6748:076.212     CPU_ReadMem(4 bytes @ 0xE0001000)
T1DA4 6748:076.578     CPU_WriteMem(4 bytes @ 0xE0001000)
T1DA4 6748:076.926   - 11.377ms
T1DA4 6748:076.939   JLINK_Go()
T1DA4 6748:076.951     CPU_ReadMem(4 bytes @ 0xE0001000)
T1DA4 6748:077.320     CPU_WriteMem(4 bytes @ 0xE0001000)
T1DA4 6748:077.727     CPU_WriteMem(4 bytes @ 0xE0001004)
T1DA4 6748:078.636   - 1.701ms
T1DA4 6748:078.644 - 31.962ms
T1DA4 6748:080.937 JLINK_Close()
T1DA4 6748:096.969 - 16.052ms
T1DA4 6748:096.993   
T1DA4 6748:096.998   Closed
